#
# A fatal error has been detected by the Java Runtime Environment:
#
#  SIGSEGV (0xb) at pc=0x00007f4f2892a43b, pid=5422, tid=5423
#
# JRE version: OpenJDK Runtime Environment (11.0.7+10) (build 11.0.7+10-post-Ubuntu-2ubuntu218.04)
# Java VM: OpenJDK 64-Bit Server VM (11.0.7+10-post-Ubuntu-2ubuntu218.04, mixed mode, sharing, tiered, compressed oops, serial gc, linux-amd64)
# Problematic frame:
# j  Main.main([Ljava/lang/String;)V+51
#
# Core dump will be written. Default location: Core dumps may be processed with "/usr/share/apport/apport %p %s %c %d %P %E" (or dumping to /home/pd2/Desktop/Compiler_StudentID_HW3/core.5422)
#
# If you would like to submit a bug report, please visit:
#   https://bugs.launchpad.net/ubuntu/+source/openjdk-lts
#

---------------  S U M M A R Y ------------

Command Line: -Xverify:none Main

Host: Intel(R) Core(TM) i7-9700F CPU @ 3.00GHz, 1 cores, 15G, Ubuntu 18.04.4 LTS
Time: Thu Jun 11 17:36:23 2020 CST elapsed time: 0 seconds (0d 0h 0m 0s)

---------------  T H R E A D  ---------------

Current thread (0x00007f4f40015800):  JavaThread "main" [_thread_in_Java, id=5423, stack(0x00007f4f484a0000,0x00007f4f485a1000)]

Stack: [0x00007f4f484a0000,0x00007f4f485a1000],  sp=0x00007f4f4859f680,  free space=1021k
Native frames: (J=compiled Java code, A=aot compiled Java code, j=interpreted, Vv=VM code, C=native code)
j  Main.main([Ljava/lang/String;)V+51
v  ~StubRoutines::call_stub
V  [libjvm.so+0x84e319]
V  [libjvm.so+0x8ca02d]
V  [libjvm.so+0x8cc4fe]
C  [libjli.so+0x5856]
C  [libjli.so+0x92cd]


siginfo: si_signo: 11 (SIGSEGV), si_code: 1 (SEGV_MAPERR), si_addr: 0x000000081d900310

Register to memory mapping:

RAX=0x000000081d9000a8 is an unknown value
RBX=0x0000000000000013 is an unknown value
RCX=0x00007f4f27d3a2fb is pointing into metadata
RDX=0x0000000090000002 is an unknown value
RSP=0x00007f4f4859f680 is pointing into the stack for thread: 0x00007f4f40015800
RBP=0x00007f4f4859f6d0 is pointing into the stack for thread: 0x00007f4f40015800
RSI=0x00007f4f4859f618 is pointing into the stack for thread: 0x00007f4f40015800
RDI=0x00007f4f28916cb3 is at code_begin+2355 in an Interpreter codelet
invoke return entry points  [0x00007f4f28916380, 0x00007f4f28916da0]  2592 bytes
R8 =0x0 is NULL
R9 =0x0000000705c0ede0 points into unknown readable memory: 01 00 00 00 00 00 00 00
R10=0x00007f4f4773ddc0: <offset 0x0000000001416dc0> in /usr/lib/jvm/java-11-openjdk-amd64/lib/server/libjvm.so at 0x00007f4f46327000
R11=0x00007f4f4859f1c8 is pointing into the stack for thread: 0x00007f4f40015800
R12=0x0 is NULL
R13=0x00007f4f27d3a2fb is pointing into metadata
R14=0x0 is NULL
R15=0x00007f4f40015800 is a thread


Registers:
RAX=0x000000081d9000a8, RBX=0x0000000000000013, RCX=0x00007f4f27d3a2fb, RDX=0x0000000090000002
RSP=0x00007f4f4859f680, RBP=0x00007f4f4859f6d0, RSI=0x00007f4f4859f618, RDI=0x00007f4f28916cb3
R8 =0x0000000000000000, R9 =0x0000000705c0ede0, R10=0x00007f4f4773ddc0, R11=0x00007f4f4859f1c8
R12=0x0000000000000000, R13=0x00007f4f27d3a2fb, R14=0x0000000000000000, R15=0x00007f4f40015800
RIP=0x00007f4f2892a43b, EFLAGS=0x0000000000010246, CSGSFS=0x002b000000000033, ERR=0x0000000000000004
  TRAPNO=0x000000000000000e

Top of Stack: (sp=0x00007f4f4859f680)
0x00007f4f4859f680:   00007f4f28916cb3 0000000027d3a2ea
0x00007f4f4859f690:   00007f4f27d3a2fb 00007f4f4859f9f8
0x00007f4f4859f6a0:   00007f4f27d3a490 0000000000000000
0x00007f4f4859f6b0:   0000000705c947a8 00007f4f27d3a438 

Instructions: (pc=0x00007f4f2892a43b)
0x00007f4f2892a33b:   81 78 08 01 00 00 00 74 17 4c 33 68 08 49 f7 c5
0x00007f4f2892a34b:   fc ff ff ff 74 0e 48 81 48 08 02 00 00 00 eb 04
0x00007f4f2892a35b:   4c 89 68 08 48 83 c0 10 4c 8b 68 d8 41 83 ed 04
0x00007f4f2892a36b:   41 c1 e5 03 49 03 c5 48 89 45 d8 4c 8d 6c 24 08
0x00007f4f2892a37b:   4c 89 6d f0 ff 63 48 8b 41 08 48 c1 e0 03 49 bc
0x00007f4f2892a38b:   00 00 00 00 08 00 00 00 49 03 c4 4d 33 e4 4c 8b
0x00007f4f2892a39b:   75 d8 4d 85 f6 0f 84 95 00 00 00 49 8b 56 18 48
0x00007f4f2892a3ab:   3b d0 0f 85 0f 00 00 00 49 83 46 20 01 49 83 5e
0x00007f4f2892a3bb:   20 00 e9 71 00 00 00 48 85 d2 0f 84 42 00 00 00
0x00007f4f2892a3cb:   49 8b 56 28 48 3b d0 0f 85 0f 00 00 00 49 83 46
0x00007f4f2892a3db:   30 01 49 83 5e 30 00 e9 4c 00 00 00 48 85 d2 74
0x00007f4f2892a3eb:   0f 49 83 46 08 01 49 83 5e 08 00 e9 38 00 00 00
0x00007f4f2892a3fb:   49 89 46 28 ba 01 00 00 00 49 89 56 30 e9 26 00
0x00007f4f2892a40b:   00 00 49 3b 46 28 0f 85 0f 00 00 00 49 83 46 30
0x00007f4f2892a41b:   01 49 83 5e 30 00 e9 0d 00 00 00 49 89 46 18 ba
0x00007f4f2892a42b:   01 00 00 00 49 89 56 20 49 83 c6 38 4c 89 75 d8
0x00007f4f2892a43b:   48 8b 9c d8 d0 01 00 00 48 8b 55 d8 48 85 d2 0f
0x00007f4f2892a44b:   84 4f 01 00 00 80 7a c8 0b 0f 85 45 01 00 00 48
0x00007f4f2892a45b:   83 c2 08 4c 8b 6a f8 41 83 ed 00 41 83 fd 02 0f
0x00007f4f2892a46b:   8c 24 01 00 00 4c 8b 6b 08 45 0f b7 6d 34 4c 2b
0x00007f4f2892a47b:   2a 41 83 ed 01 4e 8b 6c ec 08 4d 85 ed 75 0a 48
0x00007f4f2892a48b:   81 4a 08 01 00 00 00 eb 5d 45 8b 6d 08 49 c1 e5
0x00007f4f2892a49b:   03 49 bc 00 00 00 00 08 00 00 00 4d 03 ec 4d 33
0x00007f4f2892a4ab:   e4 4c 33 6a 08 49 f7 c5 fc ff ff ff 74 38 49 f7
0x00007f4f2892a4bb:   c5 02 00 00 00 75 2f 48 81 7a 08 00 00 00 00 74
0x00007f4f2892a4cb:   21 48 81 7a 08 01 00 00 00 74 17 4c 33 6a 08 49
0x00007f4f2892a4db:   f7 c5 fc ff ff ff 74 0e 48 81 4a 08 02 00 00 00
0x00007f4f2892a4eb:   eb 04 4c 89 6a 08 48 83 c2 10 4c 8b 6a e8 41 83
0x00007f4f2892a4fb:   ed 02 41 83 fd 02 0f 8c 8d 00 00 00 4c 8b 6b 08
0x00007f4f2892a50b:   45 0f b7 6d 34 4c 2b 2a 41 83 ed 01 4e 8b 6c ec
0x00007f4f2892a51b:   08 4d 85 ed 75 0a 48 81 4a 08 01 00 00 00 eb 5d
0x00007f4f2892a52b:   45 8b 6d 08 49 c1 e5 03 49 bc 00 00 00 00 08 00 


Stack slot to memory mapping:
stack at sp + 0 slots: 0x00007f4f28916cb3 is at code_begin+2355 in an Interpreter codelet
invoke return entry points  [0x00007f4f28916380, 0x00007f4f28916da0]  2592 bytes
stack at sp + 1 slots: 0x0000000027d3a2ea is an unknown value
stack at sp + 2 slots: 0x00007f4f27d3a2fb is pointing into metadata
stack at sp + 3 slots: 0x00007f4f4859f9f8 is pointing into the stack for thread: 0x00007f4f40015800
stack at sp + 4 slots: 0x00007f4f27d3a490 is pointing into metadata
stack at sp + 5 slots: 0x0 is NULL
stack at sp + 6 slots: 0x0000000705c947a8 points into unknown readable memory: 01 a8 c3 51 54 00 00 00
stack at sp + 7 slots: {method} {0x00007f4f27d3a438} 'main' '([Ljava/lang/String;)V' in 'Main'

invokevirtual  182 invokevirtual  [0x00007f4f2892a0a0, 0x00007f4f2892a5c0]  1312 bytes

---------------  P R O C E S S  ---------------

Threads class SMR info:
_java_thread_list=0x00007f4f400a59e0, length=9, elements={
0x00007f4f40015800, 0x00007f4f40051000, 0x00007f4f40053000, 0x00007f4f4005a000,
0x00007f4f4005c800, 0x00007f4f4005e800, 0x00007f4f40060800, 0x00007f4f4009b000,
0x00007f4f400a4000
}

Java Threads: ( => current thread )
=>0x00007f4f40015800 JavaThread "main" [_thread_in_Java, id=5423, stack(0x00007f4f484a0000,0x00007f4f485a1000)]
  0x00007f4f40051000 JavaThread "Reference Handler" daemon [_thread_blocked, id=5425, stack(0x00007f4f276b6000,0x00007f4f277b7000)]
  0x00007f4f40053000 JavaThread "Finalizer" daemon [_thread_blocked, id=5426, stack(0x00007f4f275b5000,0x00007f4f276b6000)]
  0x00007f4f4005a000 JavaThread "Signal Dispatcher" daemon [_thread_blocked, id=5427, stack(0x00007f4f26a9d000,0x00007f4f26b9e000)]
  0x00007f4f4005c800 JavaThread "C2 CompilerThread0" daemon [_thread_blocked, id=5428, stack(0x00007f4f2699c000,0x00007f4f26a9d000)]
  0x00007f4f4005e800 JavaThread "C1 CompilerThread0" daemon [_thread_blocked, id=5429, stack(0x00007f4f2689b000,0x00007f4f2699c000)]
  0x00007f4f40060800 JavaThread "Sweeper thread" daemon [_thread_blocked, id=5430, stack(0x00007f4f2679a000,0x00007f4f2689b000)]
  0x00007f4f4009b000 JavaThread "Service Thread" daemon [_thread_blocked, id=5431, stack(0x00007f4f26699000,0x00007f4f2679a000)]
  0x00007f4f400a4000 JavaThread "Common-Cleaner" daemon [_thread_new, id=5433, stack(0x00007f4f26496000,0x00007f4f26597000)]

Other Threads:
  0x00007f4f4004e000 VMThread "VM Thread" [stack: 0x00007f4f277b9000,0x00007f4f278b9000] [id=5424]
  0x00007f4f4009d800 WatcherThread [stack: 0x00007f4f26599000,0x00007f4f26699000] [id=5432]

Threads with active compile tasks:

VM state:not at safepoint (normal execution)

VM Mutex/Monitor currently owned by a thread: None

Heap address: 0x0000000705c00000, size: 4004 MB, Compressed Oops mode: Zero based, Oop shift amount: 3
Narrow klass base: 0x0000000800000000, Narrow klass shift: 3
Compressed class space size: 1073741824 Address: 0x0000000840000000

Heap:
 def new generation   total 77440K, used 2754K [0x0000000705c00000, 0x000000070b000000, 0x00000007592a0000)
  eden space 68864K,   4% used [0x0000000705c00000, 0x0000000705eb0a58, 0x0000000709f40000)
  from space 8576K,   0% used [0x0000000709f40000, 0x0000000709f40000, 0x000000070a7a0000)
  to   space 8576K,   0% used [0x000000070a7a0000, 0x000000070a7a0000, 0x000000070b000000)
 tenured generation   total 172032K, used 0K [0x00000007592a0000, 0x0000000763aa0000, 0x0000000800000000)
   the space 172032K,   0% used [0x00000007592a0000, 0x00000007592a0000, 0x00000007592a0200, 0x0000000763aa0000)
 Metaspace       used 182K, capacity 4486K, committed 4864K, reserved 1056768K
  class space    used 5K, capacity 386K, committed 512K, reserved 1048576K

Card table byte_map: [0x00007f4f2813a000,0x00007f4f2890d000] _byte_map_base: 0x00007f4f2490c000

Polling page: 0x00007f4f485b5000

Metaspace:

Usage:
  Non-class:      4.00 MB capacity,   176.50 KB (  4%) used,     3.83 MB ( 96%) free+waste,   128 bytes ( <1%) overhead. 
      Class:    386.00 KB capacity,     5.67 KB (  1%) used,   380.20 KB ( 98%) free+waste,   128 bytes ( <1%) overhead. 
       Both:      4.38 MB capacity,   182.17 KB (  4%) used,     4.20 MB ( 96%) free+waste,   256 bytes ( <1%) overhead. 

Virtual space:
  Non-class space:        8.00 MB reserved,       4.25 MB ( 53%) committed 
      Class space:        1.00 GB reserved,     512.00 KB ( <1%) committed 
             Both:        1.01 GB reserved,       4.75 MB ( <1%) committed 

Chunk freelists:
   Non-Class:  0 bytes
       Class:  0 bytes
        Both:  0 bytes

MaxMetaspaceSize: unlimited
CompressedClassSpaceSize: 1.00 GB

CodeHeap 'non-profiled nmethods': size=120036Kb used=19Kb max_used=19Kb free=120016Kb
 bounds [0x00007f4f303d4000, 0x00007f4f30644000, 0x00007f4f3790d000]
CodeHeap 'profiled nmethods': size=120032Kb used=109Kb max_used=109Kb free=119922Kb
 bounds [0x00007f4f28e9c000, 0x00007f4f2910c000, 0x00007f4f303d4000]
CodeHeap 'non-nmethods': size=5692Kb used=987Kb max_used=996Kb free=4704Kb
 bounds [0x00007f4f2890d000, 0x00007f4f28b7d000, 0x00007f4f28e9c000]
 total_blobs=372 nmethods=77 adapters=155
 compilation: enabled
              stopped_count=0, restarted_count=0
 full_count=0

Compilation events (20 events):
Event: 0.032 Thread 0x00007f4f4005e800   67       3       jdk.internal.module.ModuleBootstrap$2::next (52 bytes)
Event: 0.033 Thread 0x00007f4f4005e800 nmethod 67 0x00007f4f28eb3790 code [0x00007f4f28eb39a0, 0x00007f4f28eb3f88]
Event: 0.033 Thread 0x00007f4f4005e800   68       3       java.util.HashMap::putIfAbsent (13 bytes)
Event: 0.033 Thread 0x00007f4f4005e800 nmethod 68 0x00007f4f28eb4110 code [0x00007f4f28eb42e0, 0x00007f4f28eb4658]
Event: 0.033 Thread 0x00007f4f4005c800   70       4       java.util.ImmutableCollections$SetN$SetNIterator::nextIndex (56 bytes)
Event: 0.033 Thread 0x00007f4f4005c800 nmethod 70 0x00007f4f303d8490 code [0x00007f4f303d8620, 0x00007f4f303d86d8]
Event: 0.034 Thread 0x00007f4f4005c800   71       4       java.util.HashMap::afterNodeInsertion (1 bytes)
Event: 0.034 Thread 0x00007f4f4005c800 nmethod 71 0x00007f4f303d8790 code [0x00007f4f303d8920, 0x00007f4f303d8998]
Event: 0.034 Thread 0x00007f4f4005e800   72       3       java.util.HashMap::resize (356 bytes)
Event: 0.034 Thread 0x00007f4f4005e800 nmethod 72 0x00007f4f28eb4790 code [0x00007f4f28eb4a40, 0x00007f4f28eb5e08]
Event: 0.034 Thread 0x00007f4f4005e800   73       1       java.lang.Module::getDescriptor (5 bytes)
Event: 0.034 Thread 0x00007f4f4005e800 nmethod 73 0x00007f4f303d8a10 code [0x00007f4f303d8bc0, 0x00007f4f303d8cf0]
Event: 0.037 Thread 0x00007f4f4005e800   74       3       java.lang.String::charAt (25 bytes)
Event: 0.037 Thread 0x00007f4f4005e800 nmethod 74 0x00007f4f28eb6210 code [0x00007f4f28eb6400, 0x00007f4f28eb6838]
Event: 0.037 Thread 0x00007f4f4005e800   75       3       java.lang.StringLatin1::charAt (28 bytes)
Event: 0.038 Thread 0x00007f4f4005e800 nmethod 75 0x00007f4f28eb6990 code [0x00007f4f28eb6b60, 0x00007f4f28eb6da8]
Event: 0.038 Thread 0x00007f4f4005e800   76       3       java.lang.StringLatin1::canEncode (13 bytes)
Event: 0.038 Thread 0x00007f4f4005e800 nmethod 76 0x00007f4f28eb6e90 code [0x00007f4f28eb7040, 0x00007f4f28eb71d0]
Event: 0.038 Thread 0x00007f4f4005e800   77       3       java.lang.CharacterDataLatin1::getProperties (11 bytes)
Event: 0.038 Thread 0x00007f4f4005e800 nmethod 77 0x00007f4f28eb7290 code [0x00007f4f28eb7440, 0x00007f4f28eb75f0]

GC Heap History (0 events):
No events

Deoptimization events (4 events):
Event: 0.037 Thread 0x00007f4f40015800 Uncommon trap: trap_request=0xffffff4d fr.pc=0x00007f4f303d7b54 relative=0x00000000000001b4
Event: 0.037 Thread 0x00007f4f40015800 Uncommon trap: reason=unstable_if action=reinterpret pc=0x00007f4f303d7b54 method=java.lang.String.hashCode()I @ 14 c2
Event: 0.037 Thread 0x00007f4f40015800 DEOPT PACKING pc=0x00007f4f303d7b54 sp=0x00007f4f4859e1b0
Event: 0.037 Thread 0x00007f4f40015800 DEOPT UNPACKING pc=0x00007f4f289353a5 sp=0x00007f4f4859e168 mode 2

Classes redefined (0 events):
No events

Internal exceptions (0 events):
No events

Events (20 events):
Event: 0.010 Protecting memory [0x00007f4f26a9d000,0x00007f4f26aa1000] with protection modes 0
Event: 0.010 Thread 0x00007f4f4005c800 Thread added: 0x00007f4f4005c800
Event: 0.010 Protecting memory [0x00007f4f2699c000,0x00007f4f269a0000] with protection modes 0
Event: 0.012 Thread 0x00007f4f4005e800 Thread added: 0x00007f4f4005e800
Event: 0.012 Protecting memory [0x00007f4f2689b000,0x00007f4f2689f000] with protection modes 0
Event: 0.012 Thread 0x00007f4f40060800 Thread added: 0x00007f4f40060800
Event: 0.018 Protecting memory [0x00007f4f2679a000,0x00007f4f2679e000] with protection modes 0
Event: 0.034 Thread 0x00007f4f4009b000 Thread added: 0x00007f4f4009b000
Event: 0.034 Executing VM operation: EnableBiasedLocking
Event: 0.035 Protecting memory [0x00007f4f26699000,0x00007f4f2669d000] with protection modes 0
Event: 0.036 Executing VM operation: EnableBiasedLocking done
Event: 0.036 loading class jdk/internal/vm/PostVMInitHook
Event: 0.036 loading class jdk/internal/vm/PostVMInitHook done
Event: 0.036 loading class Main
Event: 0.036 loading class Main done
Event: 0.037 loading class jdk/internal/loader/URLClassPath$FileLoader
Event: 0.037 loading class jdk/internal/loader/URLClassPath$FileLoader done
Event: 0.037 loading class jdk/internal/loader/URLClassPath$FileLoader$1
Event: 0.037 loading class jdk/internal/loader/URLClassPath$FileLoader$1 done
Event: 0.038 Thread 0x00007f4f400a4000 Thread added: 0x00007f4f400a4000


Dynamic libraries:
705c00000-70b000000 rw-p 00000000 00:00 0 
70b000000-7592a0000 ---p 00000000 00:00 0 
7592a0000-763aa0000 rw-p 00000000 00:00 0 
763aa0000-800000000 ---p 00000000 00:00 0 
800000000-800002000 rwxp 00001000 08:01 1314857                          /usr/lib/jvm/java-11-openjdk-amd64/lib/server/classes.jsa
800002000-8003b8000 rw-p 00003000 08:01 1314857                          /usr/lib/jvm/java-11-openjdk-amd64/lib/server/classes.jsa
8003b8000-800a7f000 r--p 003b9000 08:01 1314857                          /usr/lib/jvm/java-11-openjdk-amd64/lib/server/classes.jsa
800a7f000-800a80000 rw-p 00a80000 08:01 1314857                          /usr/lib/jvm/java-11-openjdk-amd64/lib/server/classes.jsa
800a80000-80108c000 r--p 00a81000 08:01 1314857                          /usr/lib/jvm/java-11-openjdk-amd64/lib/server/classes.jsa
840000000-840080000 rw-p 00000000 00:00 0 
840080000-880000000 ---p 00000000 00:00 0 
55f62f504000-55f62f505000 r-xp 00000000 08:01 1311829                    /usr/lib/jvm/java-11-openjdk-amd64/bin/java
55f62f705000-55f62f706000 r--p 00001000 08:01 1311829                    /usr/lib/jvm/java-11-openjdk-amd64/bin/java
55f62f706000-55f62f707000 rw-p 00002000 08:01 1311829                    /usr/lib/jvm/java-11-openjdk-amd64/bin/java
55f630380000-55f6303a1000 rw-p 00000000 00:00 0                          [heap]
7f4f08000000-7f4f0807d000 rw-p 00000000 00:00 0 
7f4f0807d000-7f4f0c000000 ---p 00000000 00:00 0 
7f4f0c000000-7f4f0c021000 rw-p 00000000 00:00 0 
7f4f0c021000-7f4f10000000 ---p 00000000 00:00 0 
7f4f10000000-7f4f10021000 rw-p 00000000 00:00 0 
7f4f10021000-7f4f14000000 ---p 00000000 00:00 0 
7f4f14000000-7f4f14076000 rw-p 00000000 00:00 0 
7f4f14076000-7f4f18000000 ---p 00000000 00:00 0 
7f4f18000000-7f4f18021000 rw-p 00000000 00:00 0 
7f4f18021000-7f4f1c000000 ---p 00000000 00:00 0 
7f4f1c000000-7f4f1c021000 rw-p 00000000 00:00 0 
7f4f1c021000-7f4f20000000 ---p 00000000 00:00 0 
7f4f20000000-7f4f20021000 rw-p 00000000 00:00 0 
7f4f20021000-7f4f24000000 ---p 00000000 00:00 0 
7f4f26496000-7f4f26597000 rw-p 00000000 00:00 0 
7f4f26597000-7f4f26598000 ---p 00000000 00:00 0 
7f4f26598000-7f4f26699000 rw-p 00000000 00:00 0 
7f4f26699000-7f4f2669d000 ---p 00000000 00:00 0 
7f4f2669d000-7f4f2679a000 rw-p 00000000 00:00 0 
7f4f2679a000-7f4f2679e000 ---p 00000000 00:00 0 
7f4f2679e000-7f4f2689b000 rw-p 00000000 00:00 0 
7f4f2689b000-7f4f2689f000 ---p 00000000 00:00 0 
7f4f2689f000-7f4f2699c000 rw-p 00000000 00:00 0 
7f4f2699c000-7f4f269a0000 ---p 00000000 00:00 0 
7f4f269a0000-7f4f26a9d000 rw-p 00000000 00:00 0 
7f4f26a9d000-7f4f26aa1000 ---p 00000000 00:00 0 
7f4f26aa1000-7f4f26b9e000 rw-p 00000000 00:00 0 
7f4f26b9e000-7f4f275b5000 r--p 00000000 08:01 1317468                    /usr/lib/locale/locale-archive
7f4f275b5000-7f4f275b9000 ---p 00000000 00:00 0 
7f4f275b9000-7f4f276b6000 rw-p 00000000 00:00 0 
7f4f276b6000-7f4f276ba000 ---p 00000000 00:00 0 
7f4f276ba000-7f4f277b7000 rw-p 00000000 00:00 0 
7f4f277b7000-7f4f277b8000 ---p 00000000 00:00 0 
7f4f277b8000-7f4f27d7a000 rw-p 00000000 00:00 0 
7f4f27d7a000-7f4f2813a000 ---p 00000000 00:00 0 
7f4f2813a000-7f4f28164000 rw-p 00000000 00:00 0 
7f4f28164000-7f4f283d5000 ---p 00000000 00:00 0 
7f4f283d5000-7f4f2842a000 rw-p 00000000 00:00 0 
7f4f2842a000-7f4f2890c000 ---p 00000000 00:00 0 
7f4f2890c000-7f4f2890d000 rw-p 00000000 00:00 0 
7f4f2890d000-7f4f28b7d000 rwxp 00000000 00:00 0 
7f4f28b7d000-7f4f28e9c000 ---p 00000000 00:00 0 
7f4f28e9c000-7f4f2910c000 rwxp 00000000 00:00 0 
7f4f2910c000-7f4f303d4000 ---p 00000000 00:00 0 
7f4f303d4000-7f4f30644000 rwxp 00000000 00:00 0 
7f4f30644000-7f4f3790d000 ---p 00000000 00:00 0 
7f4f3790d000-7f4f40000000 r--s 00000000 08:01 1314702                    /usr/lib/jvm/java-11-openjdk-amd64/lib/modules
7f4f40000000-7f4f400b4000 rw-p 00000000 00:00 0 
7f4f400b4000-7f4f44000000 ---p 00000000 00:00 0 
7f4f44049000-7f4f4409e000 rw-p 00000000 00:00 0 
7f4f4409e000-7f4f44580000 ---p 00000000 00:00 0 
7f4f44580000-7f4f44585000 rw-p 00000000 00:00 0 
7f4f44585000-7f4f4466b000 ---p 00000000 00:00 0 
7f4f4466b000-7f4f44670000 rw-p 00000000 00:00 0 
7f4f44670000-7f4f44756000 ---p 00000000 00:00 0 
7f4f44756000-7f4f4475b000 r-xp 00000000 08:01 1314683                    /usr/lib/jvm/java-11-openjdk-amd64/lib/libjimage.so
7f4f4475b000-7f4f4495a000 ---p 00005000 08:01 1314683                    /usr/lib/jvm/java-11-openjdk-amd64/lib/libjimage.so
7f4f4495a000-7f4f4495b000 r--p 00004000 08:01 1314683                    /usr/lib/jvm/java-11-openjdk-amd64/lib/libjimage.so
7f4f4495b000-7f4f4495c000 rw-p 00005000 08:01 1314683                    /usr/lib/jvm/java-11-openjdk-amd64/lib/libjimage.so
7f4f4495c000-7f4f44963000 r-xp 00000000 08:01 1314701                    /usr/lib/jvm/java-11-openjdk-amd64/lib/libzip.so
7f4f44963000-7f4f44b62000 ---p 00007000 08:01 1314701                    /usr/lib/jvm/java-11-openjdk-amd64/lib/libzip.so
7f4f44b62000-7f4f44b63000 r--p 00006000 08:01 1314701                    /usr/lib/jvm/java-11-openjdk-amd64/lib/libzip.so
7f4f44b63000-7f4f44b64000 rw-p 00007000 08:01 1314701                    /usr/lib/jvm/java-11-openjdk-amd64/lib/libzip.so
7f4f44b64000-7f4f44b6f000 r-xp 00000000 08:01 268047                     /lib/x86_64-linux-gnu/libnss_files-2.27.so
7f4f44b6f000-7f4f44d6e000 ---p 0000b000 08:01 268047                     /lib/x86_64-linux-gnu/libnss_files-2.27.so
7f4f44d6e000-7f4f44d6f000 r--p 0000a000 08:01 268047                     /lib/x86_64-linux-gnu/libnss_files-2.27.so
7f4f44d6f000-7f4f44d70000 rw-p 0000b000 08:01 268047                     /lib/x86_64-linux-gnu/libnss_files-2.27.so
7f4f44d70000-7f4f44d76000 rw-p 00000000 00:00 0 
7f4f44d76000-7f4f44d8d000 r-xp 00000000 08:01 268041                     /lib/x86_64-linux-gnu/libnsl-2.27.so
7f4f44d8d000-7f4f44f8c000 ---p 00017000 08:01 268041                     /lib/x86_64-linux-gnu/libnsl-2.27.so
7f4f44f8c000-7f4f44f8d000 r--p 00016000 08:01 268041                     /lib/x86_64-linux-gnu/libnsl-2.27.so
7f4f44f8d000-7f4f44f8e000 rw-p 00017000 08:01 268041                     /lib/x86_64-linux-gnu/libnsl-2.27.so
7f4f44f8e000-7f4f44f90000 rw-p 00000000 00:00 0 
7f4f44f90000-7f4f44f9b000 r-xp 00000000 08:01 268058                     /lib/x86_64-linux-gnu/libnss_nis-2.27.so
7f4f44f9b000-7f4f4519a000 ---p 0000b000 08:01 268058                     /lib/x86_64-linux-gnu/libnss_nis-2.27.so
7f4f4519a000-7f4f4519b000 r--p 0000a000 08:01 268058                     /lib/x86_64-linux-gnu/libnss_nis-2.27.so
7f4f4519b000-7f4f4519c000 rw-p 0000b000 08:01 268058                     /lib/x86_64-linux-gnu/libnss_nis-2.27.so
7f4f4519c000-7f4f451a4000 r-xp 00000000 08:01 268043                     /lib/x86_64-linux-gnu/libnss_compat-2.27.so
7f4f451a4000-7f4f453a4000 ---p 00008000 08:01 268043                     /lib/x86_64-linux-gnu/libnss_compat-2.27.so
7f4f453a4000-7f4f453a5000 r--p 00008000 08:01 268043                     /lib/x86_64-linux-gnu/libnss_compat-2.27.so
7f4f453a5000-7f4f453a6000 rw-p 00009000 08:01 268043                     /lib/x86_64-linux-gnu/libnss_compat-2.27.so
7f4f453a6000-7f4f453cf000 r-xp 00000000 08:01 1314678                    /usr/lib/jvm/java-11-openjdk-amd64/lib/libjava.so
7f4f453cf000-7f4f455ce000 ---p 00029000 08:01 1314678                    /usr/lib/jvm/java-11-openjdk-amd64/lib/libjava.so
7f4f455ce000-7f4f455cf000 r--p 00028000 08:01 1314678                    /usr/lib/jvm/java-11-openjdk-amd64/lib/libjava.so
7f4f455cf000-7f4f455d1000 rw-p 00029000 08:01 1314678                    /usr/lib/jvm/java-11-openjdk-amd64/lib/libjava.so
7f4f455d1000-7f4f455de000 r-xp 00000000 08:01 1314699                    /usr/lib/jvm/java-11-openjdk-amd64/lib/libverify.so
7f4f455de000-7f4f457dd000 ---p 0000d000 08:01 1314699                    /usr/lib/jvm/java-11-openjdk-amd64/lib/libverify.so
7f4f457dd000-7f4f457df000 r--p 0000c000 08:01 1314699                    /usr/lib/jvm/java-11-openjdk-amd64/lib/libverify.so
7f4f457df000-7f4f457e0000 rw-p 0000e000 08:01 1314699                    /usr/lib/jvm/java-11-openjdk-amd64/lib/libverify.so
7f4f457e0000-7f4f457e7000 r-xp 00000000 08:01 268098                     /lib/x86_64-linux-gnu/librt-2.27.so
7f4f457e7000-7f4f459e6000 ---p 00007000 08:01 268098                     /lib/x86_64-linux-gnu/librt-2.27.so
7f4f459e6000-7f4f459e7000 r--p 00006000 08:01 268098                     /lib/x86_64-linux-gnu/librt-2.27.so
7f4f459e7000-7f4f459e8000 rw-p 00007000 08:01 268098                     /lib/x86_64-linux-gnu/librt-2.27.so
7f4f459e8000-7f4f459ff000 r-xp 00000000 08:01 262233                     /lib/x86_64-linux-gnu/libgcc_s.so.1
7f4f459ff000-7f4f45bfe000 ---p 00017000 08:01 262233                     /lib/x86_64-linux-gnu/libgcc_s.so.1
7f4f45bfe000-7f4f45bff000 r--p 00016000 08:01 262233                     /lib/x86_64-linux-gnu/libgcc_s.so.1
7f4f45bff000-7f4f45c00000 rw-p 00017000 08:01 262233                     /lib/x86_64-linux-gnu/libgcc_s.so.1
7f4f45c00000-7f4f45d9d000 r-xp 00000000 08:01 268020                     /lib/x86_64-linux-gnu/libm-2.27.so
7f4f45d9d000-7f4f45f9c000 ---p 0019d000 08:01 268020                     /lib/x86_64-linux-gnu/libm-2.27.so
7f4f45f9c000-7f4f45f9d000 r--p 0019c000 08:01 268020                     /lib/x86_64-linux-gnu/libm-2.27.so
7f4f45f9d000-7f4f45f9e000 rw-p 0019d000 08:01 268020                     /lib/x86_64-linux-gnu/libm-2.27.so
7f4f45f9e000-7f4f46117000 r-xp 00000000 08:01 1312803                    /usr/lib/x86_64-linux-gnu/libstdc++.so.6.0.25
7f4f46117000-7f4f46317000 ---p 00179000 08:01 1312803                    /usr/lib/x86_64-linux-gnu/libstdc++.so.6.0.25
7f4f46317000-7f4f46321000 r--p 00179000 08:01 1312803                    /usr/lib/x86_64-linux-gnu/libstdc++.so.6.0.25
7f4f46321000-7f4f46323000 rw-p 00183000 08:01 1312803                    /usr/lib/x86_64-linux-gnu/libstdc++.so.6.0.25
7f4f46323000-7f4f46327000 rw-p 00000000 00:00 0 
7f4f46327000-7f4f47404000 r-xp 00000000 08:01 1314707                    /usr/lib/jvm/java-11-openjdk-amd64/lib/server/libjvm.so
7f4f47404000-7f4f47603000 ---p 010dd000 08:01 1314707                    /usr/lib/jvm/java-11-openjdk-amd64/lib/server/libjvm.so
7f4f47603000-7f4f476c0000 r--p 010dc000 08:01 1314707                    /usr/lib/jvm/java-11-openjdk-amd64/lib/server/libjvm.so
7f4f476c0000-7f4f476fa000 rw-p 01199000 08:01 1314707                    /usr/lib/jvm/java-11-openjdk-amd64/lib/server/libjvm.so
7f4f476fa000-7f4f47750000 rw-p 00000000 00:00 0 
7f4f47750000-7f4f4776a000 r-xp 00000000 08:01 268090                     /lib/x86_64-linux-gnu/libpthread-2.27.so
7f4f4776a000-7f4f47969000 ---p 0001a000 08:01 268090                     /lib/x86_64-linux-gnu/libpthread-2.27.so
7f4f47969000-7f4f4796a000 r--p 00019000 08:01 268090                     /lib/x86_64-linux-gnu/libpthread-2.27.so
7f4f4796a000-7f4f4796b000 rw-p 0001a000 08:01 268090                     /lib/x86_64-linux-gnu/libpthread-2.27.so
7f4f4796b000-7f4f4796f000 rw-p 00000000 00:00 0 
7f4f4796f000-7f4f47972000 r-xp 00000000 08:01 267980                     /lib/x86_64-linux-gnu/libdl-2.27.so
7f4f47972000-7f4f47b71000 ---p 00003000 08:01 267980                     /lib/x86_64-linux-gnu/libdl-2.27.so
7f4f47b71000-7f4f47b72000 r--p 00002000 08:01 267980                     /lib/x86_64-linux-gnu/libdl-2.27.so
7f4f47b72000-7f4f47b73000 rw-p 00003000 08:01 267980                     /lib/x86_64-linux-gnu/libdl-2.27.so
7f4f47b73000-7f4f47b8f000 r-xp 00000000 08:01 268129                     /lib/x86_64-linux-gnu/libz.so.1.2.11
7f4f47b8f000-7f4f47d8e000 ---p 0001c000 08:01 268129                     /lib/x86_64-linux-gnu/libz.so.1.2.11
7f4f47d8e000-7f4f47d8f000 r--p 0001b000 08:01 268129                     /lib/x86_64-linux-gnu/libz.so.1.2.11
7f4f47d8f000-7f4f47d90000 rw-p 0001c000 08:01 268129                     /lib/x86_64-linux-gnu/libz.so.1.2.11
7f4f47d90000-7f4f47f77000 r-xp 00000000 08:01 267957                     /lib/x86_64-linux-gnu/libc-2.27.so
7f4f47f77000-7f4f48177000 ---p 001e7000 08:01 267957                     /lib/x86_64-linux-gnu/libc-2.27.so
7f4f48177000-7f4f4817b000 r--p 001e7000 08:01 267957                     /lib/x86_64-linux-gnu/libc-2.27.so
7f4f4817b000-7f4f4817d000 rw-p 001eb000 08:01 267957                     /lib/x86_64-linux-gnu/libc-2.27.so
7f4f4817d000-7f4f48181000 rw-p 00000000 00:00 0 
7f4f48181000-7f4f48191000 r-xp 00000000 08:01 1314662                    /usr/lib/jvm/java-11-openjdk-amd64/lib/jli/libjli.so
7f4f48191000-7f4f48390000 ---p 00010000 08:01 1314662                    /usr/lib/jvm/java-11-openjdk-amd64/lib/jli/libjli.so
7f4f48390000-7f4f48391000 r--p 0000f000 08:01 1314662                    /usr/lib/jvm/java-11-openjdk-amd64/lib/jli/libjli.so
7f4f48391000-7f4f48392000 rw-p 00010000 08:01 1314662                    /usr/lib/jvm/java-11-openjdk-amd64/lib/jli/libjli.so
7f4f48392000-7f4f483b9000 r-xp 00000000 08:01 267929                     /lib/x86_64-linux-gnu/ld-2.27.so
7f4f483cf000-7f4f48499000 rw-p 00000000 00:00 0 
7f4f48499000-7f4f484a0000 ---p 00000000 00:00 0 
7f4f484a0000-7f4f484a4000 ---p 00000000 00:00 0 
7f4f484a4000-7f4f485a3000 rw-p 00000000 00:00 0 
7f4f485ab000-7f4f485ad000 r--s 00007000 08:01 1600461                    /usr/share/java/java-atk-wrapper.jar
7f4f485ad000-7f4f485b5000 rw-s 00000000 08:01 1992934                    /tmp/hsperfdata_pd2/5422
7f4f485b5000-7f4f485b6000 ---p 00000000 00:00 0 
7f4f485b6000-7f4f485b7000 r--p 00000000 00:00 0 
7f4f485b7000-7f4f485b9000 rw-p 00000000 00:00 0 
7f4f485b9000-7f4f485ba000 r--p 00027000 08:01 267929                     /lib/x86_64-linux-gnu/ld-2.27.so
7f4f485ba000-7f4f485bb000 rw-p 00028000 08:01 267929                     /lib/x86_64-linux-gnu/ld-2.27.so
7f4f485bb000-7f4f485bc000 rw-p 00000000 00:00 0 
7ffd7446b000-7ffd7448c000 rw-p 00000000 00:00 0                          [stack]
7ffd744bc000-7ffd744bf000 r--p 00000000 00:00 0                          [vvar]
7ffd744bf000-7ffd744c0000 r-xp 00000000 00:00 0                          [vdso]
ffffffffff600000-ffffffffff601000 --xp 00000000 00:00 0                  [vsyscall]


VM Arguments:
jvm_args: -Xverify:none 
java_command: Main
java_class_path (initial): .
Launcher Type: SUN_STANDARD

[Global flags]
     bool BytecodeVerificationLocal                = false                                     {product} {command line}
     bool BytecodeVerificationRemote               = false                                     {product} {command line}
     intx CICompilerCount                          = 2                                         {product} {ergonomic}
   size_t InitialHeapSize                          = 264241152                                 {product} {ergonomic}
   size_t MaxHeapSize                              = 4198498304                                {product} {ergonomic}
   size_t MaxNewSize                               = 1399455744                                {product} {ergonomic}
   size_t MinHeapDeltaBytes                        = 196608                                    {product} {ergonomic}
   size_t NewSize                                  = 88080384                                  {product} {ergonomic}
    uintx NonNMethodCodeHeapSize                   = 5825164                                {pd product} {ergonomic}
    uintx NonProfiledCodeHeapSize                  = 122916538                              {pd product} {ergonomic}
   size_t OldSize                                  = 176160768                                 {product} {ergonomic}
    uintx ProfiledCodeHeapSize                     = 122916538                              {pd product} {ergonomic}
    uintx ReservedCodeCacheSize                    = 251658240                              {pd product} {ergonomic}
     bool SegmentedCodeCache                       = true                                      {product} {ergonomic}
     bool UseCompressedClassPointers               = true                                 {lp64_product} {ergonomic}
     bool UseCompressedOops                        = true                                 {lp64_product} {ergonomic}
     bool UseSerialGC                              = true                                      {product} {ergonomic}

Logging:
Log output configuration:
 #0: stdout all=warning uptime,level,tags
 #1: stderr all=off uptime,level,tags

Environment Variables:
PATH=/usr/local/sbin:/usr/local/bin:/usr/sbin:/usr/bin:/sbin:/bin:/usr/games:/usr/local/games:/snap/bin
USERNAME=pd2
SHELL=/bin/bash
DISPLAY=:0

Signal Handlers:
SIGSEGV: [libjvm.so+0xdf8d00], sa_mask[0]=11111111011111111101111111111110, sa_flags=SA_RESTART|SA_SIGINFO
SIGBUS: [libjvm.so+0xdf8d00], sa_mask[0]=11111111011111111101111111111110, sa_flags=SA_RESTART|SA_SIGINFO
SIGFPE: [libjvm.so+0xdf8d00], sa_mask[0]=11111111011111111101111111111110, sa_flags=SA_RESTART|SA_SIGINFO
SIGPIPE: [libjvm.so+0xbcbc30], sa_mask[0]=11111111011111111101111111111110, sa_flags=SA_RESTART|SA_SIGINFO
SIGXFSZ: [libjvm.so+0xbcbc30], sa_mask[0]=11111111011111111101111111111110, sa_flags=SA_RESTART|SA_SIGINFO
SIGILL: [libjvm.so+0xdf8d00], sa_mask[0]=11111111011111111101111111111110, sa_flags=SA_RESTART|SA_SIGINFO
SIGUSR2: [libjvm.so+0xbcbad0], sa_mask[0]=00000000000000000000000000000000, sa_flags=SA_RESTART|SA_SIGINFO
SIGHUP: [libjvm.so+0xbcbe30], sa_mask[0]=11111111011111111101111111111110, sa_flags=SA_RESTART|SA_SIGINFO
SIGINT: [libjvm.so+0xbcbe30], sa_mask[0]=11111111011111111101111111111110, sa_flags=SA_RESTART|SA_SIGINFO
SIGTERM: [libjvm.so+0xbcbe30], sa_mask[0]=11111111011111111101111111111110, sa_flags=SA_RESTART|SA_SIGINFO
SIGQUIT: [libjvm.so+0xbcbe30], sa_mask[0]=11111111011111111101111111111110, sa_flags=SA_RESTART|SA_SIGINFO


---------------  S Y S T E M  ---------------

OS:DISTRIB_ID=Ubuntu
DISTRIB_RELEASE=18.04
DISTRIB_CODENAME=bionic
DISTRIB_DESCRIPTION="Ubuntu 18.04.4 LTS"
uname:Linux 5.3.0-53-generic #47~18.04.1-Ubuntu SMP Thu May 7 13:10:50 UTC 2020 x86_64
OS uptime: 0 days 22:39 hours
libc:glibc 2.27 NPTL 2.27 
rlimit: STACK 8192k, CORE 0k, NPROC 63867, NOFILE 4096, AS infinity, CPU infinity, DATA infinity, FSIZE infinity
load average:0.24 0.10 0.04

/proc/meminfo:
MemTotal:       16398728 kB
MemFree:        11531936 kB
MemAvailable:   14275744 kB
Buffers:           77664 kB
Cached:          2812828 kB
SwapCached:            0 kB
Active:          3066576 kB
Inactive:        1315220 kB
Active(anon):    1492364 kB
Inactive(anon):   105956 kB
Active(file):    1574212 kB
Inactive(file):  1209264 kB
Unevictable:         184 kB
Mlocked:             184 kB
SwapTotal:       1942896 kB
SwapFree:        1942896 kB
Dirty:               596 kB
Writeback:             0 kB
AnonPages:       1491488 kB
Mapped:           499648 kB
Shmem:            107020 kB
KReclaimable:     296384 kB
Slab:             341768 kB
SReclaimable:     296384 kB
SUnreclaim:        45384 kB
KernelStack:       10776 kB
PageTables:        55852 kB
NFS_Unstable:          0 kB
Bounce:                0 kB
WritebackTmp:          0 kB
CommitLimit:    10142260 kB
Committed_AS:    7313828 kB
VmallocTotal:   34359738367 kB
VmallocUsed:       45860 kB
VmallocChunk:          0 kB
Percpu:              336 kB
HardwareCorrupted:     0 kB
AnonHugePages:         0 kB
ShmemHugePages:        0 kB
ShmemPmdMapped:        0 kB
CmaTotal:              0 kB
CmaFree:               0 kB
HugePages_Total:       0
HugePages_Free:        0
HugePages_Rsvd:        0
HugePages_Surp:        0
Hugepagesize:       2048 kB
Hugetlb:               0 kB
DirectMap4k:      204736 kB
DirectMap2M:    16572416 kB


/proc/sys/kernel/threads-max (system-wide limit on the number of threads):
127734


/proc/sys/vm/max_map_count (maximum number of memory map areas a process may have):
65530


/proc/sys/kernel/pid_max (system-wide limit on number of process identifiers):
32768



container (cgroup) information:
container_type: cgroupv1
cpu_cpuset_cpus: 0
cpu_memory_nodes: 0
active_processor_count: 1
cpu_quota: -1
cpu_period: 100000
cpu_shares: -1
memory_limit_in_bytes: -1
memory_and_swap_limit_in_bytes: -2
memory_soft_limit_in_bytes: -1
memory_usage_in_bytes: 4487098368
memory_max_usage_in_bytes: 0

KVM virtualization detected
Steal ticks since vm start: 0
Steal ticks percentage since vm start:  0.000

CPU:total 1 (initial active 1) (1 cores per cpu, 1 threads per core) family 6 model 158 stepping 13, cmov, cx8, fxsr, mmx, sse, sse2, sse3, ssse3, sse4.1, sse4.2, popcnt, avx, avx2, aes, clmul, 3dnowpref, lzcnt, tsc, tscinvbit
CPU Model and flags from /proc/cpuinfo:
model name	: Intel(R) Core(TM) i7-9700F CPU @ 3.00GHz
flags		: fpu vme de pse tsc msr pae mce cx8 apic sep mtrr pge mca cmov pat pse36 clflush mmx fxsr sse sse2 ht syscall nx rdtscp lm constant_tsc rep_good nopl xtopology nonstop_tsc cpuid tsc_known_freq pni pclmulqdq monitor ssse3 cx16 pcid sse4_1 sse4_2 x2apic movbe popcnt aes xsave avx rdrand hypervisor lahf_lm abm 3dnowprefetch invpcid_single fsgsbase avx2 invpcid rdseed clflushopt md_clear flush_l1d arch_capabilities

Memory: 4k page, physical 16398728k(11531936k free), swap 1942896k(1942896k free)

vm_info: OpenJDK 64-Bit Server VM (11.0.7+10-post-Ubuntu-2ubuntu218.04) for linux-amd64 JRE (11.0.7+10-post-Ubuntu-2ubuntu218.04), built on Apr 15 2020 21:12:54 by "unknown" with gcc 7.5.0

END.
