#
# A fatal error has been detected by the Java Runtime Environment:
#
#  SIGSEGV (0xb) at pc=0x00007f4387e10104, pid=5698, tid=5699
#
# JRE version: OpenJDK Runtime Environment (11.0.7+10) (build 11.0.7+10-post-Ubuntu-2ubuntu218.04)
# Java VM: OpenJDK 64-Bit Server VM (11.0.7+10-post-Ubuntu-2ubuntu218.04, mixed mode, sharing, tiered, compressed oops, serial gc, linux-amd64)
# Problematic frame:
# V  [libjvm.so+0xa03104]
#
# Core dump will be written. Default location: Core dumps may be processed with "/usr/share/apport/apport %p %s %c %d %P %E" (or dumping to /home/pd2/Desktop/Compiler_StudentID_HW3/core.5698)
#
# If you would like to submit a bug report, please visit:
#   https://bugs.launchpad.net/ubuntu/+source/openjdk-lts
#

---------------  S U M M A R Y ------------

Command Line: -Xverify:none Main

Host: Intel(R) Core(TM) i7-9700F CPU @ 3.00GHz, 1 cores, 15G, Ubuntu 18.04.4 LTS
Time: Thu Jun 11 17:46:44 2020 CST elapsed time: 0 seconds (0d 0h 0m 0s)

---------------  T H R E A D  ---------------

Current thread (0x00007f4380015800):  JavaThread "main" [_thread_in_vm, id=5699, stack(0x00007f4389586000,0x00007f4389687000)]

Stack: [0x00007f4389586000,0x00007f4389687000],  sp=0x00007f4389685240,  free space=1020k
Native frames: (J=compiled Java code, A=aot compiled Java code, j=interpreted, Vv=VM code, C=native code)
V  [libjvm.so+0xa03104]
V  [libjvm.so+0xa3ba56]
V  [libjvm.so+0x843946]
V  [libjvm.so+0x84483d]
j  java.lang.String.valueOf(Ljava/lang/Object;)Ljava/lang/String;+10 java.base@11.0.7
j  java.io.PrintStream.print(Ljava/lang/String;)V+2 java.base@11.0.7
j  java.io.PrintStream.println(Ljava/lang/String;)V+6 java.base@11.0.7
j  Main.main([Ljava/lang/String;)V+204
v  ~StubRoutines::call_stub
V  [libjvm.so+0x84e319]
V  [libjvm.so+0x8ca02d]
V  [libjvm.so+0x8cc4fe]
C  [libjli.so+0x5856]
C  [libjli.so+0x92cd]

Java frames: (J=compiled Java code, j=interpreted, Vv=VM code)
j  java.lang.String.valueOf(Ljava/lang/Object;)Ljava/lang/String;+10 java.base@11.0.7
j  java.io.PrintStream.print(Ljava/lang/String;)V+2 java.base@11.0.7
j  java.io.PrintStream.println(Ljava/lang/String;)V+6 java.base@11.0.7
j  Main.main([Ljava/lang/String;)V+204
v  ~StubRoutines::call_stub

siginfo: si_signo: 11 (SIGSEGV), si_code: 1 (SEGV_MAPERR), si_addr: 0x0000000c22ae1e80

Register to memory mapping:

RAX={method} {0x0000000800002950} 'toString' '()Ljava/lang/String;' in 'java/lang/Object'
RBX=0x00007f4389685460 is pointing into the stack for thread: 0x00007f4380015800
RCX=0x000000080050c2f8 is pointing into metadata
RDX=0x0 is NULL
RSP=0x00007f4389685240 is pointing into the stack for thread: 0x00007f4380015800
RBP=0x00007f43896852d0 is pointing into the stack for thread: 0x00007f4380015800
RSI=0x0000000000000002 is an unknown value
RDI=0x0000000c22ae1ca0 is an unknown value
R8 =0x0000000c22ae1ca0 is an unknown value
R9 =0x0000000000000001 is an unknown value
R10=0x00007f4389685320 is pointing into the stack for thread: 0x00007f4380015800
R11=0x0000000000000007 is an unknown value
R12=0x0000000000000001 is an unknown value
R13=0x0000000000000002 is an unknown value
R14=0x0 is NULL
R15=0x00007f4380015800 is a thread


Registers:
RAX=0x0000000800002950, RBX=0x00007f4389685460, RCX=0x000000080050c2f8, RDX=0x0000000000000000
RSP=0x00007f4389685240, RBP=0x00007f43896852d0, RSI=0x0000000000000002, RDI=0x0000000c22ae1ca0
R8 =0x0000000c22ae1ca0, R9 =0x0000000000000001, R10=0x00007f4389685320, R11=0x0000000000000007
R12=0x0000000000000001, R13=0x0000000000000002, R14=0x0000000000000000, R15=0x00007f4380015800
RIP=0x00007f4387e10104, EFLAGS=0x0000000000010213, CSGSFS=0x002b000000000033, ERR=0x0000000000000004
  TRAPNO=0x000000000000000e

Top of Stack: (sp=0x00007f4389685240)
0x00007f4389685240:   00007f43896852d0 00007f4387e4125b
0x00007f4389685250:   00007f43896852e0 00007f4387a53d47
0x00007f4389685260:   0000000000000000 0000000800002478
0x00007f4389685270:   0000000c22ae1ca0 00007f4389685310 

Instructions: (pc=0x00007f4387e10104)
0x00007f4387e10004:   75 15 80 e6 04 48 8d 05 90 18 4d 00 48 8d 15 42
0x00007f4387e10014:   fd 47 00 48 0f 44 c2 5d c3 90 66 90 55 48 81 c7
0x00007f4387e10024:   c0 00 00 00 b8 01 00 00 00 48 89 e5 f0 0f c1 07
0x00007f4387e10034:   83 c0 01 5d c3 90 66 0f 1f 44 00 00 48 8d 15 89
0x00007f4387e10044:   66 9b 00 55 89 f8 48 89 e5 8b 4a 08 5d 48 d3 e0
0x00007f4387e10054:   48 03 02 c3 0f 1f 84 00 00 00 00 00 40 f6 c7 07
0x00007f4387e10064:   75 09 48 81 ff ff 0f 00 00 77 09 31 c0 c3 66 0f
0x00007f4387e10074:   1f 44 00 00 55 48 89 e5 41 54 4c 8d a7 d0 00 00
0x00007f4387e10084:   00 53 48 89 fb 4c 89 e6 e8 2f 20 1c 00 84 c0 75
0x00007f4387e10094:   0b 5b 31 c0 41 5c 5d c3 0f 1f 40 00 4c 89 e6 48
0x00007f4387e100a4:   89 df e8 65 54 13 00 84 c0 74 e6 48 8b 7b 18 e8
0x00007f4387e100b4:   e8 49 33 00 84 c0 74 d9 48 8b bb 98 00 00 00 5b
0x00007f4387e100c4:   41 5c 5d e9 94 9f b9 ff 0f 1f 40 00 8b 97 c4 00
0x00007f4387e100d4:   00 00 55 48 89 f8 48 89 e5 5d 48 c1 e2 20 48 81
0x00007f4387e100e4:   ca d0 01 00 00 c3 66 0f 1f 44 00 00 55 48 8d 87
0x00007f4387e100f4:   d0 01 00 00 48 89 e5 5d c3 90 66 90 55 48 63 f6
0x00007f4387e10104:   48 8b 84 f7 d0 01 00 00 48 89 e5 5d c3 90 0f 1f
0x00007f4387e10114:   40 00 66 2e 0f 1f 84 00 00 00 00 00 55 b8 d0 01
0x00007f4387e10124:   00 00 48 89 e5 5d c3 90 0f 1f 40 00 55 48 89 e5
0x00007f4387e10134:   41 57 41 56 41 55 41 54 49 89 ff 53 41 89 f6 48
0x00007f4387e10144:   83 ec 68 8b 47 08 89 55 98 85 c0 7e 0d f6 87 3a
0x00007f4387e10154:   01 00 00 20 0f 85 b2 02 00 00 49 8b 7f 18 48 85
0x00007f4387e10164:   ff 0f 84 95 01 00 00 e8 80 3b 33 00 48 89 c7 48
0x00007f4387e10174:   89 45 90 e8 b4 9d 86 ff 48 8d 58 01 49 89 c4 41
0x00007f4387e10184:   8b 47 08 4c 89 ff 3d 00 00 00 c0 7d 0a 49 8b bf
0x00007f4387e10194:   f0 00 00 00 8b 47 08 85 c0 0f 8e 7d 01 00 00 48
0x00007f4387e101a4:   8b 07 ff 90 88 00 00 00 48 8b 78 10 49 89 c5 48
0x00007f4387e101b4:   85 ff 0f 84 2c 02 00 00 e8 bf 2d 33 00 48 89 c7
0x00007f4387e101c4:   48 89 45 80 4c 8d 25 18 c2 4d 00 e8 5c 9d 86 ff
0x00007f4387e101d4:   4c 89 ef 48 01 c3 e8 a1 e6 16 00 48 8d 0d a6 10
0x00007f4387e101e4:   4b 00 84 c0 88 85 7f ff ff ff 48 89 4d a0 0f 85
0x00007f4387e101f4:   c8 02 00 00 0f 1f 84 00 00 00 00 00 49 8b 87 98 


Stack slot to memory mapping:
stack at sp + 0 slots: 0x00007f43896852d0 is pointing into the stack for thread: 0x00007f4380015800
stack at sp + 1 slots: 0x00007f4387e4125b: <offset 0x0000000000a3425b> in /usr/lib/jvm/java-11-openjdk-amd64/lib/server/libjvm.so at 0x00007f438740d000
stack at sp + 2 slots: 0x00007f43896852e0 is pointing into the stack for thread: 0x00007f4380015800
stack at sp + 3 slots: 0x00007f4387a53d47: <offset 0x0000000000646d47> in /usr/lib/jvm/java-11-openjdk-amd64/lib/server/libjvm.so at 0x00007f438740d000
stack at sp + 4 slots: 0x0 is NULL
stack at sp + 5 slots: 0x0000000800002478 is pointing into metadata
stack at sp + 6 slots: 0x0000000c22ae1ca0 is an unknown value
stack at sp + 7 slots: 0x00007f4389685310 is pointing into the stack for thread: 0x00007f4380015800


---------------  P R O C E S S  ---------------

Threads class SMR info:
_java_thread_list=0x00007f43800a1fa0, length=9, elements={
0x00007f4380015800, 0x00007f4380051000, 0x00007f4380053000, 0x00007f438005a000,
0x00007f438005c800, 0x00007f438005e800, 0x00007f4380060800, 0x00007f438009b000,
0x00007f43800a0800
}

Java Threads: ( => current thread )
=>0x00007f4380015800 JavaThread "main" [_thread_in_vm, id=5699, stack(0x00007f4389586000,0x00007f4389687000)]
  0x00007f4380051000 JavaThread "Reference Handler" daemon [_thread_blocked, id=5701, stack(0x00007f436870a000,0x00007f436880b000)]
  0x00007f4380053000 JavaThread "Finalizer" daemon [_thread_blocked, id=5702, stack(0x00007f4368609000,0x00007f436870a000)]
  0x00007f438005a000 JavaThread "Signal Dispatcher" daemon [_thread_blocked, id=5703, stack(0x00007f4368508000,0x00007f4368609000)]
  0x00007f438005c800 JavaThread "C2 CompilerThread0" daemon [_thread_blocked, id=5704, stack(0x00007f4368407000,0x00007f4368508000)]
  0x00007f438005e800 JavaThread "C1 CompilerThread0" daemon [_thread_blocked, id=5705, stack(0x00007f4368306000,0x00007f4368407000)]
  0x00007f4380060800 JavaThread "Sweeper thread" daemon [_thread_blocked, id=5706, stack(0x00007f4368205000,0x00007f4368306000)]
  0x00007f438009b000 JavaThread "Service Thread" daemon [_thread_blocked, id=5707, stack(0x00007f4368104000,0x00007f4368205000)]
  0x00007f43800a0800 JavaThread "Common-Cleaner" daemon [_thread_new, id=5709, stack(0x00007f435b4e8000,0x00007f435b5e9000)]

Other Threads:
  0x00007f438004e000 VMThread "VM Thread" [stack: 0x00007f436880d000,0x00007f436890d000] [id=5700]
  0x00007f438009d800 WatcherThread [stack: 0x00007f4368004000,0x00007f4368104000] [id=5708]

Threads with active compile tasks:

VM state:not at safepoint (normal execution)

VM Mutex/Monitor currently owned by a thread: None

Heap address: 0x0000000705c00000, size: 4004 MB, Compressed Oops mode: Zero based, Oop shift amount: 3
Narrow klass base: 0x0000000800000000, Narrow klass shift: 3
Compressed class space size: 1073741824 Address: 0x0000000840000000

Heap:
 def new generation   total 77440K, used 2754K [0x0000000705c00000, 0x000000070b000000, 0x00000007592a0000)
  eden space 68864K,   4% used [0x0000000705c00000, 0x0000000705eb0a58, 0x0000000709f40000)
  from space 8576K,   0% used [0x0000000709f40000, 0x0000000709f40000, 0x000000070a7a0000)
  to   space 8576K,   0% used [0x000000070a7a0000, 0x000000070a7a0000, 0x000000070b000000)
 tenured generation   total 172032K, used 0K [0x00000007592a0000, 0x0000000763aa0000, 0x0000000800000000)
   the space 172032K,   0% used [0x00000007592a0000, 0x00000007592a0000, 0x00000007592a0200, 0x0000000763aa0000)
 Metaspace       used 242K, capacity 4486K, committed 4864K, reserved 1056768K
  class space    used 10K, capacity 386K, committed 512K, reserved 1048576K

Card table byte_map: [0x00007f4384e93000,0x00007f4385666000] _byte_map_base: 0x00007f4381665000

Polling page: 0x00007f438969b000

Metaspace:

Usage:
  Non-class:      4.00 MB capacity,   231.63 KB (  6%) used,     3.78 MB ( 94%) free+waste,   128 bytes ( <1%) overhead. 
      Class:    386.00 KB capacity,    10.84 KB (  3%) used,   375.04 KB ( 97%) free+waste,   128 bytes ( <1%) overhead. 
       Both:      4.38 MB capacity,   242.47 KB (  5%) used,     4.14 MB ( 95%) free+waste,   256 bytes ( <1%) overhead. 

Virtual space:
  Non-class space:        8.00 MB reserved,       4.25 MB ( 53%) committed 
      Class space:        1.00 GB reserved,     512.00 KB ( <1%) committed 
             Both:        1.01 GB reserved,       4.75 MB ( <1%) committed 

Chunk freelists:
   Non-Class:  0 bytes
       Class:  0 bytes
        Both:  0 bytes

MaxMetaspaceSize: unlimited
CompressedClassSpaceSize: 1.00 GB

CodeHeap 'non-profiled nmethods': size=120036Kb used=17Kb max_used=17Kb free=120018Kb
 bounds [0x00007f43703d4000, 0x00007f4370644000, 0x00007f437790d000]
CodeHeap 'profiled nmethods': size=120032Kb used=114Kb max_used=114Kb free=119917Kb
 bounds [0x00007f4368e9c000, 0x00007f436910c000, 0x00007f43703d4000]
CodeHeap 'non-nmethods': size=5692Kb used=995Kb max_used=995Kb free=4697Kb
 bounds [0x00007f436890d000, 0x00007f4368b7d000, 0x00007f4368e9c000]
 total_blobs=387 nmethods=83 adapters=168
 compilation: enabled
              stopped_count=0, restarted_count=0
 full_count=0

Compilation events (20 events):
Event: 0.048 Thread 0x00007f438005e800   65       1       java.lang.module.ModuleDescriptor$Exports::targets (5 bytes)
Event: 0.048 Thread 0x00007f438005e800 nmethod 65 0x00007f43703d8210 code [0x00007f43703d83c0, 0x00007f43703d84f0]
Event: 0.051 Thread 0x00007f438005e800   75       3       java.lang.String::charAt (25 bytes)
Event: 0.052 Thread 0x00007f438005e800 nmethod 75 0x00007f4368eb5a10 code [0x00007f4368eb5c00, 0x00007f4368eb6038]
Event: 0.052 Thread 0x00007f438005e800   76       3       java.lang.StringLatin1::charAt (28 bytes)
Event: 0.052 Thread 0x00007f438005e800 nmethod 76 0x00007f4368eb6190 code [0x00007f4368eb6360, 0x00007f4368eb65a8]
Event: 0.052 Thread 0x00007f438005e800   77       3       java.lang.StringLatin1::canEncode (13 bytes)
Event: 0.052 Thread 0x00007f438005e800 nmethod 77 0x00007f4368eb6690 code [0x00007f4368eb6840, 0x00007f4368eb69d0]
Event: 0.053 Thread 0x00007f438005e800   78       3       java.lang.CharacterDataLatin1::getProperties (11 bytes)
Event: 0.053 Thread 0x00007f438005e800 nmethod 78 0x00007f4368eb6a90 code [0x00007f4368eb6c40, 0x00007f4368eb6df0]
Event: 0.054 Thread 0x00007f438005e800   79       3       jdk.internal.math.FDBigInteger::mult (64 bytes)
Event: 0.054 Thread 0x00007f438005e800 nmethod 79 0x00007f4368eb6f10 code [0x00007f4368eb70e0, 0x00007f4368eb7390]
Event: 0.054 Thread 0x00007f438005e800   80       3       jdk.internal.math.FDBigInteger::<init> (30 bytes)
Event: 0.054 Thread 0x00007f438005e800 nmethod 80 0x00007f4368eb7590 code [0x00007f4368eb7760, 0x00007f4368eb79a8]
Event: 0.054 Thread 0x00007f438005e800   81       3       jdk.internal.math.FDBigInteger::trimLeadingZeros (57 bytes)
Event: 0.054 Thread 0x00007f438005e800 nmethod 81 0x00007f4368eb7a90 code [0x00007f4368eb7c60, 0x00007f4368eb7fd0]
Event: 0.054 Thread 0x00007f438005e800   82       3       jdk.internal.math.FDBigInteger::makeImmutable (6 bytes)
Event: 0.054 Thread 0x00007f438005e800 nmethod 82 0x00007f4368eb8110 code [0x00007f4368eb82c0, 0x00007f4368eb8430]
Event: 0.054 Thread 0x00007f438005e800   83       3       jdk.internal.math.FDBigInteger::mult (44 bytes)
Event: 0.055 Thread 0x00007f438005e800 nmethod 83 0x00007f4368eb8490 code [0x00007f4368eb8660, 0x00007f4368eb89f8]

GC Heap History (0 events):
No events

Deoptimization events (0 events):
No events

Classes redefined (0 events):
No events

Internal exceptions (0 events):
No events

Events (20 events):
Event: 0.051 loading class jdk/internal/loader/URLClassPath$FileLoader done
Event: 0.051 loading class jdk/internal/loader/URLClassPath$FileLoader$1
Event: 0.051 loading class jdk/internal/loader/URLClassPath$FileLoader$1 done
Event: 0.052 Thread 0x00007f43800a0800 Thread added: 0x00007f43800a0800
Event: 0.053 loading class jdk/internal/math/FloatingDecimal
Event: 0.053 loading class jdk/internal/math/FloatingDecimal done
Event: 0.053 loading class jdk/internal/math/FloatingDecimal$ExceptionalBinaryToASCIIBuffer
Event: 0.053 loading class jdk/internal/math/FloatingDecimal$BinaryToASCIIConverter
Event: 0.053 loading class jdk/internal/math/FloatingDecimal$BinaryToASCIIConverter done
Event: 0.053 loading class jdk/internal/math/FloatingDecimal$ExceptionalBinaryToASCIIBuffer done
Event: 0.053 loading class jdk/internal/math/FloatingDecimal$BinaryToASCIIBuffer
Event: 0.053 loading class jdk/internal/math/FloatingDecimal$BinaryToASCIIBuffer done
Event: 0.053 loading class jdk/internal/math/FloatingDecimal$1
Event: 0.053 loading class jdk/internal/math/FloatingDecimal$1 done
Event: 0.053 loading class jdk/internal/math/FloatingDecimal$PreparedASCIIToBinaryBuffer
Event: 0.053 loading class jdk/internal/math/FloatingDecimal$ASCIIToBinaryConverter
Event: 0.053 loading class jdk/internal/math/FloatingDecimal$ASCIIToBinaryConverter done
Event: 0.053 loading class jdk/internal/math/FloatingDecimal$PreparedASCIIToBinaryBuffer done
Event: 0.054 loading class jdk/internal/math/FDBigInteger
Event: 0.054 loading class jdk/internal/math/FDBigInteger done


Dynamic libraries:
705c00000-70b000000 rw-p 00000000 00:00 0 
70b000000-7592a0000 ---p 00000000 00:00 0 
7592a0000-763aa0000 rw-p 00000000 00:00 0 
763aa0000-800000000 ---p 00000000 00:00 0 
800000000-800002000 rwxp 00001000 08:01 1314857                          /usr/lib/jvm/java-11-openjdk-amd64/lib/server/classes.jsa
800002000-8003b8000 rw-p 00003000 08:01 1314857                          /usr/lib/jvm/java-11-openjdk-amd64/lib/server/classes.jsa
8003b8000-800a7f000 r--p 003b9000 08:01 1314857                          /usr/lib/jvm/java-11-openjdk-amd64/lib/server/classes.jsa
800a7f000-800a80000 rw-p 00a80000 08:01 1314857                          /usr/lib/jvm/java-11-openjdk-amd64/lib/server/classes.jsa
800a80000-80108c000 r--p 00a81000 08:01 1314857                          /usr/lib/jvm/java-11-openjdk-amd64/lib/server/classes.jsa
840000000-840080000 rw-p 00000000 00:00 0 
840080000-880000000 ---p 00000000 00:00 0 
556812db6000-556812db7000 r-xp 00000000 08:01 1311829                    /usr/lib/jvm/java-11-openjdk-amd64/bin/java
556812fb7000-556812fb8000 r--p 00001000 08:01 1311829                    /usr/lib/jvm/java-11-openjdk-amd64/bin/java
556812fb8000-556812fb9000 rw-p 00002000 08:01 1311829                    /usr/lib/jvm/java-11-openjdk-amd64/bin/java
55681336b000-55681338c000 rw-p 00000000 00:00 0                          [heap]
7f4344000000-7f4344021000 rw-p 00000000 00:00 0 
7f4344021000-7f4348000000 ---p 00000000 00:00 0 
7f434c000000-7f434c066000 rw-p 00000000 00:00 0 
7f434c066000-7f4350000000 ---p 00000000 00:00 0 
7f4350000000-7f435007e000 rw-p 00000000 00:00 0 
7f435007e000-7f4354000000 ---p 00000000 00:00 0 
7f4354000000-7f4354021000 rw-p 00000000 00:00 0 
7f4354021000-7f4358000000 ---p 00000000 00:00 0 
7f435b4e8000-7f435b5e9000 rw-p 00000000 00:00 0 
7f435b5e9000-7f435c000000 r--p 00000000 08:01 1317468                    /usr/lib/locale/locale-archive
7f435c000000-7f435c021000 rw-p 00000000 00:00 0 
7f435c021000-7f4360000000 ---p 00000000 00:00 0 
7f4360000000-7f4360021000 rw-p 00000000 00:00 0 
7f4360021000-7f4364000000 ---p 00000000 00:00 0 
7f4364000000-7f4364021000 rw-p 00000000 00:00 0 
7f4364021000-7f4368000000 ---p 00000000 00:00 0 
7f4368002000-7f4368003000 ---p 00000000 00:00 0 
7f4368003000-7f4368104000 rw-p 00000000 00:00 0 
7f4368104000-7f4368108000 ---p 00000000 00:00 0 
7f4368108000-7f4368205000 rw-p 00000000 00:00 0 
7f4368205000-7f4368209000 ---p 00000000 00:00 0 
7f4368209000-7f4368306000 rw-p 00000000 00:00 0 
7f4368306000-7f436830a000 ---p 00000000 00:00 0 
7f436830a000-7f4368407000 rw-p 00000000 00:00 0 
7f4368407000-7f436840b000 ---p 00000000 00:00 0 
7f436840b000-7f4368508000 rw-p 00000000 00:00 0 
7f4368508000-7f436850c000 ---p 00000000 00:00 0 
7f436850c000-7f4368609000 rw-p 00000000 00:00 0 
7f4368609000-7f436860d000 ---p 00000000 00:00 0 
7f436860d000-7f436870a000 rw-p 00000000 00:00 0 
7f436870a000-7f436870e000 ---p 00000000 00:00 0 
7f436870e000-7f436880b000 rw-p 00000000 00:00 0 
7f436880b000-7f436880c000 ---p 00000000 00:00 0 
7f436880c000-7f436890d000 rw-p 00000000 00:00 0 
7f436890d000-7f4368b7d000 rwxp 00000000 00:00 0 
7f4368b7d000-7f4368e9c000 ---p 00000000 00:00 0 
7f4368e9c000-7f436910c000 rwxp 00000000 00:00 0 
7f436910c000-7f43703d4000 ---p 00000000 00:00 0 
7f43703d4000-7f4370644000 rwxp 00000000 00:00 0 
7f4370644000-7f437790d000 ---p 00000000 00:00 0 
7f437790d000-7f4380000000 r--s 00000000 08:01 1314702                    /usr/lib/jvm/java-11-openjdk-amd64/lib/modules
7f4380000000-7f43800ae000 rw-p 00000000 00:00 0 
7f43800ae000-7f4384000000 ---p 00000000 00:00 0 
7f43840db000-7f438459c000 rw-p 00000000 00:00 0 
7f438459c000-7f438495c000 ---p 00000000 00:00 0 
7f438495c000-7f43849b1000 rw-p 00000000 00:00 0 
7f43849b1000-7f4384e93000 ---p 00000000 00:00 0 
7f4384e93000-7f4384ebd000 rw-p 00000000 00:00 0 
7f4384ebd000-7f438512e000 ---p 00000000 00:00 0 
7f438512e000-7f4385183000 rw-p 00000000 00:00 0 
7f4385183000-7f4385665000 ---p 00000000 00:00 0 
7f4385665000-7f438566b000 rw-p 00000000 00:00 0 
7f438566b000-7f4385751000 ---p 00000000 00:00 0 
7f4385751000-7f4385756000 rw-p 00000000 00:00 0 
7f4385756000-7f438583c000 ---p 00000000 00:00 0 
7f438583c000-7f4385841000 r-xp 00000000 08:01 1314683                    /usr/lib/jvm/java-11-openjdk-amd64/lib/libjimage.so
7f4385841000-7f4385a40000 ---p 00005000 08:01 1314683                    /usr/lib/jvm/java-11-openjdk-amd64/lib/libjimage.so
7f4385a40000-7f4385a41000 r--p 00004000 08:01 1314683                    /usr/lib/jvm/java-11-openjdk-amd64/lib/libjimage.so
7f4385a41000-7f4385a42000 rw-p 00005000 08:01 1314683                    /usr/lib/jvm/java-11-openjdk-amd64/lib/libjimage.so
7f4385a42000-7f4385a49000 r-xp 00000000 08:01 1314701                    /usr/lib/jvm/java-11-openjdk-amd64/lib/libzip.so
7f4385a49000-7f4385c48000 ---p 00007000 08:01 1314701                    /usr/lib/jvm/java-11-openjdk-amd64/lib/libzip.so
7f4385c48000-7f4385c49000 r--p 00006000 08:01 1314701                    /usr/lib/jvm/java-11-openjdk-amd64/lib/libzip.so
7f4385c49000-7f4385c4a000 rw-p 00007000 08:01 1314701                    /usr/lib/jvm/java-11-openjdk-amd64/lib/libzip.so
7f4385c4a000-7f4385c55000 r-xp 00000000 08:01 268047                     /lib/x86_64-linux-gnu/libnss_files-2.27.so
7f4385c55000-7f4385e54000 ---p 0000b000 08:01 268047                     /lib/x86_64-linux-gnu/libnss_files-2.27.so
7f4385e54000-7f4385e55000 r--p 0000a000 08:01 268047                     /lib/x86_64-linux-gnu/libnss_files-2.27.so
7f4385e55000-7f4385e56000 rw-p 0000b000 08:01 268047                     /lib/x86_64-linux-gnu/libnss_files-2.27.so
7f4385e56000-7f4385e5c000 rw-p 00000000 00:00 0 
7f4385e5c000-7f4385e73000 r-xp 00000000 08:01 268041                     /lib/x86_64-linux-gnu/libnsl-2.27.so
7f4385e73000-7f4386072000 ---p 00017000 08:01 268041                     /lib/x86_64-linux-gnu/libnsl-2.27.so
7f4386072000-7f4386073000 r--p 00016000 08:01 268041                     /lib/x86_64-linux-gnu/libnsl-2.27.so
7f4386073000-7f4386074000 rw-p 00017000 08:01 268041                     /lib/x86_64-linux-gnu/libnsl-2.27.so
7f4386074000-7f4386076000 rw-p 00000000 00:00 0 
7f4386076000-7f4386081000 r-xp 00000000 08:01 268058                     /lib/x86_64-linux-gnu/libnss_nis-2.27.so
7f4386081000-7f4386280000 ---p 0000b000 08:01 268058                     /lib/x86_64-linux-gnu/libnss_nis-2.27.so
7f4386280000-7f4386281000 r--p 0000a000 08:01 268058                     /lib/x86_64-linux-gnu/libnss_nis-2.27.so
7f4386281000-7f4386282000 rw-p 0000b000 08:01 268058                     /lib/x86_64-linux-gnu/libnss_nis-2.27.so
7f4386282000-7f438628a000 r-xp 00000000 08:01 268043                     /lib/x86_64-linux-gnu/libnss_compat-2.27.so
7f438628a000-7f438648a000 ---p 00008000 08:01 268043                     /lib/x86_64-linux-gnu/libnss_compat-2.27.so
7f438648a000-7f438648b000 r--p 00008000 08:01 268043                     /lib/x86_64-linux-gnu/libnss_compat-2.27.so
7f438648b000-7f438648c000 rw-p 00009000 08:01 268043                     /lib/x86_64-linux-gnu/libnss_compat-2.27.so
7f438648c000-7f43864b5000 r-xp 00000000 08:01 1314678                    /usr/lib/jvm/java-11-openjdk-amd64/lib/libjava.so
7f43864b5000-7f43866b4000 ---p 00029000 08:01 1314678                    /usr/lib/jvm/java-11-openjdk-amd64/lib/libjava.so
7f43866b4000-7f43866b5000 r--p 00028000 08:01 1314678                    /usr/lib/jvm/java-11-openjdk-amd64/lib/libjava.so
7f43866b5000-7f43866b7000 rw-p 00029000 08:01 1314678                    /usr/lib/jvm/java-11-openjdk-amd64/lib/libjava.so
7f43866b7000-7f43866c4000 r-xp 00000000 08:01 1314699                    /usr/lib/jvm/java-11-openjdk-amd64/lib/libverify.so
7f43866c4000-7f43868c3000 ---p 0000d000 08:01 1314699                    /usr/lib/jvm/java-11-openjdk-amd64/lib/libverify.so
7f43868c3000-7f43868c5000 r--p 0000c000 08:01 1314699                    /usr/lib/jvm/java-11-openjdk-amd64/lib/libverify.so
7f43868c5000-7f43868c6000 rw-p 0000e000 08:01 1314699                    /usr/lib/jvm/java-11-openjdk-amd64/lib/libverify.so
7f43868c6000-7f43868cd000 r-xp 00000000 08:01 268098                     /lib/x86_64-linux-gnu/librt-2.27.so
7f43868cd000-7f4386acc000 ---p 00007000 08:01 268098                     /lib/x86_64-linux-gnu/librt-2.27.so
7f4386acc000-7f4386acd000 r--p 00006000 08:01 268098                     /lib/x86_64-linux-gnu/librt-2.27.so
7f4386acd000-7f4386ace000 rw-p 00007000 08:01 268098                     /lib/x86_64-linux-gnu/librt-2.27.so
7f4386ace000-7f4386ae5000 r-xp 00000000 08:01 262233                     /lib/x86_64-linux-gnu/libgcc_s.so.1
7f4386ae5000-7f4386ce4000 ---p 00017000 08:01 262233                     /lib/x86_64-linux-gnu/libgcc_s.so.1
7f4386ce4000-7f4386ce5000 r--p 00016000 08:01 262233                     /lib/x86_64-linux-gnu/libgcc_s.so.1
7f4386ce5000-7f4386ce6000 rw-p 00017000 08:01 262233                     /lib/x86_64-linux-gnu/libgcc_s.so.1
7f4386ce6000-7f4386e83000 r-xp 00000000 08:01 268020                     /lib/x86_64-linux-gnu/libm-2.27.so
7f4386e83000-7f4387082000 ---p 0019d000 08:01 268020                     /lib/x86_64-linux-gnu/libm-2.27.so
7f4387082000-7f4387083000 r--p 0019c000 08:01 268020                     /lib/x86_64-linux-gnu/libm-2.27.so
7f4387083000-7f4387084000 rw-p 0019d000 08:01 268020                     /lib/x86_64-linux-gnu/libm-2.27.so
7f4387084000-7f43871fd000 r-xp 00000000 08:01 1312803                    /usr/lib/x86_64-linux-gnu/libstdc++.so.6.0.25
7f43871fd000-7f43873fd000 ---p 00179000 08:01 1312803                    /usr/lib/x86_64-linux-gnu/libstdc++.so.6.0.25
7f43873fd000-7f4387407000 r--p 00179000 08:01 1312803                    /usr/lib/x86_64-linux-gnu/libstdc++.so.6.0.25
7f4387407000-7f4387409000 rw-p 00183000 08:01 1312803                    /usr/lib/x86_64-linux-gnu/libstdc++.so.6.0.25
7f4387409000-7f438740d000 rw-p 00000000 00:00 0 
7f438740d000-7f43884ea000 r-xp 00000000 08:01 1314707                    /usr/lib/jvm/java-11-openjdk-amd64/lib/server/libjvm.so
7f43884ea000-7f43886e9000 ---p 010dd000 08:01 1314707                    /usr/lib/jvm/java-11-openjdk-amd64/lib/server/libjvm.so
7f43886e9000-7f43887a6000 r--p 010dc000 08:01 1314707                    /usr/lib/jvm/java-11-openjdk-amd64/lib/server/libjvm.so
7f43887a6000-7f43887e0000 rw-p 01199000 08:01 1314707                    /usr/lib/jvm/java-11-openjdk-amd64/lib/server/libjvm.so
7f43887e0000-7f4388836000 rw-p 00000000 00:00 0 
7f4388836000-7f4388850000 r-xp 00000000 08:01 268090                     /lib/x86_64-linux-gnu/libpthread-2.27.so
7f4388850000-7f4388a4f000 ---p 0001a000 08:01 268090                     /lib/x86_64-linux-gnu/libpthread-2.27.so
7f4388a4f000-7f4388a50000 r--p 00019000 08:01 268090                     /lib/x86_64-linux-gnu/libpthread-2.27.so
7f4388a50000-7f4388a51000 rw-p 0001a000 08:01 268090                     /lib/x86_64-linux-gnu/libpthread-2.27.so
7f4388a51000-7f4388a55000 rw-p 00000000 00:00 0 
7f4388a55000-7f4388a58000 r-xp 00000000 08:01 267980                     /lib/x86_64-linux-gnu/libdl-2.27.so
7f4388a58000-7f4388c57000 ---p 00003000 08:01 267980                     /lib/x86_64-linux-gnu/libdl-2.27.so
7f4388c57000-7f4388c58000 r--p 00002000 08:01 267980                     /lib/x86_64-linux-gnu/libdl-2.27.so
7f4388c58000-7f4388c59000 rw-p 00003000 08:01 267980                     /lib/x86_64-linux-gnu/libdl-2.27.so
7f4388c59000-7f4388c75000 r-xp 00000000 08:01 268129                     /lib/x86_64-linux-gnu/libz.so.1.2.11
7f4388c75000-7f4388e74000 ---p 0001c000 08:01 268129                     /lib/x86_64-linux-gnu/libz.so.1.2.11
7f4388e74000-7f4388e75000 r--p 0001b000 08:01 268129                     /lib/x86_64-linux-gnu/libz.so.1.2.11
7f4388e75000-7f4388e76000 rw-p 0001c000 08:01 268129                     /lib/x86_64-linux-gnu/libz.so.1.2.11
7f4388e76000-7f438905d000 r-xp 00000000 08:01 267957                     /lib/x86_64-linux-gnu/libc-2.27.so
7f438905d000-7f438925d000 ---p 001e7000 08:01 267957                     /lib/x86_64-linux-gnu/libc-2.27.so
7f438925d000-7f4389261000 r--p 001e7000 08:01 267957                     /lib/x86_64-linux-gnu/libc-2.27.so
7f4389261000-7f4389263000 rw-p 001eb000 08:01 267957                     /lib/x86_64-linux-gnu/libc-2.27.so
7f4389263000-7f4389267000 rw-p 00000000 00:00 0 
7f4389267000-7f4389277000 r-xp 00000000 08:01 1314662                    /usr/lib/jvm/java-11-openjdk-amd64/lib/jli/libjli.so
7f4389277000-7f4389476000 ---p 00010000 08:01 1314662                    /usr/lib/jvm/java-11-openjdk-amd64/lib/jli/libjli.so
7f4389476000-7f4389477000 r--p 0000f000 08:01 1314662                    /usr/lib/jvm/java-11-openjdk-amd64/lib/jli/libjli.so
7f4389477000-7f4389478000 rw-p 00010000 08:01 1314662                    /usr/lib/jvm/java-11-openjdk-amd64/lib/jli/libjli.so
7f4389478000-7f438949f000 r-xp 00000000 08:01 267929                     /lib/x86_64-linux-gnu/ld-2.27.so
7f43894b5000-7f438957f000 rw-p 00000000 00:00 0 
7f438957f000-7f4389586000 ---p 00000000 00:00 0 
7f4389586000-7f438958a000 ---p 00000000 00:00 0 
7f438958a000-7f4389689000 rw-p 00000000 00:00 0 
7f4389691000-7f4389693000 r--s 00007000 08:01 1600461                    /usr/share/java/java-atk-wrapper.jar
7f4389693000-7f438969b000 rw-s 00000000 08:01 1992934                    /tmp/hsperfdata_pd2/5698
7f438969b000-7f438969c000 ---p 00000000 00:00 0 
7f438969c000-7f438969d000 r--p 00000000 00:00 0 
7f438969d000-7f438969f000 rw-p 00000000 00:00 0 
7f438969f000-7f43896a0000 r--p 00027000 08:01 267929                     /lib/x86_64-linux-gnu/ld-2.27.so
7f43896a0000-7f43896a1000 rw-p 00028000 08:01 267929                     /lib/x86_64-linux-gnu/ld-2.27.so
7f43896a1000-7f43896a2000 rw-p 00000000 00:00 0 
7ffe5b0f0000-7ffe5b111000 rw-p 00000000 00:00 0                          [stack]
7ffe5b18c000-7ffe5b18f000 r--p 00000000 00:00 0                          [vvar]
7ffe5b18f000-7ffe5b190000 r-xp 00000000 00:00 0                          [vdso]
ffffffffff600000-ffffffffff601000 --xp 00000000 00:00 0                  [vsyscall]


VM Arguments:
jvm_args: -Xverify:none 
java_command: Main
java_class_path (initial): .
Launcher Type: SUN_STANDARD

[Global flags]
     bool BytecodeVerificationLocal                = false                                     {product} {command line}
     bool BytecodeVerificationRemote               = false                                     {product} {command line}
     intx CICompilerCount                          = 2                                         {product} {ergonomic}
   size_t InitialHeapSize                          = 264241152                                 {product} {ergonomic}
   size_t MaxHeapSize                              = 4198498304                                {product} {ergonomic}
   size_t MaxNewSize                               = 1399455744                                {product} {ergonomic}
   size_t MinHeapDeltaBytes                        = 196608                                    {product} {ergonomic}
   size_t NewSize                                  = 88080384                                  {product} {ergonomic}
    uintx NonNMethodCodeHeapSize                   = 5825164                                {pd product} {ergonomic}
    uintx NonProfiledCodeHeapSize                  = 122916538                              {pd product} {ergonomic}
   size_t OldSize                                  = 176160768                                 {product} {ergonomic}
    uintx ProfiledCodeHeapSize                     = 122916538                              {pd product} {ergonomic}
    uintx ReservedCodeCacheSize                    = 251658240                              {pd product} {ergonomic}
     bool SegmentedCodeCache                       = true                                      {product} {ergonomic}
     bool UseCompressedClassPointers               = true                                 {lp64_product} {ergonomic}
     bool UseCompressedOops                        = true                                 {lp64_product} {ergonomic}
     bool UseSerialGC                              = true                                      {product} {ergonomic}

Logging:
Log output configuration:
 #0: stdout all=warning uptime,level,tags
 #1: stderr all=off uptime,level,tags

Environment Variables:
PATH=/usr/local/sbin:/usr/local/bin:/usr/sbin:/usr/bin:/sbin:/bin:/usr/games:/usr/local/games:/snap/bin
USERNAME=pd2
SHELL=/bin/bash
DISPLAY=:0

Signal Handlers:
SIGSEGV: [libjvm.so+0xdf8d00], sa_mask[0]=11111111011111111101111111111110, sa_flags=SA_RESTART|SA_SIGINFO
SIGBUS: [libjvm.so+0xdf8d00], sa_mask[0]=11111111011111111101111111111110, sa_flags=SA_RESTART|SA_SIGINFO
SIGFPE: [libjvm.so+0xdf8d00], sa_mask[0]=11111111011111111101111111111110, sa_flags=SA_RESTART|SA_SIGINFO
SIGPIPE: [libjvm.so+0xbcbc30], sa_mask[0]=11111111011111111101111111111110, sa_flags=SA_RESTART|SA_SIGINFO
SIGXFSZ: [libjvm.so+0xbcbc30], sa_mask[0]=11111111011111111101111111111110, sa_flags=SA_RESTART|SA_SIGINFO
SIGILL: [libjvm.so+0xdf8d00], sa_mask[0]=11111111011111111101111111111110, sa_flags=SA_RESTART|SA_SIGINFO
SIGUSR2: [libjvm.so+0xbcbad0], sa_mask[0]=00000000000000000000000000000000, sa_flags=SA_RESTART|SA_SIGINFO
SIGHUP: [libjvm.so+0xbcbe30], sa_mask[0]=11111111011111111101111111111110, sa_flags=SA_RESTART|SA_SIGINFO
SIGINT: [libjvm.so+0xbcbe30], sa_mask[0]=11111111011111111101111111111110, sa_flags=SA_RESTART|SA_SIGINFO
SIGTERM: [libjvm.so+0xbcbe30], sa_mask[0]=11111111011111111101111111111110, sa_flags=SA_RESTART|SA_SIGINFO
SIGQUIT: [libjvm.so+0xbcbe30], sa_mask[0]=11111111011111111101111111111110, sa_flags=SA_RESTART|SA_SIGINFO


---------------  S Y S T E M  ---------------

OS:DISTRIB_ID=Ubuntu
DISTRIB_RELEASE=18.04
DISTRIB_CODENAME=bionic
DISTRIB_DESCRIPTION="Ubuntu 18.04.4 LTS"
uname:Linux 5.3.0-53-generic #47~18.04.1-Ubuntu SMP Thu May 7 13:10:50 UTC 2020 x86_64
OS uptime: 0 days 22:49 hours
libc:glibc 2.27 NPTL 2.27 
rlimit: STACK 8192k, CORE 0k, NPROC 63867, NOFILE 4096, AS infinity, CPU infinity, DATA infinity, FSIZE infinity
load average:0.22 0.13 0.07

/proc/meminfo:
MemTotal:       16398728 kB
MemFree:        11496128 kB
MemAvailable:   14240976 kB
Buffers:           78608 kB
Cached:          2824956 kB
SwapCached:            0 kB
Active:          3091096 kB
Inactive:        1326696 kB
Active(anon):    1515388 kB
Inactive(anon):   117932 kB
Active(file):    1575708 kB
Inactive(file):  1208764 kB
Unevictable:         184 kB
Mlocked:             184 kB
SwapTotal:       1942896 kB
SwapFree:        1942896 kB
Dirty:               196 kB
Writeback:             0 kB
AnonPages:       1514492 kB
Mapped:           512080 kB
Shmem:            118996 kB
KReclaimable:     296428 kB
Slab:             341828 kB
SReclaimable:     296428 kB
SUnreclaim:        45400 kB
KernelStack:       10732 kB
PageTables:        55720 kB
NFS_Unstable:          0 kB
Bounce:                0 kB
WritebackTmp:          0 kB
CommitLimit:    10142260 kB
Committed_AS:    7348376 kB
VmallocTotal:   34359738367 kB
VmallocUsed:       45812 kB
VmallocChunk:          0 kB
Percpu:              336 kB
HardwareCorrupted:     0 kB
AnonHugePages:         0 kB
ShmemHugePages:        0 kB
ShmemPmdMapped:        0 kB
CmaTotal:              0 kB
CmaFree:               0 kB
HugePages_Total:       0
HugePages_Free:        0
HugePages_Rsvd:        0
HugePages_Surp:        0
Hugepagesize:       2048 kB
Hugetlb:               0 kB
DirectMap4k:      204736 kB
DirectMap2M:    16572416 kB


/proc/sys/kernel/threads-max (system-wide limit on the number of threads):
127734


/proc/sys/vm/max_map_count (maximum number of memory map areas a process may have):
65530


/proc/sys/kernel/pid_max (system-wide limit on number of process identifiers):
32768



container (cgroup) information:
container_type: cgroupv1
cpu_cpuset_cpus: 0
cpu_memory_nodes: 0
active_processor_count: 1
cpu_quota: -1
cpu_period: 100000
cpu_shares: -1
memory_limit_in_bytes: -1
memory_and_swap_limit_in_bytes: -2
memory_soft_limit_in_bytes: -1
memory_usage_in_bytes: 4524138496
memory_max_usage_in_bytes: 0

KVM virtualization detected
Steal ticks since vm start: 0
Steal ticks percentage since vm start:  0.000

CPU:total 1 (initial active 1) (1 cores per cpu, 1 threads per core) family 6 model 158 stepping 13, cmov, cx8, fxsr, mmx, sse, sse2, sse3, ssse3, sse4.1, sse4.2, popcnt, avx, avx2, aes, clmul, 3dnowpref, lzcnt, tsc, tscinvbit
CPU Model and flags from /proc/cpuinfo:
model name	: Intel(R) Core(TM) i7-9700F CPU @ 3.00GHz
flags		: fpu vme de pse tsc msr pae mce cx8 apic sep mtrr pge mca cmov pat pse36 clflush mmx fxsr sse sse2 ht syscall nx rdtscp lm constant_tsc rep_good nopl xtopology nonstop_tsc cpuid tsc_known_freq pni pclmulqdq monitor ssse3 cx16 pcid sse4_1 sse4_2 x2apic movbe popcnt aes xsave avx rdrand hypervisor lahf_lm abm 3dnowprefetch invpcid_single fsgsbase avx2 invpcid rdseed clflushopt md_clear flush_l1d arch_capabilities

Memory: 4k page, physical 16398728k(11496128k free), swap 1942896k(1942896k free)

vm_info: OpenJDK 64-Bit Server VM (11.0.7+10-post-Ubuntu-2ubuntu218.04) for linux-amd64 JRE (11.0.7+10-post-Ubuntu-2ubuntu218.04), built on Apr 15 2020 21:12:54 by "unknown" with gcc 7.5.0

END.
