#
# A fatal error has been detected by the Java Runtime Environment:
#
#  SIGSEGV (0xb) at pc=0x00007f028c9eec7d, pid=17056, tid=17057
#
# JRE version: OpenJDK Runtime Environment (11.0.7+10) (build 11.0.7+10-post-Ubuntu-2ubuntu218.04)
# Java VM: OpenJDK 64-Bit Server VM (11.0.7+10-post-Ubuntu-2ubuntu218.04, mixed mode, sharing, tiered, compressed oops, serial gc, linux-amd64)
# Problematic frame:
# V  [libjvm.so+0x847c7d]
#
# Core dump will be written. Default location: Core dumps may be processed with "/usr/share/apport/apport %p %s %c %d %P %E" (or dumping to /home/pd2/Desktop/Compiler_StudentID_HW3/core.17056)
#
# If you would like to submit a bug report, please visit:
#   https://bugs.launchpad.net/ubuntu/+source/openjdk-lts
#

---------------  S U M M A R Y ------------

Command Line: -Xverify:none Main

Host: Intel(R) Core(TM) i7-9700F CPU @ 3.00GHz, 1 cores, 15G, Ubuntu 18.04.4 LTS
Time: Thu Jun 11 01:12:31 2020 CST elapsed time: 0 seconds (0d 0h 0m 0s)

---------------  T H R E A D  ---------------

Current thread (0x00007f0284015800):  JavaThread "main" [_thread_in_vm, id=17057, stack(0x00007f028e320000,0x00007f028e421000)]

Stack: [0x00007f028e320000,0x00007f028e421000],  sp=0x00007f026c9290b9,  free space=18014398508931108k
Native frames: (J=compiled Java code, A=aot compiled Java code, j=interpreted, Vv=VM code, C=native code)
V  [libjvm.so+0x847c7d]

Java frames: (J=compiled Java code, j=interpreted, Vv=VM code)
j  Main.main([Ljava/lang/String;)V+167
v  ~StubRoutines::call_stub

siginfo: si_signo: 11 (SIGSEGV), si_code: 128 (SI_KERNEL), si_addr: 0x0000000000000000

Register to memory mapping:

RAX=
[error occurred during error reporting (printing register info), id 0xb, SIGSEGV (0xb) at pc=0x00007f028ceff2c0]

Registers:
RAX=0x00007f026c929159, RBX=0x00007f0284015800, RCX=0x0000000000000007, RDX=0x0000000000000000
RSP=0x00007f026c9290b9, RBP=0x00007f026c929249, RSI=0x00007f026c91a047, RDI=0x00007f026c915490
R8 =0x00007f026c90d000, R9 =0x0000000000000000, R10=0x0000000000000000, R11=0x00007f028d04ff54
R12=0x0000000705c95340, R13=0x00007f02892f636f, R14=0x00007f028e41f9f8, R15=0x00007f0284015800
RIP=0x00007f028c9eec7d, EFLAGS=0x0000000000010246, CSGSFS=0x002b000000000033, ERR=0x0000000000000000
  TRAPNO=0x000000000000000d

Top of Stack: (sp=0x00007f026c9290b9)
0x00007f026c9290b8:   0000032097894d00 007f0284015b2049
0x00007f026c9290c8:   00033097894d0000 0000000000ba4900
0x00007f026c9290d8:   032897894d000000 7f814977f8c50000
0x00007f026c9290e8:   05840f0000000008 fffe4688e9000000
0x00007f026c9290f8:   c8758b4cc06d8b4c 

Instructions: (pc=0x00007f028c9eec7d)
0x00007f028c9eeb7d:   89 ff 48 8b 88 68 03 00 00 e8 35 31 ec ff 4c 89
0x00007f028c9eeb8d:   ef e8 5d 84 39 00 49 83 3e 00 4c 8b 95 58 ff ff
0x00007f028c9eeb9d:   ff 74 1e 48 8b b5 50 ff ff ff 4c 89 d7 e8 c1 b5
0x00007f028c9eebad:   b8 ff 4c 89 f7 e8 09 a6 b8 ff 4c 8b 95 58 ff ff
0x00007f028c9eebbd:   ff 48 8b 85 68 ff ff ff 4d 89 72 10 49 89 42 18
0x00007f028c9eebcd:   48 8b 85 60 ff ff ff 49 89 42 20 e9 61 fd ff ff
0x00007f028c9eebdd:   0f 1f 00 4c 89 ff e8 98 df 44 00 e9 a4 fe ff ff
0x00007f028c9eebed:   90 66 90 55 48 8d 87 20 03 00 00 48 89 e5 41 57
0x00007f028c9eebfd:   41 56 41 55 41 54 49 89 f4 53 48 89 fe 48 89 fb
0x00007f028c9eec0d:   48 81 ec 68 01 00 00 c7 87 b8 03 00 00 06 00 00
0x00007f028c9eec1d:   00 48 89 c7 48 89 85 78 fe ff ff 48 c7 85 e8 fe
0x00007f028c9eec2d:   ff ff 00 00 00 00 48 c7 85 e0 fe ff ff 00 00 00
0x00007f028c9eec3d:   00 48 c7 85 08 ff ff ff 00 00 00 00 48 c7 85 00
0x00007f028c9eec4d:   ff ff ff 00 00 00 00 48 c7 85 f0 fe ff ff 00 00
0x00007f028c9eec5d:   00 00 c7 85 f8 fe ff ff 02 00 00 00 e8 62 fb ec
0x00007f028c9eec6d:   ff 48 8d bd 10 ff ff ff 48 89 de e8 63 f0 54 00
0x00007f028c9eec7d:   66 0f 6f 85 10 ff ff ff 48 8d bd b0 fe ff ff 4c
0x00007f028c9eec8d:   89 e2 48 89 de 0f 29 85 e0 fe ff ff 66 0f 6f 85
0x00007f028c9eec9d:   20 ff ff ff 0f 29 85 f0 fe ff ff 66 0f 6f 85 30
0x00007f028c9eecad:   ff ff ff 0f 29 85 00 ff ff ff e8 94 63 b8 ff 48
0x00007f028c9eecbd:   8d 85 e0 fe ff ff 48 89 c7 48 89 85 a0 fe ff ff
0x00007f028c9eeccd:   e8 1e c2 ec ff 48 89 85 a8 fe ff ff 48 85 c0 49
0x00007f028c9eecdd:   89 c5 f3 0f 7e 85 a8 fe ff ff 48 89 9d a8 fe ff
0x00007f028c9eeced:   ff 0f 16 85 a8 fe ff ff 0f 29 85 c0 fe ff ff 74
0x00007f028c9eecfd:   29 4c 8b b3 80 02 00 00 49 63 16 41 3b 56 04 0f
0x00007f028c9eed0d:   84 de 06 00 00 49 8b 46 18 8d 4a 01 41 89 0e 4c
0x00007f028c9eed1d:   89 2c d0 4c 8b ad c0 fe ff ff 49 8b 45 08 4c 8b
0x00007f028c9eed2d:   70 08 48 89 9d d8 fe ff ff 4d 85 f6 4c 89 b5 d0
0x00007f028c9eed3d:   fe ff ff 74 24 4c 8b ab 80 02 00 00 49 63 55 00
0x00007f028c9eed4d:   41 3b 55 04 0f 84 39 07 00 00 49 8b 45 18 8d 4a
0x00007f028c9eed5d:   01 41 89 4d 00 4c 89 34 d0 48 8b bd a0 fe ff ff
0x00007f028c9eed6d:   e8 ae c1 ec ff 41 89 c5 8b 83 50 04 00 00 85 c0 




---------------  P R O C E S S  ---------------

Threads class SMR info:
_java_thread_list=0x00007f02840a22c0, length=9, elements={
0x00007f0284015800, 0x00007f0284051000, 0x00007f0284053000, 0x00007f028405a000,
0x00007f028405c800, 0x00007f028405e800, 0x00007f0284060800, 0x00007f028409b800,
0x00007f02840a0800
}

Java Threads: ( => current thread )
=>0x00007f0284015800 JavaThread "main" [_thread_in_vm, id=17057, stack(0x00007f028e320000,0x00007f028e421000)]
  0x00007f0284051000 JavaThread "Reference Handler" daemon [_thread_blocked, id=17059, stack(0x00007f0288c72000,0x00007f0288d73000)]
  0x00007f0284053000 JavaThread "Finalizer" daemon [_thread_blocked, id=17060, stack(0x00007f0288b71000,0x00007f0288c72000)]
  0x00007f028405a000 JavaThread "Signal Dispatcher" daemon [_thread_blocked, id=17061, stack(0x00007f0288059000,0x00007f028815a000)]
  0x00007f028405c800 JavaThread "C2 CompilerThread0" daemon [_thread_blocked, id=17062, stack(0x00007f026c80c000,0x00007f026c90d000)]
  0x00007f028405e800 JavaThread "C1 CompilerThread0" daemon [_thread_blocked, id=17063, stack(0x00007f026c70b000,0x00007f026c80c000)]
  0x00007f0284060800 JavaThread "Sweeper thread" daemon [_thread_blocked, id=17064, stack(0x00007f026c60a000,0x00007f026c70b000)]
  0x00007f028409b800 JavaThread "Service Thread" daemon [_thread_blocked, id=17065, stack(0x00007f026c509000,0x00007f026c60a000)]
  0x00007f02840a0800 JavaThread "Common-Cleaner" daemon [_thread_new, id=17067, stack(0x00007f026c306000,0x00007f026c407000)]

Other Threads:
  0x00007f028404e000 VMThread "VM Thread" [stack: 0x00007f0288d75000,0x00007f0288e75000] [id=17058]
  0x00007f028409d800 WatcherThread [stack: 0x00007f026c409000,0x00007f026c509000] [id=17066]

Threads with active compile tasks:

VM state:not at safepoint (normal execution)

VM Mutex/Monitor currently owned by a thread: None

Heap address: 0x0000000705c00000, size: 4004 MB, Compressed Oops mode: Zero based, Oop shift amount: 3
Narrow klass base: 0x0000000800000000, Narrow klass shift: 3
Compressed class space size: 1073741824 Address: 0x0000000840000000

Heap:
 def new generation   total 77440K, used 2754K [0x0000000705c00000, 0x000000070b000000, 0x00000007592a0000)
  eden space 68864K,   4% used [0x0000000705c00000, 0x0000000705eb0a58, 0x0000000709f40000)
  from space 8576K,   0% used [0x0000000709f40000, 0x0000000709f40000, 0x000000070a7a0000)
  to   space 8576K,   0% used [0x000000070a7a0000, 0x000000070a7a0000, 0x000000070b000000)
 tenured generation   total 172032K, used 0K [0x00000007592a0000, 0x0000000763aa0000, 0x0000000800000000)
   the space 172032K,   0% used [0x00000007592a0000, 0x00000007592a0000, 0x00000007592a0200, 0x0000000763aa0000)
 Metaspace       used 179K, capacity 4486K, committed 4864K, reserved 1056768K
  class space    used 5K, capacity 386K, committed 512K, reserved 1048576K

Card table byte_map: [0x00007f0289c2d000,0x00007f028a400000] _byte_map_base: 0x00007f02863ff000

Polling page: 0x00007f028e435000

Metaspace:

Usage:
  Non-class:      4.00 MB capacity,   174.29 KB (  4%) used,     3.83 MB ( 96%) free+waste,   128 bytes ( <1%) overhead. 
      Class:    386.00 KB capacity,     5.67 KB (  1%) used,   380.20 KB ( 98%) free+waste,   128 bytes ( <1%) overhead. 
       Both:      4.38 MB capacity,   179.96 KB (  4%) used,     4.20 MB ( 96%) free+waste,   256 bytes ( <1%) overhead. 

Virtual space:
  Non-class space:        8.00 MB reserved,       4.25 MB ( 53%) committed 
      Class space:        1.00 GB reserved,     512.00 KB ( <1%) committed 
             Both:        1.01 GB reserved,       4.75 MB ( <1%) committed 

Chunk freelists:
   Non-Class:  0 bytes
       Class:  0 bytes
        Both:  0 bytes

MaxMetaspaceSize: unlimited
CompressedClassSpaceSize: 1.00 GB

CodeHeap 'non-profiled nmethods': size=120036Kb used=16Kb max_used=16Kb free=120019Kb
 bounds [0x00007f02743d4000, 0x00007f0274644000, 0x00007f027b90d000]
CodeHeap 'profiled nmethods': size=120032Kb used=113Kb max_used=113Kb free=119918Kb
 bounds [0x00007f026ce9c000, 0x00007f026d10c000, 0x00007f02743d4000]
CodeHeap 'non-nmethods': size=5692Kb used=987Kb max_used=995Kb free=4704Kb
 bounds [0x00007f026c90d000, 0x00007f026cb7d000, 0x00007f026ce9c000]
 total_blobs=371 nmethods=80 adapters=155
 compilation: enabled
              stopped_count=0, restarted_count=0
 full_count=0

Compilation events (20 events):
Event: 0.043 Thread 0x00007f028405e800   76       3       jdk.internal.module.ModuleBootstrap$2::hasNext (30 bytes)
Event: 0.043 Thread 0x00007f028405e800 nmethod 76 0x00007f026ceb5310 code [0x00007f026ceb54e0, 0x00007f026ceb5898]
Event: 0.043 Thread 0x00007f028405e800   74       3       java.util.Set::of (4 bytes)
Event: 0.043 Thread 0x00007f028405e800 nmethod 74 0x00007f026ceb5990 code [0x00007f026ceb5b40, 0x00007f026ceb5cd0]
Event: 0.043 Thread 0x00007f028405e800   77       3       jdk.internal.module.ModuleBootstrap$2::next (52 bytes)
Event: 0.043 Thread 0x00007f028405e800 nmethod 77 0x00007f026ceb5d90 code [0x00007f026ceb5fa0, 0x00007f026ceb6588]
Event: 0.043 Thread 0x00007f028405e800   68       3       java.util.ImmutableCollections$Set12::iterator (9 bytes)
Event: 0.044 Thread 0x00007f028405e800 nmethod 68 0x00007f026ceb6710 code [0x00007f026ceb68e0, 0x00007f026ceb6c70]
Event: 0.044 Thread 0x00007f028405e800   69       3       java.util.ImmutableCollections$Set12$1::<init> (21 bytes)
Event: 0.044 Thread 0x00007f028405e800 nmethod 69 0x00007f026ceb6d90 code [0x00007f026ceb6f60, 0x00007f026ceb7230]
Event: 0.044 Thread 0x00007f028405e800   73       1       java.lang.module.ModuleDescriptor::isOpen (5 bytes)
Event: 0.044 Thread 0x00007f028405e800 nmethod 73 0x00007f02743d7a90 code [0x00007f02743d7c40, 0x00007f02743d7d70]
Event: 0.044 Thread 0x00007f028405e800   75       1       java.lang.Module::getDescriptor (5 bytes)
Event: 0.044 Thread 0x00007f028405e800 nmethod 75 0x00007f02743d7e10 code [0x00007f02743d7fc0, 0x00007f02743d80f0]
Event: 0.048 Thread 0x00007f028405e800   78       3       java.lang.String::charAt (25 bytes)
Event: 0.048 Thread 0x00007f028405e800 nmethod 78 0x00007f026ceb7390 code [0x00007f026ceb7580, 0x00007f026ceb79b8]
Event: 0.048 Thread 0x00007f028405e800   79       3       java.lang.StringLatin1::charAt (28 bytes)
Event: 0.048 Thread 0x00007f028405e800 nmethod 79 0x00007f026ceb7b10 code [0x00007f026ceb7ce0, 0x00007f026ceb7f28]
Event: 0.049 Thread 0x00007f028405e800   80       3       java.lang.CharacterDataLatin1::getProperties (11 bytes)
Event: 0.049 Thread 0x00007f028405e800 nmethod 80 0x00007f026ceb8010 code [0x00007f026ceb81c0, 0x00007f026ceb8370]

GC Heap History (0 events):
No events

Deoptimization events (0 events):
No events

Classes redefined (0 events):
No events

Internal exceptions (1 events):
Event: 0.049 Thread 0x00007f0284015800 Exception <a 'java/lang/IllegalMonitorStateException'{0x0000000705c95340}> (0x0000000705c95340) thrown at [./src/hotspot/share/interpreter/interpreterRuntime.cpp, line 810]

Events (20 events):
Event: 0.008 Protecting memory [0x00007f0288059000,0x00007f028805d000] with protection modes 0
Event: 0.008 Thread 0x00007f028405c800 Thread added: 0x00007f028405c800
Event: 0.008 Protecting memory [0x00007f026c80c000,0x00007f026c810000] with protection modes 0
Event: 0.011 Thread 0x00007f028405e800 Thread added: 0x00007f028405e800
Event: 0.011 Protecting memory [0x00007f026c70b000,0x00007f026c70f000] with protection modes 0
Event: 0.011 Thread 0x00007f0284060800 Thread added: 0x00007f0284060800
Event: 0.016 Protecting memory [0x00007f026c60a000,0x00007f026c60e000] with protection modes 0
Event: 0.045 Thread 0x00007f028409b800 Thread added: 0x00007f028409b800
Event: 0.045 Executing VM operation: EnableBiasedLocking
Event: 0.045 Protecting memory [0x00007f026c509000,0x00007f026c50d000] with protection modes 0
Event: 0.047 Executing VM operation: EnableBiasedLocking done
Event: 0.047 loading class jdk/internal/vm/PostVMInitHook
Event: 0.047 loading class jdk/internal/vm/PostVMInitHook done
Event: 0.047 loading class Main
Event: 0.047 loading class Main done
Event: 0.047 loading class jdk/internal/loader/URLClassPath$FileLoader
Event: 0.047 loading class jdk/internal/loader/URLClassPath$FileLoader done
Event: 0.047 loading class jdk/internal/loader/URLClassPath$FileLoader$1
Event: 0.048 loading class jdk/internal/loader/URLClassPath$FileLoader$1 done
Event: 0.048 Thread 0x00007f02840a0800 Thread added: 0x00007f02840a0800


Dynamic libraries:
705c00000-70b000000 rw-p 00000000 00:00 0 
70b000000-7592a0000 ---p 00000000 00:00 0 
7592a0000-763aa0000 rw-p 00000000 00:00 0 
763aa0000-800000000 ---p 00000000 00:00 0 
800000000-800002000 rwxp 00001000 08:01 1314857                          /usr/lib/jvm/java-11-openjdk-amd64/lib/server/classes.jsa
800002000-8003b8000 rw-p 00003000 08:01 1314857                          /usr/lib/jvm/java-11-openjdk-amd64/lib/server/classes.jsa
8003b8000-800a7f000 r--p 003b9000 08:01 1314857                          /usr/lib/jvm/java-11-openjdk-amd64/lib/server/classes.jsa
800a7f000-800a80000 rw-p 00a80000 08:01 1314857                          /usr/lib/jvm/java-11-openjdk-amd64/lib/server/classes.jsa
800a80000-80108c000 r--p 00a81000 08:01 1314857                          /usr/lib/jvm/java-11-openjdk-amd64/lib/server/classes.jsa
840000000-840080000 rw-p 00000000 00:00 0 
840080000-880000000 ---p 00000000 00:00 0 
5654e497a000-5654e497b000 r-xp 00000000 08:01 1311829                    /usr/lib/jvm/java-11-openjdk-amd64/bin/java
5654e4b7b000-5654e4b7c000 r--p 00001000 08:01 1311829                    /usr/lib/jvm/java-11-openjdk-amd64/bin/java
5654e4b7c000-5654e4b7d000 rw-p 00002000 08:01 1311829                    /usr/lib/jvm/java-11-openjdk-amd64/bin/java
5654e5118000-5654e5139000 rw-p 00000000 00:00 0                          [heap]
7f0250000000-7f025007e000 rw-p 00000000 00:00 0 
7f025007e000-7f0254000000 ---p 00000000 00:00 0 
7f0254000000-7f0254021000 rw-p 00000000 00:00 0 
7f0254021000-7f0258000000 ---p 00000000 00:00 0 
7f0258000000-7f0258021000 rw-p 00000000 00:00 0 
7f0258021000-7f025c000000 ---p 00000000 00:00 0 
7f025c000000-7f025c066000 rw-p 00000000 00:00 0 
7f025c066000-7f0260000000 ---p 00000000 00:00 0 
7f0260000000-7f0260021000 rw-p 00000000 00:00 0 
7f0260021000-7f0264000000 ---p 00000000 00:00 0 
7f0264000000-7f0264021000 rw-p 00000000 00:00 0 
7f0264021000-7f0268000000 ---p 00000000 00:00 0 
7f0268000000-7f0268021000 rw-p 00000000 00:00 0 
7f0268021000-7f026c000000 ---p 00000000 00:00 0 
7f026c306000-7f026c407000 rw-p 00000000 00:00 0 
7f026c407000-7f026c408000 ---p 00000000 00:00 0 
7f026c408000-7f026c509000 rw-p 00000000 00:00 0 
7f026c509000-7f026c50d000 ---p 00000000 00:00 0 
7f026c50d000-7f026c60a000 rw-p 00000000 00:00 0 
7f026c60a000-7f026c60e000 ---p 00000000 00:00 0 
7f026c60e000-7f026c70b000 rw-p 00000000 00:00 0 
7f026c70b000-7f026c70f000 ---p 00000000 00:00 0 
7f026c70f000-7f026c80c000 rw-p 00000000 00:00 0 
7f026c80c000-7f026c810000 ---p 00000000 00:00 0 
7f026c810000-7f026c90d000 rw-p 00000000 00:00 0 
7f026c90d000-7f026cb7d000 rwxp 00000000 00:00 0 
7f026cb7d000-7f026ce9c000 ---p 00000000 00:00 0 
7f026ce9c000-7f026d10c000 rwxp 00000000 00:00 0 
7f026d10c000-7f02743d4000 ---p 00000000 00:00 0 
7f02743d4000-7f0274644000 rwxp 00000000 00:00 0 
7f0274644000-7f027b90d000 ---p 00000000 00:00 0 
7f027b90d000-7f0284000000 r--s 00000000 08:01 1314702                    /usr/lib/jvm/java-11-openjdk-amd64/lib/modules
7f0284000000-7f02840ad000 rw-p 00000000 00:00 0 
7f02840ad000-7f0288000000 ---p 00000000 00:00 0 
7f0288059000-7f028805d000 ---p 00000000 00:00 0 
7f028805d000-7f028815a000 rw-p 00000000 00:00 0 
7f028815a000-7f0288b71000 r--p 00000000 08:01 1317468                    /usr/lib/locale/locale-archive
7f0288b71000-7f0288b75000 ---p 00000000 00:00 0 
7f0288b75000-7f0288c72000 rw-p 00000000 00:00 0 
7f0288c72000-7f0288c76000 ---p 00000000 00:00 0 
7f0288c76000-7f0288d73000 rw-p 00000000 00:00 0 
7f0288d73000-7f0288d74000 ---p 00000000 00:00 0 
7f0288d74000-7f0289336000 rw-p 00000000 00:00 0 
7f0289336000-7f02896f6000 ---p 00000000 00:00 0 
7f02896f6000-7f028974b000 rw-p 00000000 00:00 0 
7f028974b000-7f0289c2d000 ---p 00000000 00:00 0 
7f0289c2d000-7f0289c57000 rw-p 00000000 00:00 0 
7f0289c57000-7f0289ec8000 ---p 00000000 00:00 0 
7f0289ec8000-7f0289f1d000 rw-p 00000000 00:00 0 
7f0289f1d000-7f028a3ff000 ---p 00000000 00:00 0 
7f028a3ff000-7f028a405000 rw-p 00000000 00:00 0 
7f028a405000-7f028a4eb000 ---p 00000000 00:00 0 
7f028a4eb000-7f028a4f0000 rw-p 00000000 00:00 0 
7f028a4f0000-7f028a5d6000 ---p 00000000 00:00 0 
7f028a5d6000-7f028a5db000 r-xp 00000000 08:01 1314683                    /usr/lib/jvm/java-11-openjdk-amd64/lib/libjimage.so
7f028a5db000-7f028a7da000 ---p 00005000 08:01 1314683                    /usr/lib/jvm/java-11-openjdk-amd64/lib/libjimage.so
7f028a7da000-7f028a7db000 r--p 00004000 08:01 1314683                    /usr/lib/jvm/java-11-openjdk-amd64/lib/libjimage.so
7f028a7db000-7f028a7dc000 rw-p 00005000 08:01 1314683                    /usr/lib/jvm/java-11-openjdk-amd64/lib/libjimage.so
7f028a7dc000-7f028a7e3000 r-xp 00000000 08:01 1314701                    /usr/lib/jvm/java-11-openjdk-amd64/lib/libzip.so
7f028a7e3000-7f028a9e2000 ---p 00007000 08:01 1314701                    /usr/lib/jvm/java-11-openjdk-amd64/lib/libzip.so
7f028a9e2000-7f028a9e3000 r--p 00006000 08:01 1314701                    /usr/lib/jvm/java-11-openjdk-amd64/lib/libzip.so
7f028a9e3000-7f028a9e4000 rw-p 00007000 08:01 1314701                    /usr/lib/jvm/java-11-openjdk-amd64/lib/libzip.so
7f028a9e4000-7f028a9ef000 r-xp 00000000 08:01 268047                     /lib/x86_64-linux-gnu/libnss_files-2.27.so
7f028a9ef000-7f028abee000 ---p 0000b000 08:01 268047                     /lib/x86_64-linux-gnu/libnss_files-2.27.so
7f028abee000-7f028abef000 r--p 0000a000 08:01 268047                     /lib/x86_64-linux-gnu/libnss_files-2.27.so
7f028abef000-7f028abf0000 rw-p 0000b000 08:01 268047                     /lib/x86_64-linux-gnu/libnss_files-2.27.so
7f028abf0000-7f028abf6000 rw-p 00000000 00:00 0 
7f028abf6000-7f028ac0d000 r-xp 00000000 08:01 268041                     /lib/x86_64-linux-gnu/libnsl-2.27.so
7f028ac0d000-7f028ae0c000 ---p 00017000 08:01 268041                     /lib/x86_64-linux-gnu/libnsl-2.27.so
7f028ae0c000-7f028ae0d000 r--p 00016000 08:01 268041                     /lib/x86_64-linux-gnu/libnsl-2.27.so
7f028ae0d000-7f028ae0e000 rw-p 00017000 08:01 268041                     /lib/x86_64-linux-gnu/libnsl-2.27.so
7f028ae0e000-7f028ae10000 rw-p 00000000 00:00 0 
7f028ae10000-7f028ae1b000 r-xp 00000000 08:01 268058                     /lib/x86_64-linux-gnu/libnss_nis-2.27.so
7f028ae1b000-7f028b01a000 ---p 0000b000 08:01 268058                     /lib/x86_64-linux-gnu/libnss_nis-2.27.so
7f028b01a000-7f028b01b000 r--p 0000a000 08:01 268058                     /lib/x86_64-linux-gnu/libnss_nis-2.27.so
7f028b01b000-7f028b01c000 rw-p 0000b000 08:01 268058                     /lib/x86_64-linux-gnu/libnss_nis-2.27.so
7f028b01c000-7f028b024000 r-xp 00000000 08:01 268043                     /lib/x86_64-linux-gnu/libnss_compat-2.27.so
7f028b024000-7f028b224000 ---p 00008000 08:01 268043                     /lib/x86_64-linux-gnu/libnss_compat-2.27.so
7f028b224000-7f028b225000 r--p 00008000 08:01 268043                     /lib/x86_64-linux-gnu/libnss_compat-2.27.so
7f028b225000-7f028b226000 rw-p 00009000 08:01 268043                     /lib/x86_64-linux-gnu/libnss_compat-2.27.so
7f028b226000-7f028b24f000 r-xp 00000000 08:01 1314678                    /usr/lib/jvm/java-11-openjdk-amd64/lib/libjava.so
7f028b24f000-7f028b44e000 ---p 00029000 08:01 1314678                    /usr/lib/jvm/java-11-openjdk-amd64/lib/libjava.so
7f028b44e000-7f028b44f000 r--p 00028000 08:01 1314678                    /usr/lib/jvm/java-11-openjdk-amd64/lib/libjava.so
7f028b44f000-7f028b451000 rw-p 00029000 08:01 1314678                    /usr/lib/jvm/java-11-openjdk-amd64/lib/libjava.so
7f028b451000-7f028b45e000 r-xp 00000000 08:01 1314699                    /usr/lib/jvm/java-11-openjdk-amd64/lib/libverify.so
7f028b45e000-7f028b65d000 ---p 0000d000 08:01 1314699                    /usr/lib/jvm/java-11-openjdk-amd64/lib/libverify.so
7f028b65d000-7f028b65f000 r--p 0000c000 08:01 1314699                    /usr/lib/jvm/java-11-openjdk-amd64/lib/libverify.so
7f028b65f000-7f028b660000 rw-p 0000e000 08:01 1314699                    /usr/lib/jvm/java-11-openjdk-amd64/lib/libverify.so
7f028b660000-7f028b667000 r-xp 00000000 08:01 268098                     /lib/x86_64-linux-gnu/librt-2.27.so
7f028b667000-7f028b866000 ---p 00007000 08:01 268098                     /lib/x86_64-linux-gnu/librt-2.27.so
7f028b866000-7f028b867000 r--p 00006000 08:01 268098                     /lib/x86_64-linux-gnu/librt-2.27.so
7f028b867000-7f028b868000 rw-p 00007000 08:01 268098                     /lib/x86_64-linux-gnu/librt-2.27.so
7f028b868000-7f028b87f000 r-xp 00000000 08:01 262233                     /lib/x86_64-linux-gnu/libgcc_s.so.1
7f028b87f000-7f028ba7e000 ---p 00017000 08:01 262233                     /lib/x86_64-linux-gnu/libgcc_s.so.1
7f028ba7e000-7f028ba7f000 r--p 00016000 08:01 262233                     /lib/x86_64-linux-gnu/libgcc_s.so.1
7f028ba7f000-7f028ba80000 rw-p 00017000 08:01 262233                     /lib/x86_64-linux-gnu/libgcc_s.so.1
7f028ba80000-7f028bc1d000 r-xp 00000000 08:01 268020                     /lib/x86_64-linux-gnu/libm-2.27.so
7f028bc1d000-7f028be1c000 ---p 0019d000 08:01 268020                     /lib/x86_64-linux-gnu/libm-2.27.so
7f028be1c000-7f028be1d000 r--p 0019c000 08:01 268020                     /lib/x86_64-linux-gnu/libm-2.27.so
7f028be1d000-7f028be1e000 rw-p 0019d000 08:01 268020                     /lib/x86_64-linux-gnu/libm-2.27.so
7f028be1e000-7f028bf97000 r-xp 00000000 08:01 1312803                    /usr/lib/x86_64-linux-gnu/libstdc++.so.6.0.25
7f028bf97000-7f028c197000 ---p 00179000 08:01 1312803                    /usr/lib/x86_64-linux-gnu/libstdc++.so.6.0.25
7f028c197000-7f028c1a1000 r--p 00179000 08:01 1312803                    /usr/lib/x86_64-linux-gnu/libstdc++.so.6.0.25
7f028c1a1000-7f028c1a3000 rw-p 00183000 08:01 1312803                    /usr/lib/x86_64-linux-gnu/libstdc++.so.6.0.25
7f028c1a3000-7f028c1a7000 rw-p 00000000 00:00 0 
7f028c1a7000-7f028d284000 r-xp 00000000 08:01 1314707                    /usr/lib/jvm/java-11-openjdk-amd64/lib/server/libjvm.so
7f028d284000-7f028d483000 ---p 010dd000 08:01 1314707                    /usr/lib/jvm/java-11-openjdk-amd64/lib/server/libjvm.so
7f028d483000-7f028d540000 r--p 010dc000 08:01 1314707                    /usr/lib/jvm/java-11-openjdk-amd64/lib/server/libjvm.so
7f028d540000-7f028d57a000 rw-p 01199000 08:01 1314707                    /usr/lib/jvm/java-11-openjdk-amd64/lib/server/libjvm.so
7f028d57a000-7f028d5d0000 rw-p 00000000 00:00 0 
7f028d5d0000-7f028d5ea000 r-xp 00000000 08:01 268090                     /lib/x86_64-linux-gnu/libpthread-2.27.so
7f028d5ea000-7f028d7e9000 ---p 0001a000 08:01 268090                     /lib/x86_64-linux-gnu/libpthread-2.27.so
7f028d7e9000-7f028d7ea000 r--p 00019000 08:01 268090                     /lib/x86_64-linux-gnu/libpthread-2.27.so
7f028d7ea000-7f028d7eb000 rw-p 0001a000 08:01 268090                     /lib/x86_64-linux-gnu/libpthread-2.27.so
7f028d7eb000-7f028d7ef000 rw-p 00000000 00:00 0 
7f028d7ef000-7f028d7f2000 r-xp 00000000 08:01 267980                     /lib/x86_64-linux-gnu/libdl-2.27.so
7f028d7f2000-7f028d9f1000 ---p 00003000 08:01 267980                     /lib/x86_64-linux-gnu/libdl-2.27.so
7f028d9f1000-7f028d9f2000 r--p 00002000 08:01 267980                     /lib/x86_64-linux-gnu/libdl-2.27.so
7f028d9f2000-7f028d9f3000 rw-p 00003000 08:01 267980                     /lib/x86_64-linux-gnu/libdl-2.27.so
7f028d9f3000-7f028da0f000 r-xp 00000000 08:01 268129                     /lib/x86_64-linux-gnu/libz.so.1.2.11
7f028da0f000-7f028dc0e000 ---p 0001c000 08:01 268129                     /lib/x86_64-linux-gnu/libz.so.1.2.11
7f028dc0e000-7f028dc0f000 r--p 0001b000 08:01 268129                     /lib/x86_64-linux-gnu/libz.so.1.2.11
7f028dc0f000-7f028dc10000 rw-p 0001c000 08:01 268129                     /lib/x86_64-linux-gnu/libz.so.1.2.11
7f028dc10000-7f028ddf7000 r-xp 00000000 08:01 267957                     /lib/x86_64-linux-gnu/libc-2.27.so
7f028ddf7000-7f028dff7000 ---p 001e7000 08:01 267957                     /lib/x86_64-linux-gnu/libc-2.27.so
7f028dff7000-7f028dffb000 r--p 001e7000 08:01 267957                     /lib/x86_64-linux-gnu/libc-2.27.so
7f028dffb000-7f028dffd000 rw-p 001eb000 08:01 267957                     /lib/x86_64-linux-gnu/libc-2.27.so
7f028dffd000-7f028e001000 rw-p 00000000 00:00 0 
7f028e001000-7f028e011000 r-xp 00000000 08:01 1314662                    /usr/lib/jvm/java-11-openjdk-amd64/lib/jli/libjli.so
7f028e011000-7f028e210000 ---p 00010000 08:01 1314662                    /usr/lib/jvm/java-11-openjdk-amd64/lib/jli/libjli.so
7f028e210000-7f028e211000 r--p 0000f000 08:01 1314662                    /usr/lib/jvm/java-11-openjdk-amd64/lib/jli/libjli.so
7f028e211000-7f028e212000 rw-p 00010000 08:01 1314662                    /usr/lib/jvm/java-11-openjdk-amd64/lib/jli/libjli.so
7f028e212000-7f028e239000 r-xp 00000000 08:01 267929                     /lib/x86_64-linux-gnu/ld-2.27.so
7f028e24f000-7f028e319000 rw-p 00000000 00:00 0 
7f028e319000-7f028e320000 ---p 00000000 00:00 0 
7f028e320000-7f028e324000 ---p 00000000 00:00 0 
7f028e324000-7f028e423000 rw-p 00000000 00:00 0 
7f028e42b000-7f028e42d000 r--s 00007000 08:01 1600461                    /usr/share/java/java-atk-wrapper.jar
7f028e42d000-7f028e435000 rw-s 00000000 08:01 1992922                    /tmp/hsperfdata_pd2/17056
7f028e435000-7f028e436000 ---p 00000000 00:00 0 
7f028e436000-7f028e437000 r--p 00000000 00:00 0 
7f028e437000-7f028e439000 rw-p 00000000 00:00 0 
7f028e439000-7f028e43a000 r--p 00027000 08:01 267929                     /lib/x86_64-linux-gnu/ld-2.27.so
7f028e43a000-7f028e43b000 rw-p 00028000 08:01 267929                     /lib/x86_64-linux-gnu/ld-2.27.so
7f028e43b000-7f028e43c000 rw-p 00000000 00:00 0 
7fff3a4c2000-7fff3a4e3000 rw-p 00000000 00:00 0                          [stack]
7fff3a5cd000-7fff3a5d0000 r--p 00000000 00:00 0                          [vvar]
7fff3a5d0000-7fff3a5d1000 r-xp 00000000 00:00 0                          [vdso]
ffffffffff600000-ffffffffff601000 --xp 00000000 00:00 0                  [vsyscall]


VM Arguments:
jvm_args: -Xverify:none 
java_command: Main
java_class_path (initial): .
Launcher Type: SUN_STANDARD

[Global flags]
     bool BytecodeVerificationLocal                = false                                     {product} {command line}
     bool BytecodeVerificationRemote               = false                                     {product} {command line}
     intx CICompilerCount                          = 2                                         {product} {ergonomic}
   size_t InitialHeapSize                          = 264241152                                 {product} {ergonomic}
   size_t MaxHeapSize                              = 4198498304                                {product} {ergonomic}
   size_t MaxNewSize                               = 1399455744                                {product} {ergonomic}
   size_t MinHeapDeltaBytes                        = 196608                                    {product} {ergonomic}
   size_t NewSize                                  = 88080384                                  {product} {ergonomic}
    uintx NonNMethodCodeHeapSize                   = 5825164                                {pd product} {ergonomic}
    uintx NonProfiledCodeHeapSize                  = 122916538                              {pd product} {ergonomic}
   size_t OldSize                                  = 176160768                                 {product} {ergonomic}
    uintx ProfiledCodeHeapSize                     = 122916538                              {pd product} {ergonomic}
    uintx ReservedCodeCacheSize                    = 251658240                              {pd product} {ergonomic}
     bool SegmentedCodeCache                       = true                                      {product} {ergonomic}
     bool UseCompressedClassPointers               = true                                 {lp64_product} {ergonomic}
     bool UseCompressedOops                        = true                                 {lp64_product} {ergonomic}
     bool UseSerialGC                              = true                                      {product} {ergonomic}

Logging:
Log output configuration:
 #0: stdout all=warning uptime,level,tags
 #1: stderr all=off uptime,level,tags

Environment Variables:
PATH=/usr/local/sbin:/usr/local/bin:/usr/sbin:/usr/bin:/sbin:/bin:/usr/games:/usr/local/games:/snap/bin
USERNAME=pd2
SHELL=/bin/bash
DISPLAY=:0

Signal Handlers:
SIGSEGV: [libjvm.so+0xdf8d00], sa_mask[0]=11111111011111111101111111111110, sa_flags=SA_RESTART|SA_SIGINFO
SIGBUS: [libjvm.so+0xdf8d00], sa_mask[0]=11111111011111111101111111111110, sa_flags=SA_RESTART|SA_SIGINFO
SIGFPE: [libjvm.so+0xdf8d00], sa_mask[0]=11111111011111111101111111111110, sa_flags=SA_RESTART|SA_SIGINFO
SIGPIPE: [libjvm.so+0xbcbc30], sa_mask[0]=11111111011111111101111111111110, sa_flags=SA_RESTART|SA_SIGINFO
SIGXFSZ: [libjvm.so+0xbcbc30], sa_mask[0]=11111111011111111101111111111110, sa_flags=SA_RESTART|SA_SIGINFO
SIGILL: [libjvm.so+0xdf8d00], sa_mask[0]=11111111011111111101111111111110, sa_flags=SA_RESTART|SA_SIGINFO
SIGUSR2: [libjvm.so+0xbcbad0], sa_mask[0]=00000000000000000000000000000000, sa_flags=SA_RESTART|SA_SIGINFO
SIGHUP: [libjvm.so+0xbcbe30], sa_mask[0]=11111111011111111101111111111110, sa_flags=SA_RESTART|SA_SIGINFO
SIGINT: [libjvm.so+0xbcbe30], sa_mask[0]=11111111011111111101111111111110, sa_flags=SA_RESTART|SA_SIGINFO
SIGTERM: [libjvm.so+0xbcbe30], sa_mask[0]=11111111011111111101111111111110, sa_flags=SA_RESTART|SA_SIGINFO
SIGQUIT: [libjvm.so+0xbcbe30], sa_mask[0]=11111111011111111101111111111110, sa_flags=SA_RESTART|SA_SIGINFO


---------------  S Y S T E M  ---------------

OS:DISTRIB_ID=Ubuntu
DISTRIB_RELEASE=18.04
DISTRIB_CODENAME=bionic
DISTRIB_DESCRIPTION="Ubuntu 18.04.4 LTS"
uname:Linux 5.3.0-53-generic #47~18.04.1-Ubuntu SMP Thu May 7 13:10:50 UTC 2020 x86_64
OS uptime: 0 days 15:38 hours
libc:glibc 2.27 NPTL 2.27 
rlimit: STACK 8192k, CORE 0k, NPROC 63867, NOFILE 4096, AS infinity, CPU infinity, DATA infinity, FSIZE infinity
load average:0.32 0.21 0.08

/proc/meminfo:
MemTotal:       16398728 kB
MemFree:        12104452 kB
MemAvailable:   14421708 kB
Buffers:          271288 kB
Cached:          2252516 kB
SwapCached:            0 kB
Active:          2617696 kB
Inactive:        1283728 kB
Active(anon):    1378676 kB
Inactive(anon):    90640 kB
Active(file):    1239020 kB
Inactive(file):  1193088 kB
Unevictable:         184 kB
Mlocked:             184 kB
SwapTotal:       1942896 kB
SwapFree:        1942896 kB
Dirty:               248 kB
Writeback:             0 kB
AnonPages:       1377812 kB
Mapped:           472244 kB
Shmem:             91692 kB
KReclaimable:     221200 kB
Slab:             264344 kB
SReclaimable:     221200 kB
SUnreclaim:        43144 kB
KernelStack:       10684 kB
PageTables:        55332 kB
NFS_Unstable:          0 kB
Bounce:                0 kB
WritebackTmp:          0 kB
CommitLimit:    10142260 kB
Committed_AS:    7183040 kB
VmallocTotal:   34359738367 kB
VmallocUsed:       36472 kB
VmallocChunk:          0 kB
Percpu:              336 kB
HardwareCorrupted:     0 kB
AnonHugePages:         0 kB
ShmemHugePages:        0 kB
ShmemPmdMapped:        0 kB
CmaTotal:              0 kB
CmaFree:               0 kB
HugePages_Total:       0
HugePages_Free:        0
HugePages_Rsvd:        0
HugePages_Surp:        0
Hugepagesize:       2048 kB
Hugetlb:               0 kB
DirectMap4k:      202688 kB
DirectMap2M:    16574464 kB


/proc/sys/kernel/threads-max (system-wide limit on the number of threads):
127734


/proc/sys/vm/max_map_count (maximum number of memory map areas a process may have):
65530


/proc/sys/kernel/pid_max (system-wide limit on number of process identifiers):
32768



container (cgroup) information:
container_type: cgroupv1
cpu_cpuset_cpus: 0
cpu_memory_nodes: 0
active_processor_count: 1
cpu_quota: -1
cpu_period: 100000
cpu_shares: -1
memory_limit_in_bytes: -1
memory_and_swap_limit_in_bytes: -2
memory_soft_limit_in_bytes: -1
memory_usage_in_bytes: 3995189248
memory_max_usage_in_bytes: 0

KVM virtualization detected
Steal ticks since vm start: 0
Steal ticks percentage since vm start:  0.000

CPU:total 1 (initial active 1) (1 cores per cpu, 1 threads per core) family 6 model 158 stepping 13, cmov, cx8, fxsr, mmx, sse, sse2, sse3, ssse3, sse4.1, sse4.2, popcnt, avx, avx2, aes, clmul, 3dnowpref, lzcnt, tsc, tscinvbit
CPU Model and flags from /proc/cpuinfo:
model name	: Intel(R) Core(TM) i7-9700F CPU @ 3.00GHz
flags		: fpu vme de pse tsc msr pae mce cx8 apic sep mtrr pge mca cmov pat pse36 clflush mmx fxsr sse sse2 ht syscall nx rdtscp lm constant_tsc rep_good nopl xtopology nonstop_tsc cpuid tsc_known_freq pni pclmulqdq monitor ssse3 cx16 pcid sse4_1 sse4_2 x2apic movbe popcnt aes xsave avx rdrand hypervisor lahf_lm abm 3dnowprefetch invpcid_single fsgsbase avx2 invpcid rdseed clflushopt md_clear flush_l1d arch_capabilities

Memory: 4k page, physical 16398728k(12104452k free), swap 1942896k(1942896k free)

vm_info: OpenJDK 64-Bit Server VM (11.0.7+10-post-Ubuntu-2ubuntu218.04) for linux-amd64 JRE (11.0.7+10-post-Ubuntu-2ubuntu218.04), built on Apr 15 2020 21:12:54 by "unknown" with gcc 7.5.0

END.
