#
# A fatal error has been detected by the Java Runtime Environment:
#
#  SIGSEGV (0xb) at pc=0x00007efca9b25c7d, pid=16391, tid=16392
#
# JRE version: OpenJDK Runtime Environment (11.0.7+10) (build 11.0.7+10-post-Ubuntu-2ubuntu218.04)
# Java VM: OpenJDK 64-Bit Server VM (11.0.7+10-post-Ubuntu-2ubuntu218.04, mixed mode, sharing, tiered, compressed oops, serial gc, linux-amd64)
# Problematic frame:
# V  [libjvm.so+0x847c7d]
#
# Core dump will be written. Default location: Core dumps may be processed with "/usr/share/apport/apport %p %s %c %d %P %E" (or dumping to /home/pd2/Desktop/Compiler_StudentID_HW3/core.16391)
#
# If you would like to submit a bug report, please visit:
#   https://bugs.launchpad.net/ubuntu/+source/openjdk-lts
#

---------------  S U M M A R Y ------------

Command Line: -Xverify:none Main

Host: Intel(R) Core(TM) i7-9700F CPU @ 3.00GHz, 1 cores, 15G, Ubuntu 18.04.4 LTS
Time: Thu Jun 11 00:22:48 2020 CST elapsed time: 0 seconds (0d 0h 0m 0s)

---------------  T H R E A D  ---------------

Current thread (0x00007efca4015800):  JavaThread "main" [_thread_in_vm, id=16392, stack(0x00007efcab457000,0x00007efcab558000)]

Stack: [0x00007efcab457000,0x00007efcab558000],  sp=0x00007efc8bee30b9,  free space=18014398508968496k
Native frames: (J=compiled Java code, A=aot compiled Java code, j=interpreted, Vv=VM code, C=native code)
V  [libjvm.so+0x847c7d]

Java frames: (J=compiled Java code, j=interpreted, Vv=VM code)
j  Main.main([Ljava/lang/String;)V+157
v  ~StubRoutines::call_stub

siginfo: si_signo: 11 (SIGSEGV), si_code: 128 (SI_KERNEL), si_addr: 0x0000000000000000

Register to memory mapping:

RAX=
[error occurred during error reporting (printing register info), id 0xb, SIGSEGV (0xb) at pc=0x00007efcaa0362c0]

Registers:
RAX=0x00007efc8bee3159, RBX=0x00007efca4015800, RCX=0x0000000000000007, RDX=0x0000000000000000
RSP=0x00007efc8bee30b9, RBP=0x00007efc8bee3249, RSI=0x00007efc8bed4047, RDI=0x00007efc8becf490
R8 =0x00007efc8bec7000, R9 =0x0000000000000000, R10=0x0000000000000000, R11=0x00007efcaa186f54
R12=0x0000000705c95318, R13=0x00007efc8acd2365, R14=0x00007efcab5569f8, R15=0x00007efca4015800
RIP=0x00007efca9b25c7d, EFLAGS=0x0000000000010246, CSGSFS=0x002b000000000033, ERR=0x0000000000000000
  TRAPNO=0x000000000000000d

Top of Stack: (sp=0x00007efc8bee30b9)
0x00007efc8bee30b8:   0000032097894d00 007efca4015b2049
0x00007efc8bee30c8:   00033097894d0000 0000000000ba4900
0x00007efc8bee30d8:   032897894d000000 7f814977f8c50000
0x00007efc8bee30e8:   05840f0000000008 fffe4688e9000000
0x00007efc8bee30f8:   c8758b4cc06d8b4c 

Instructions: (pc=0x00007efca9b25c7d)
0x00007efca9b25b7d:   89 ff 48 8b 88 68 03 00 00 e8 35 31 ec ff 4c 89
0x00007efca9b25b8d:   ef e8 5d 84 39 00 49 83 3e 00 4c 8b 95 58 ff ff
0x00007efca9b25b9d:   ff 74 1e 48 8b b5 50 ff ff ff 4c 89 d7 e8 c1 b5
0x00007efca9b25bad:   b8 ff 4c 89 f7 e8 09 a6 b8 ff 4c 8b 95 58 ff ff
0x00007efca9b25bbd:   ff 48 8b 85 68 ff ff ff 4d 89 72 10 49 89 42 18
0x00007efca9b25bcd:   48 8b 85 60 ff ff ff 49 89 42 20 e9 61 fd ff ff
0x00007efca9b25bdd:   0f 1f 00 4c 89 ff e8 98 df 44 00 e9 a4 fe ff ff
0x00007efca9b25bed:   90 66 90 55 48 8d 87 20 03 00 00 48 89 e5 41 57
0x00007efca9b25bfd:   41 56 41 55 41 54 49 89 f4 53 48 89 fe 48 89 fb
0x00007efca9b25c0d:   48 81 ec 68 01 00 00 c7 87 b8 03 00 00 06 00 00
0x00007efca9b25c1d:   00 48 89 c7 48 89 85 78 fe ff ff 48 c7 85 e8 fe
0x00007efca9b25c2d:   ff ff 00 00 00 00 48 c7 85 e0 fe ff ff 00 00 00
0x00007efca9b25c3d:   00 48 c7 85 08 ff ff ff 00 00 00 00 48 c7 85 00
0x00007efca9b25c4d:   ff ff ff 00 00 00 00 48 c7 85 f0 fe ff ff 00 00
0x00007efca9b25c5d:   00 00 c7 85 f8 fe ff ff 02 00 00 00 e8 62 fb ec
0x00007efca9b25c6d:   ff 48 8d bd 10 ff ff ff 48 89 de e8 63 f0 54 00
0x00007efca9b25c7d:   66 0f 6f 85 10 ff ff ff 48 8d bd b0 fe ff ff 4c
0x00007efca9b25c8d:   89 e2 48 89 de 0f 29 85 e0 fe ff ff 66 0f 6f 85
0x00007efca9b25c9d:   20 ff ff ff 0f 29 85 f0 fe ff ff 66 0f 6f 85 30
0x00007efca9b25cad:   ff ff ff 0f 29 85 00 ff ff ff e8 94 63 b8 ff 48
0x00007efca9b25cbd:   8d 85 e0 fe ff ff 48 89 c7 48 89 85 a0 fe ff ff
0x00007efca9b25ccd:   e8 1e c2 ec ff 48 89 85 a8 fe ff ff 48 85 c0 49
0x00007efca9b25cdd:   89 c5 f3 0f 7e 85 a8 fe ff ff 48 89 9d a8 fe ff
0x00007efca9b25ced:   ff 0f 16 85 a8 fe ff ff 0f 29 85 c0 fe ff ff 74
0x00007efca9b25cfd:   29 4c 8b b3 80 02 00 00 49 63 16 41 3b 56 04 0f
0x00007efca9b25d0d:   84 de 06 00 00 49 8b 46 18 8d 4a 01 41 89 0e 4c
0x00007efca9b25d1d:   89 2c d0 4c 8b ad c0 fe ff ff 49 8b 45 08 4c 8b
0x00007efca9b25d2d:   70 08 48 89 9d d8 fe ff ff 4d 85 f6 4c 89 b5 d0
0x00007efca9b25d3d:   fe ff ff 74 24 4c 8b ab 80 02 00 00 49 63 55 00
0x00007efca9b25d4d:   41 3b 55 04 0f 84 39 07 00 00 49 8b 45 18 8d 4a
0x00007efca9b25d5d:   01 41 89 4d 00 4c 89 34 d0 48 8b bd a0 fe ff ff
0x00007efca9b25d6d:   e8 ae c1 ec ff 41 89 c5 8b 83 50 04 00 00 85 c0 




---------------  P R O C E S S  ---------------

Threads class SMR info:
_java_thread_list=0x00007efca40a5e80, length=9, elements={
0x00007efca4015800, 0x00007efca4051000, 0x00007efca4053000, 0x00007efca405a000,
0x00007efca405c800, 0x00007efca405e800, 0x00007efca4060800, 0x00007efca409b800,
0x00007efca40a4800
}

Java Threads: ( => current thread )
=>0x00007efca4015800 JavaThread "main" [_thread_in_vm, id=16392, stack(0x00007efcab457000,0x00007efcab558000)]
  0x00007efca4051000 JavaThread "Reference Handler" daemon [_thread_blocked, id=16394, stack(0x00007efc8a64e000,0x00007efc8a74f000)]
  0x00007efca4053000 JavaThread "Finalizer" daemon [_thread_blocked, id=16395, stack(0x00007efc8a54d000,0x00007efc8a64e000)]
  0x00007efca405a000 JavaThread "Signal Dispatcher" daemon [_thread_blocked, id=16396, stack(0x00007efc89a35000,0x00007efc89b36000)]
  0x00007efca405c800 JavaThread "C2 CompilerThread0" daemon [_thread_blocked, id=16397, stack(0x00007efc89934000,0x00007efc89a35000)]
  0x00007efca405e800 JavaThread "C1 CompilerThread0" daemon [_thread_blocked, id=16398, stack(0x00007efc89833000,0x00007efc89934000)]
  0x00007efca4060800 JavaThread "Sweeper thread" daemon [_thread_blocked, id=16399, stack(0x00007efc89732000,0x00007efc89833000)]
  0x00007efca409b800 JavaThread "Service Thread" daemon [_thread_blocked, id=16400, stack(0x00007efc89631000,0x00007efc89732000)]
  0x00007efca40a4800 JavaThread "Common-Cleaner" daemon [_thread_new, id=16402, stack(0x00007efc8942e000,0x00007efc8952f000)]

Other Threads:
  0x00007efca404e000 VMThread "VM Thread" [stack: 0x00007efc8a751000,0x00007efc8a851000] [id=16393]
  0x00007efca409d800 WatcherThread [stack: 0x00007efc89531000,0x00007efc89631000] [id=16401]

Threads with active compile tasks:

VM state:not at safepoint (normal execution)

VM Mutex/Monitor currently owned by a thread: None

Heap address: 0x0000000705c00000, size: 4004 MB, Compressed Oops mode: Zero based, Oop shift amount: 3
Narrow klass base: 0x0000000800000000, Narrow klass shift: 3
Compressed class space size: 1073741824 Address: 0x0000000840000000

Heap:
 def new generation   total 77440K, used 2754K [0x0000000705c00000, 0x000000070b000000, 0x00000007592a0000)
  eden space 68864K,   4% used [0x0000000705c00000, 0x0000000705eb0a58, 0x0000000709f40000)
  from space 8576K,   0% used [0x0000000709f40000, 0x0000000709f40000, 0x000000070a7a0000)
  to   space 8576K,   0% used [0x000000070a7a0000, 0x000000070a7a0000, 0x000000070b000000)
 tenured generation   total 172032K, used 0K [0x00000007592a0000, 0x0000000763aa0000, 0x0000000800000000)
   the space 172032K,   0% used [0x00000007592a0000, 0x00000007592a0000, 0x00000007592a0200, 0x0000000763aa0000)
 Metaspace       used 183K, capacity 4486K, committed 4864K, reserved 1056768K
  class space    used 5K, capacity 386K, committed 512K, reserved 1048576K

Card table byte_map: [0x00007efc8b609000,0x00007efc8bddc000] _byte_map_base: 0x00007efc87ddb000

Polling page: 0x00007efcab56c000

Metaspace:

Usage:
  Non-class:      4.00 MB capacity,   177.48 KB (  4%) used,     3.83 MB ( 96%) free+waste,   128 bytes ( <1%) overhead. 
      Class:    386.00 KB capacity,     5.67 KB (  1%) used,   380.20 KB ( 98%) free+waste,   128 bytes ( <1%) overhead. 
       Both:      4.38 MB capacity,   183.16 KB (  4%) used,     4.20 MB ( 96%) free+waste,   256 bytes ( <1%) overhead. 

Virtual space:
  Non-class space:        8.00 MB reserved,       4.25 MB ( 53%) committed 
      Class space:        1.00 GB reserved,     512.00 KB ( <1%) committed 
             Both:        1.01 GB reserved,       4.75 MB ( <1%) committed 

Chunk freelists:
   Non-Class:  0 bytes
       Class:  0 bytes
        Both:  0 bytes

MaxMetaspaceSize: unlimited
CompressedClassSpaceSize: 1.00 GB

CodeHeap 'non-profiled nmethods': size=120036Kb used=17Kb max_used=17Kb free=120018Kb
 bounds [0x00007efc9398e000, 0x00007efc93bfe000, 0x00007efc9aec7000]
CodeHeap 'profiled nmethods': size=120032Kb used=113Kb max_used=113Kb free=119918Kb
 bounds [0x00007efc8c456000, 0x00007efc8c6c6000, 0x00007efc9398e000]
CodeHeap 'non-nmethods': size=5692Kb used=987Kb max_used=996Kb free=4704Kb
 bounds [0x00007efc8bec7000, 0x00007efc8c137000, 0x00007efc8c456000]
 total_blobs=374 nmethods=79 adapters=155
 compilation: enabled
              stopped_count=0, restarted_count=0
 full_count=0

Compilation events (20 events):
Event: 0.040 Thread 0x00007efca405c800   70       4       java.util.ImmutableCollections$SetN$SetNIterator::nextIndex (56 bytes)
Event: 0.041 Thread 0x00007efca405c800 nmethod 70 0x00007efc93991a10 code [0x00007efc93991ba0, 0x00007efc93991c58]
Event: 0.041 Thread 0x00007efca405c800   71       4       java.util.ImmutableCollections$SetN$SetNIterator::hasNext (13 bytes)
Event: 0.041 Thread 0x00007efca405c800 nmethod 71 0x00007efc93991d10 code [0x00007efc93991ea0, 0x00007efc93991f18]
Event: 0.041 Thread 0x00007efca405c800   74       4       java.util.HashMap::afterNodeInsertion (1 bytes)
Event: 0.041 Thread 0x00007efca405c800 nmethod 74 0x00007efc93991f90 code [0x00007efc93992120, 0x00007efc93992198]
Event: 0.041 Thread 0x00007efca405e800   73       3       java.util.HashMap::resize (356 bytes)
Event: 0.042 Thread 0x00007efca405e800 nmethod 73 0x00007efc8c46f390 code [0x00007efc8c46f640, 0x00007efc8c470a08]
Event: 0.042 Thread 0x00007efca405e800   72       3       java.util.Set::of (4 bytes)
Event: 0.042 Thread 0x00007efca405e800 nmethod 72 0x00007efc8c470e10 code [0x00007efc8c470fc0, 0x00007efc8c471150]
Event: 0.042 Thread 0x00007efca405e800   75       1       java.lang.Module::getDescriptor (5 bytes)
Event: 0.042 Thread 0x00007efca405e800 nmethod 75 0x00007efc93992210 code [0x00007efc939923c0, 0x00007efc939924f0]
Event: 0.045 Thread 0x00007efca405e800   76       3       java.lang.String::charAt (25 bytes)
Event: 0.045 Thread 0x00007efca405e800 nmethod 76 0x00007efc8c471210 code [0x00007efc8c471400, 0x00007efc8c471838]
Event: 0.045 Thread 0x00007efca405e800   77       3       java.lang.StringLatin1::charAt (28 bytes)
Event: 0.045 Thread 0x00007efca405e800 nmethod 77 0x00007efc8c471990 code [0x00007efc8c471b60, 0x00007efc8c471da8]
Event: 0.045 Thread 0x00007efca405e800   78       3       java.lang.StringLatin1::canEncode (13 bytes)
Event: 0.045 Thread 0x00007efca405e800 nmethod 78 0x00007efc8c471e90 code [0x00007efc8c472040, 0x00007efc8c4721d0]
Event: 0.046 Thread 0x00007efca405e800   79       3       java.lang.CharacterDataLatin1::getProperties (11 bytes)
Event: 0.046 Thread 0x00007efca405e800 nmethod 79 0x00007efc8c472290 code [0x00007efc8c472440, 0x00007efc8c4725f0]

GC Heap History (0 events):
No events

Deoptimization events (4 events):
Event: 0.044 Thread 0x00007efca4015800 Uncommon trap: trap_request=0xffffff4d fr.pc=0x00007efc93991454 relative=0x00000000000001b4
Event: 0.044 Thread 0x00007efca4015800 Uncommon trap: reason=unstable_if action=reinterpret pc=0x00007efc93991454 method=java.lang.String.hashCode()I @ 14 c2
Event: 0.044 Thread 0x00007efca4015800 DEOPT PACKING pc=0x00007efc93991454 sp=0x00007efcab5551b0
Event: 0.044 Thread 0x00007efca4015800 DEOPT UNPACKING pc=0x00007efc8beef3a5 sp=0x00007efcab555168 mode 2

Classes redefined (0 events):
No events

Internal exceptions (1 events):
Event: 0.046 Thread 0x00007efca4015800 Exception <a 'java/lang/IllegalMonitorStateException'{0x0000000705c95318}> (0x0000000705c95318) thrown at [./src/hotspot/share/interpreter/interpreterRuntime.cpp, line 810]

Events (20 events):
Event: 0.010 Protecting memory [0x00007efc89a35000,0x00007efc89a39000] with protection modes 0
Event: 0.010 Thread 0x00007efca405c800 Thread added: 0x00007efca405c800
Event: 0.010 Protecting memory [0x00007efc89934000,0x00007efc89938000] with protection modes 0
Event: 0.012 Thread 0x00007efca405e800 Thread added: 0x00007efca405e800
Event: 0.012 Protecting memory [0x00007efc89833000,0x00007efc89837000] with protection modes 0
Event: 0.012 Thread 0x00007efca4060800 Thread added: 0x00007efca4060800
Event: 0.017 Protecting memory [0x00007efc89732000,0x00007efc89736000] with protection modes 0
Event: 0.042 Thread 0x00007efca409b800 Thread added: 0x00007efca409b800
Event: 0.042 Executing VM operation: EnableBiasedLocking
Event: 0.043 Protecting memory [0x00007efc89631000,0x00007efc89635000] with protection modes 0
Event: 0.044 Executing VM operation: EnableBiasedLocking done
Event: 0.044 loading class jdk/internal/vm/PostVMInitHook
Event: 0.044 loading class jdk/internal/vm/PostVMInitHook done
Event: 0.044 loading class Main
Event: 0.044 loading class Main done
Event: 0.044 loading class jdk/internal/loader/URLClassPath$FileLoader
Event: 0.044 loading class jdk/internal/loader/URLClassPath$FileLoader done
Event: 0.045 loading class jdk/internal/loader/URLClassPath$FileLoader$1
Event: 0.045 loading class jdk/internal/loader/URLClassPath$FileLoader$1 done
Event: 0.045 Thread 0x00007efca40a4800 Thread added: 0x00007efca40a4800


Dynamic libraries:
705c00000-70b000000 rw-p 00000000 00:00 0 
70b000000-7592a0000 ---p 00000000 00:00 0 
7592a0000-763aa0000 rw-p 00000000 00:00 0 
763aa0000-800000000 ---p 00000000 00:00 0 
800000000-800002000 rwxp 00001000 08:01 1314857                          /usr/lib/jvm/java-11-openjdk-amd64/lib/server/classes.jsa
800002000-8003b8000 rw-p 00003000 08:01 1314857                          /usr/lib/jvm/java-11-openjdk-amd64/lib/server/classes.jsa
8003b8000-800a7f000 r--p 003b9000 08:01 1314857                          /usr/lib/jvm/java-11-openjdk-amd64/lib/server/classes.jsa
800a7f000-800a80000 rw-p 00a80000 08:01 1314857                          /usr/lib/jvm/java-11-openjdk-amd64/lib/server/classes.jsa
800a80000-80108c000 r--p 00a81000 08:01 1314857                          /usr/lib/jvm/java-11-openjdk-amd64/lib/server/classes.jsa
840000000-840080000 rw-p 00000000 00:00 0 
840080000-880000000 ---p 00000000 00:00 0 
5584db9fc000-5584db9fd000 r-xp 00000000 08:01 1311829                    /usr/lib/jvm/java-11-openjdk-amd64/bin/java
5584dbbfd000-5584dbbfe000 r--p 00001000 08:01 1311829                    /usr/lib/jvm/java-11-openjdk-amd64/bin/java
5584dbbfe000-5584dbbff000 rw-p 00002000 08:01 1311829                    /usr/lib/jvm/java-11-openjdk-amd64/bin/java
5584dbf7b000-5584dbf9c000 rw-p 00000000 00:00 0                          [heap]
7efc6c000000-7efc6c07e000 rw-p 00000000 00:00 0 
7efc6c07e000-7efc70000000 ---p 00000000 00:00 0 
7efc70000000-7efc70021000 rw-p 00000000 00:00 0 
7efc70021000-7efc74000000 ---p 00000000 00:00 0 
7efc74000000-7efc74021000 rw-p 00000000 00:00 0 
7efc74021000-7efc78000000 ---p 00000000 00:00 0 
7efc78000000-7efc78076000 rw-p 00000000 00:00 0 
7efc78076000-7efc7c000000 ---p 00000000 00:00 0 
7efc7c000000-7efc7c021000 rw-p 00000000 00:00 0 
7efc7c021000-7efc80000000 ---p 00000000 00:00 0 
7efc80000000-7efc80021000 rw-p 00000000 00:00 0 
7efc80021000-7efc84000000 ---p 00000000 00:00 0 
7efc84000000-7efc84021000 rw-p 00000000 00:00 0 
7efc84021000-7efc88000000 ---p 00000000 00:00 0 
7efc8942e000-7efc8952f000 rw-p 00000000 00:00 0 
7efc8952f000-7efc89530000 ---p 00000000 00:00 0 
7efc89530000-7efc89631000 rw-p 00000000 00:00 0 
7efc89631000-7efc89635000 ---p 00000000 00:00 0 
7efc89635000-7efc89732000 rw-p 00000000 00:00 0 
7efc89732000-7efc89736000 ---p 00000000 00:00 0 
7efc89736000-7efc89833000 rw-p 00000000 00:00 0 
7efc89833000-7efc89837000 ---p 00000000 00:00 0 
7efc89837000-7efc89934000 rw-p 00000000 00:00 0 
7efc89934000-7efc89938000 ---p 00000000 00:00 0 
7efc89938000-7efc89a35000 rw-p 00000000 00:00 0 
7efc89a35000-7efc89a39000 ---p 00000000 00:00 0 
7efc89a39000-7efc89b36000 rw-p 00000000 00:00 0 
7efc89b36000-7efc8a54d000 r--p 00000000 08:01 1317468                    /usr/lib/locale/locale-archive
7efc8a54d000-7efc8a551000 ---p 00000000 00:00 0 
7efc8a551000-7efc8a64e000 rw-p 00000000 00:00 0 
7efc8a64e000-7efc8a652000 ---p 00000000 00:00 0 
7efc8a652000-7efc8a74f000 rw-p 00000000 00:00 0 
7efc8a74f000-7efc8a750000 ---p 00000000 00:00 0 
7efc8a750000-7efc8ad12000 rw-p 00000000 00:00 0 
7efc8ad12000-7efc8b0d2000 ---p 00000000 00:00 0 
7efc8b0d2000-7efc8b127000 rw-p 00000000 00:00 0 
7efc8b127000-7efc8b609000 ---p 00000000 00:00 0 
7efc8b609000-7efc8b633000 rw-p 00000000 00:00 0 
7efc8b633000-7efc8b8a4000 ---p 00000000 00:00 0 
7efc8b8a4000-7efc8b8f9000 rw-p 00000000 00:00 0 
7efc8b8f9000-7efc8bddb000 ---p 00000000 00:00 0 
7efc8bddb000-7efc8bde1000 rw-p 00000000 00:00 0 
7efc8bde1000-7efc8bec7000 ---p 00000000 00:00 0 
7efc8bec7000-7efc8c137000 rwxp 00000000 00:00 0 
7efc8c137000-7efc8c456000 ---p 00000000 00:00 0 
7efc8c456000-7efc8c6c6000 rwxp 00000000 00:00 0 
7efc8c6c6000-7efc9398e000 ---p 00000000 00:00 0 
7efc9398e000-7efc93bfe000 rwxp 00000000 00:00 0 
7efc93bfe000-7efc9aec7000 ---p 00000000 00:00 0 
7efc9aec7000-7efca35ba000 r--s 00000000 08:01 1314702                    /usr/lib/jvm/java-11-openjdk-amd64/lib/modules
7efca35ba000-7efca35bf000 r-xp 00000000 08:01 1314683                    /usr/lib/jvm/java-11-openjdk-amd64/lib/libjimage.so
7efca35bf000-7efca37be000 ---p 00005000 08:01 1314683                    /usr/lib/jvm/java-11-openjdk-amd64/lib/libjimage.so
7efca37be000-7efca37bf000 r--p 00004000 08:01 1314683                    /usr/lib/jvm/java-11-openjdk-amd64/lib/libjimage.so
7efca37bf000-7efca37c0000 rw-p 00005000 08:01 1314683                    /usr/lib/jvm/java-11-openjdk-amd64/lib/libjimage.so
7efca37c0000-7efca37c7000 r-xp 00000000 08:01 1314701                    /usr/lib/jvm/java-11-openjdk-amd64/lib/libzip.so
7efca37c7000-7efca39c6000 ---p 00007000 08:01 1314701                    /usr/lib/jvm/java-11-openjdk-amd64/lib/libzip.so
7efca39c6000-7efca39c7000 r--p 00006000 08:01 1314701                    /usr/lib/jvm/java-11-openjdk-amd64/lib/libzip.so
7efca39c7000-7efca39c8000 rw-p 00007000 08:01 1314701                    /usr/lib/jvm/java-11-openjdk-amd64/lib/libzip.so
7efca39c8000-7efca39d3000 r-xp 00000000 08:01 268047                     /lib/x86_64-linux-gnu/libnss_files-2.27.so
7efca39d3000-7efca3bd2000 ---p 0000b000 08:01 268047                     /lib/x86_64-linux-gnu/libnss_files-2.27.so
7efca3bd2000-7efca3bd3000 r--p 0000a000 08:01 268047                     /lib/x86_64-linux-gnu/libnss_files-2.27.so
7efca3bd3000-7efca3bd4000 rw-p 0000b000 08:01 268047                     /lib/x86_64-linux-gnu/libnss_files-2.27.so
7efca3bd4000-7efca3bda000 rw-p 00000000 00:00 0 
7efca3bda000-7efca3bf1000 r-xp 00000000 08:01 268041                     /lib/x86_64-linux-gnu/libnsl-2.27.so
7efca3bf1000-7efca3df0000 ---p 00017000 08:01 268041                     /lib/x86_64-linux-gnu/libnsl-2.27.so
7efca3df0000-7efca3df1000 r--p 00016000 08:01 268041                     /lib/x86_64-linux-gnu/libnsl-2.27.so
7efca3df1000-7efca3df2000 rw-p 00017000 08:01 268041                     /lib/x86_64-linux-gnu/libnsl-2.27.so
7efca3df2000-7efca3df4000 rw-p 00000000 00:00 0 
7efca3df4000-7efca3dff000 r-xp 00000000 08:01 268058                     /lib/x86_64-linux-gnu/libnss_nis-2.27.so
7efca3dff000-7efca3ffe000 ---p 0000b000 08:01 268058                     /lib/x86_64-linux-gnu/libnss_nis-2.27.so
7efca3ffe000-7efca3fff000 r--p 0000a000 08:01 268058                     /lib/x86_64-linux-gnu/libnss_nis-2.27.so
7efca3fff000-7efca4000000 rw-p 0000b000 08:01 268058                     /lib/x86_64-linux-gnu/libnss_nis-2.27.so
7efca4000000-7efca40b1000 rw-p 00000000 00:00 0 
7efca40b1000-7efca8000000 ---p 00000000 00:00 0 
7efca8068000-7efca806d000 rw-p 00000000 00:00 0 
7efca806d000-7efca8153000 ---p 00000000 00:00 0 
7efca8153000-7efca815b000 r-xp 00000000 08:01 268043                     /lib/x86_64-linux-gnu/libnss_compat-2.27.so
7efca815b000-7efca835b000 ---p 00008000 08:01 268043                     /lib/x86_64-linux-gnu/libnss_compat-2.27.so
7efca835b000-7efca835c000 r--p 00008000 08:01 268043                     /lib/x86_64-linux-gnu/libnss_compat-2.27.so
7efca835c000-7efca835d000 rw-p 00009000 08:01 268043                     /lib/x86_64-linux-gnu/libnss_compat-2.27.so
7efca835d000-7efca8386000 r-xp 00000000 08:01 1314678                    /usr/lib/jvm/java-11-openjdk-amd64/lib/libjava.so
7efca8386000-7efca8585000 ---p 00029000 08:01 1314678                    /usr/lib/jvm/java-11-openjdk-amd64/lib/libjava.so
7efca8585000-7efca8586000 r--p 00028000 08:01 1314678                    /usr/lib/jvm/java-11-openjdk-amd64/lib/libjava.so
7efca8586000-7efca8588000 rw-p 00029000 08:01 1314678                    /usr/lib/jvm/java-11-openjdk-amd64/lib/libjava.so
7efca8588000-7efca8595000 r-xp 00000000 08:01 1314699                    /usr/lib/jvm/java-11-openjdk-amd64/lib/libverify.so
7efca8595000-7efca8794000 ---p 0000d000 08:01 1314699                    /usr/lib/jvm/java-11-openjdk-amd64/lib/libverify.so
7efca8794000-7efca8796000 r--p 0000c000 08:01 1314699                    /usr/lib/jvm/java-11-openjdk-amd64/lib/libverify.so
7efca8796000-7efca8797000 rw-p 0000e000 08:01 1314699                    /usr/lib/jvm/java-11-openjdk-amd64/lib/libverify.so
7efca8797000-7efca879e000 r-xp 00000000 08:01 268098                     /lib/x86_64-linux-gnu/librt-2.27.so
7efca879e000-7efca899d000 ---p 00007000 08:01 268098                     /lib/x86_64-linux-gnu/librt-2.27.so
7efca899d000-7efca899e000 r--p 00006000 08:01 268098                     /lib/x86_64-linux-gnu/librt-2.27.so
7efca899e000-7efca899f000 rw-p 00007000 08:01 268098                     /lib/x86_64-linux-gnu/librt-2.27.so
7efca899f000-7efca89b6000 r-xp 00000000 08:01 262233                     /lib/x86_64-linux-gnu/libgcc_s.so.1
7efca89b6000-7efca8bb5000 ---p 00017000 08:01 262233                     /lib/x86_64-linux-gnu/libgcc_s.so.1
7efca8bb5000-7efca8bb6000 r--p 00016000 08:01 262233                     /lib/x86_64-linux-gnu/libgcc_s.so.1
7efca8bb6000-7efca8bb7000 rw-p 00017000 08:01 262233                     /lib/x86_64-linux-gnu/libgcc_s.so.1
7efca8bb7000-7efca8d54000 r-xp 00000000 08:01 268020                     /lib/x86_64-linux-gnu/libm-2.27.so
7efca8d54000-7efca8f53000 ---p 0019d000 08:01 268020                     /lib/x86_64-linux-gnu/libm-2.27.so
7efca8f53000-7efca8f54000 r--p 0019c000 08:01 268020                     /lib/x86_64-linux-gnu/libm-2.27.so
7efca8f54000-7efca8f55000 rw-p 0019d000 08:01 268020                     /lib/x86_64-linux-gnu/libm-2.27.so
7efca8f55000-7efca90ce000 r-xp 00000000 08:01 1312803                    /usr/lib/x86_64-linux-gnu/libstdc++.so.6.0.25
7efca90ce000-7efca92ce000 ---p 00179000 08:01 1312803                    /usr/lib/x86_64-linux-gnu/libstdc++.so.6.0.25
7efca92ce000-7efca92d8000 r--p 00179000 08:01 1312803                    /usr/lib/x86_64-linux-gnu/libstdc++.so.6.0.25
7efca92d8000-7efca92da000 rw-p 00183000 08:01 1312803                    /usr/lib/x86_64-linux-gnu/libstdc++.so.6.0.25
7efca92da000-7efca92de000 rw-p 00000000 00:00 0 
7efca92de000-7efcaa3bb000 r-xp 00000000 08:01 1314707                    /usr/lib/jvm/java-11-openjdk-amd64/lib/server/libjvm.so
7efcaa3bb000-7efcaa5ba000 ---p 010dd000 08:01 1314707                    /usr/lib/jvm/java-11-openjdk-amd64/lib/server/libjvm.so
7efcaa5ba000-7efcaa677000 r--p 010dc000 08:01 1314707                    /usr/lib/jvm/java-11-openjdk-amd64/lib/server/libjvm.so
7efcaa677000-7efcaa6b1000 rw-p 01199000 08:01 1314707                    /usr/lib/jvm/java-11-openjdk-amd64/lib/server/libjvm.so
7efcaa6b1000-7efcaa707000 rw-p 00000000 00:00 0 
7efcaa707000-7efcaa721000 r-xp 00000000 08:01 268090                     /lib/x86_64-linux-gnu/libpthread-2.27.so
7efcaa721000-7efcaa920000 ---p 0001a000 08:01 268090                     /lib/x86_64-linux-gnu/libpthread-2.27.so
7efcaa920000-7efcaa921000 r--p 00019000 08:01 268090                     /lib/x86_64-linux-gnu/libpthread-2.27.so
7efcaa921000-7efcaa922000 rw-p 0001a000 08:01 268090                     /lib/x86_64-linux-gnu/libpthread-2.27.so
7efcaa922000-7efcaa926000 rw-p 00000000 00:00 0 
7efcaa926000-7efcaa929000 r-xp 00000000 08:01 267980                     /lib/x86_64-linux-gnu/libdl-2.27.so
7efcaa929000-7efcaab28000 ---p 00003000 08:01 267980                     /lib/x86_64-linux-gnu/libdl-2.27.so
7efcaab28000-7efcaab29000 r--p 00002000 08:01 267980                     /lib/x86_64-linux-gnu/libdl-2.27.so
7efcaab29000-7efcaab2a000 rw-p 00003000 08:01 267980                     /lib/x86_64-linux-gnu/libdl-2.27.so
7efcaab2a000-7efcaab46000 r-xp 00000000 08:01 268129                     /lib/x86_64-linux-gnu/libz.so.1.2.11
7efcaab46000-7efcaad45000 ---p 0001c000 08:01 268129                     /lib/x86_64-linux-gnu/libz.so.1.2.11
7efcaad45000-7efcaad46000 r--p 0001b000 08:01 268129                     /lib/x86_64-linux-gnu/libz.so.1.2.11
7efcaad46000-7efcaad47000 rw-p 0001c000 08:01 268129                     /lib/x86_64-linux-gnu/libz.so.1.2.11
7efcaad47000-7efcaaf2e000 r-xp 00000000 08:01 267957                     /lib/x86_64-linux-gnu/libc-2.27.so
7efcaaf2e000-7efcab12e000 ---p 001e7000 08:01 267957                     /lib/x86_64-linux-gnu/libc-2.27.so
7efcab12e000-7efcab132000 r--p 001e7000 08:01 267957                     /lib/x86_64-linux-gnu/libc-2.27.so
7efcab132000-7efcab134000 rw-p 001eb000 08:01 267957                     /lib/x86_64-linux-gnu/libc-2.27.so
7efcab134000-7efcab138000 rw-p 00000000 00:00 0 
7efcab138000-7efcab148000 r-xp 00000000 08:01 1314662                    /usr/lib/jvm/java-11-openjdk-amd64/lib/jli/libjli.so
7efcab148000-7efcab347000 ---p 00010000 08:01 1314662                    /usr/lib/jvm/java-11-openjdk-amd64/lib/jli/libjli.so
7efcab347000-7efcab348000 r--p 0000f000 08:01 1314662                    /usr/lib/jvm/java-11-openjdk-amd64/lib/jli/libjli.so
7efcab348000-7efcab349000 rw-p 00010000 08:01 1314662                    /usr/lib/jvm/java-11-openjdk-amd64/lib/jli/libjli.so
7efcab349000-7efcab370000 r-xp 00000000 08:01 267929                     /lib/x86_64-linux-gnu/ld-2.27.so
7efcab386000-7efcab450000 rw-p 00000000 00:00 0 
7efcab450000-7efcab457000 ---p 00000000 00:00 0 
7efcab457000-7efcab45b000 ---p 00000000 00:00 0 
7efcab45b000-7efcab55a000 rw-p 00000000 00:00 0 
7efcab562000-7efcab564000 r--s 00007000 08:01 1600461                    /usr/share/java/java-atk-wrapper.jar
7efcab564000-7efcab56c000 rw-s 00000000 08:01 1992922                    /tmp/hsperfdata_pd2/16391
7efcab56c000-7efcab56d000 ---p 00000000 00:00 0 
7efcab56d000-7efcab56e000 r--p 00000000 00:00 0 
7efcab56e000-7efcab570000 rw-p 00000000 00:00 0 
7efcab570000-7efcab571000 r--p 00027000 08:01 267929                     /lib/x86_64-linux-gnu/ld-2.27.so
7efcab571000-7efcab572000 rw-p 00028000 08:01 267929                     /lib/x86_64-linux-gnu/ld-2.27.so
7efcab572000-7efcab573000 rw-p 00000000 00:00 0 
7ffcf09a8000-7ffcf09c9000 rw-p 00000000 00:00 0                          [stack]
7ffcf09d9000-7ffcf09dc000 r--p 00000000 00:00 0                          [vvar]
7ffcf09dc000-7ffcf09dd000 r-xp 00000000 00:00 0                          [vdso]
ffffffffff600000-ffffffffff601000 --xp 00000000 00:00 0                  [vsyscall]


VM Arguments:
jvm_args: -Xverify:none 
java_command: Main
java_class_path (initial): .
Launcher Type: SUN_STANDARD

[Global flags]
     bool BytecodeVerificationLocal                = false                                     {product} {command line}
     bool BytecodeVerificationRemote               = false                                     {product} {command line}
     intx CICompilerCount                          = 2                                         {product} {ergonomic}
   size_t InitialHeapSize                          = 264241152                                 {product} {ergonomic}
   size_t MaxHeapSize                              = 4198498304                                {product} {ergonomic}
   size_t MaxNewSize                               = 1399455744                                {product} {ergonomic}
   size_t MinHeapDeltaBytes                        = 196608                                    {product} {ergonomic}
   size_t NewSize                                  = 88080384                                  {product} {ergonomic}
    uintx NonNMethodCodeHeapSize                   = 5825164                                {pd product} {ergonomic}
    uintx NonProfiledCodeHeapSize                  = 122916538                              {pd product} {ergonomic}
   size_t OldSize                                  = 176160768                                 {product} {ergonomic}
    uintx ProfiledCodeHeapSize                     = 122916538                              {pd product} {ergonomic}
    uintx ReservedCodeCacheSize                    = 251658240                              {pd product} {ergonomic}
     bool SegmentedCodeCache                       = true                                      {product} {ergonomic}
     bool UseCompressedClassPointers               = true                                 {lp64_product} {ergonomic}
     bool UseCompressedOops                        = true                                 {lp64_product} {ergonomic}
     bool UseSerialGC                              = true                                      {product} {ergonomic}

Logging:
Log output configuration:
 #0: stdout all=warning uptime,level,tags
 #1: stderr all=off uptime,level,tags

Environment Variables:
PATH=/usr/local/sbin:/usr/local/bin:/usr/sbin:/usr/bin:/sbin:/bin:/usr/games:/usr/local/games:/snap/bin
USERNAME=pd2
SHELL=/bin/bash
DISPLAY=:0

Signal Handlers:
SIGSEGV: [libjvm.so+0xdf8d00], sa_mask[0]=11111111011111111101111111111110, sa_flags=SA_RESTART|SA_SIGINFO
SIGBUS: [libjvm.so+0xdf8d00], sa_mask[0]=11111111011111111101111111111110, sa_flags=SA_RESTART|SA_SIGINFO
SIGFPE: [libjvm.so+0xdf8d00], sa_mask[0]=11111111011111111101111111111110, sa_flags=SA_RESTART|SA_SIGINFO
SIGPIPE: [libjvm.so+0xbcbc30], sa_mask[0]=11111111011111111101111111111110, sa_flags=SA_RESTART|SA_SIGINFO
SIGXFSZ: [libjvm.so+0xbcbc30], sa_mask[0]=11111111011111111101111111111110, sa_flags=SA_RESTART|SA_SIGINFO
SIGILL: [libjvm.so+0xdf8d00], sa_mask[0]=11111111011111111101111111111110, sa_flags=SA_RESTART|SA_SIGINFO
SIGUSR2: [libjvm.so+0xbcbad0], sa_mask[0]=00000000000000000000000000000000, sa_flags=SA_RESTART|SA_SIGINFO
SIGHUP: [libjvm.so+0xbcbe30], sa_mask[0]=11111111011111111101111111111110, sa_flags=SA_RESTART|SA_SIGINFO
SIGINT: [libjvm.so+0xbcbe30], sa_mask[0]=11111111011111111101111111111110, sa_flags=SA_RESTART|SA_SIGINFO
SIGTERM: [libjvm.so+0xbcbe30], sa_mask[0]=11111111011111111101111111111110, sa_flags=SA_RESTART|SA_SIGINFO
SIGQUIT: [libjvm.so+0xbcbe30], sa_mask[0]=11111111011111111101111111111110, sa_flags=SA_RESTART|SA_SIGINFO


---------------  S Y S T E M  ---------------

OS:DISTRIB_ID=Ubuntu
DISTRIB_RELEASE=18.04
DISTRIB_CODENAME=bionic
DISTRIB_DESCRIPTION="Ubuntu 18.04.4 LTS"
uname:Linux 5.3.0-53-generic #47~18.04.1-Ubuntu SMP Thu May 7 13:10:50 UTC 2020 x86_64
OS uptime: 0 days 14:48 hours
libc:glibc 2.27 NPTL 2.27 
rlimit: STACK 8192k, CORE 0k, NPROC 63867, NOFILE 4096, AS infinity, CPU infinity, DATA infinity, FSIZE infinity
load average:0.28 0.22 0.12

/proc/meminfo:
MemTotal:       16398728 kB
MemFree:        11967252 kB
MemAvailable:   14281896 kB
Buffers:          268224 kB
Cached:          2255588 kB
SwapCached:            0 kB
Active:          2743280 kB
Inactive:        1289256 kB
Active(anon):    1509880 kB
Inactive(anon):    93212 kB
Active(file):    1233400 kB
Inactive(file):  1196044 kB
Unevictable:         184 kB
Mlocked:             184 kB
SwapTotal:       1942896 kB
SwapFree:        1942896 kB
Dirty:               720 kB
Writeback:             0 kB
AnonPages:       1509060 kB
Mapped:           474824 kB
Shmem:             94272 kB
KReclaimable:     221252 kB
Slab:             264900 kB
SReclaimable:     221252 kB
SUnreclaim:        43648 kB
KernelStack:       10716 kB
PageTables:        57888 kB
NFS_Unstable:          0 kB
Bounce:                0 kB
WritebackTmp:          0 kB
CommitLimit:    10142260 kB
Committed_AS:    7591132 kB
VmallocTotal:   34359738367 kB
VmallocUsed:       36504 kB
VmallocChunk:          0 kB
Percpu:              336 kB
HardwareCorrupted:     0 kB
AnonHugePages:         0 kB
ShmemHugePages:        0 kB
ShmemPmdMapped:        0 kB
CmaTotal:              0 kB
CmaFree:               0 kB
HugePages_Total:       0
HugePages_Free:        0
HugePages_Rsvd:        0
HugePages_Surp:        0
Hugepagesize:       2048 kB
Hugetlb:               0 kB
DirectMap4k:      200640 kB
DirectMap2M:    16576512 kB


/proc/sys/kernel/threads-max (system-wide limit on the number of threads):
127734


/proc/sys/vm/max_map_count (maximum number of memory map areas a process may have):
65530


/proc/sys/kernel/pid_max (system-wide limit on number of process identifiers):
32768



container (cgroup) information:
container_type: cgroupv1
cpu_cpuset_cpus: 0
cpu_memory_nodes: 0
active_processor_count: 1
cpu_quota: -1
cpu_period: 100000
cpu_shares: -1
memory_limit_in_bytes: -1
memory_and_swap_limit_in_bytes: -2
memory_soft_limit_in_bytes: -1
memory_usage_in_bytes: 4129488896
memory_max_usage_in_bytes: 0

KVM virtualization detected
Steal ticks since vm start: 0
Steal ticks percentage since vm start:  0.000

CPU:total 1 (initial active 1) (1 cores per cpu, 1 threads per core) family 6 model 158 stepping 13, cmov, cx8, fxsr, mmx, sse, sse2, sse3, ssse3, sse4.1, sse4.2, popcnt, avx, avx2, aes, clmul, 3dnowpref, lzcnt, tsc, tscinvbit
CPU Model and flags from /proc/cpuinfo:
model name	: Intel(R) Core(TM) i7-9700F CPU @ 3.00GHz
flags		: fpu vme de pse tsc msr pae mce cx8 apic sep mtrr pge mca cmov pat pse36 clflush mmx fxsr sse sse2 ht syscall nx rdtscp lm constant_tsc rep_good nopl xtopology nonstop_tsc cpuid tsc_known_freq pni pclmulqdq monitor ssse3 cx16 pcid sse4_1 sse4_2 x2apic movbe popcnt aes xsave avx rdrand hypervisor lahf_lm abm 3dnowprefetch invpcid_single fsgsbase avx2 invpcid rdseed clflushopt md_clear flush_l1d arch_capabilities

Memory: 4k page, physical 16398728k(11967252k free), swap 1942896k(1942896k free)

vm_info: OpenJDK 64-Bit Server VM (11.0.7+10-post-Ubuntu-2ubuntu218.04) for linux-amd64 JRE (11.0.7+10-post-Ubuntu-2ubuntu218.04), built on Apr 15 2020 21:12:54 by "unknown" with gcc 7.5.0

END.
