#
# A fatal error has been detected by the Java Runtime Environment:
#
#  SIGSEGV (0xb) at pc=0x00007f635092a43b, pid=2787, tid=2788
#
# JRE version: OpenJDK Runtime Environment (11.0.7+10) (build 11.0.7+10-post-Ubuntu-2ubuntu218.04)
# Java VM: OpenJDK 64-Bit Server VM (11.0.7+10-post-Ubuntu-2ubuntu218.04, mixed mode, sharing, tiered, compressed oops, serial gc, linux-amd64)
# Problematic frame:
# j  Main.main([Ljava/lang/String;)V+93
#
# Core dump will be written. Default location: Core dumps may be processed with "/usr/share/apport/apport %p %s %c %d %P %E" (or dumping to /home/pd2/Desktop/Compiler_StudentID_HW3/core.2787)
#
# If you would like to submit a bug report, please visit:
#   https://bugs.launchpad.net/ubuntu/+source/openjdk-lts
#

---------------  S U M M A R Y ------------

Command Line: -Xverify:none Main

Host: Intel(R) Core(TM) i7-9700F CPU @ 3.00GHz, 1 cores, 15G, Ubuntu 18.04.4 LTS
Time: Thu Jun 11 14:24:32 2020 CST elapsed time: 0 seconds (0d 0h 0m 0s)

---------------  T H R E A D  ---------------

Current thread (0x00007f6368015800):  JavaThread "main" [_thread_in_Java, id=2788, stack(0x00007f6371cff000,0x00007f6371e00000)]

Stack: [0x00007f6371cff000,0x00007f6371e00000],  sp=0x00007f6371dfe680,  free space=1021k
Native frames: (J=compiled Java code, A=aot compiled Java code, j=interpreted, Vv=VM code, C=native code)
j  Main.main([Ljava/lang/String;)V+93
v  ~StubRoutines::call_stub
V  [libjvm.so+0x84e319]
V  [libjvm.so+0x8ca02d]
V  [libjvm.so+0x8cc4fe]
C  [libjli.so+0x5856]
C  [libjli.so+0x92cd]


siginfo: si_signo: 11 (SIGSEGV), si_code: 1 (SEGV_MAPERR), si_addr: 0x00000008b819c270

Register to memory mapping:

RAX=0x00000008b819c008 is an unknown value
RBX=0x0000000000000013 is an unknown value
RCX=0x00007f636ccd5295 is pointing into metadata
RDX=0x0000000090000002 is an unknown value
RSP=0x00007f6371dfe680 is pointing into the stack for thread: 0x00007f6368015800
RBP=0x00007f6371dfe6d0 is pointing into the stack for thread: 0x00007f6368015800
RSI=0x00007f6371dfe618 is pointing into the stack for thread: 0x00007f6368015800
RDI=0x00007f6350916cb3 is at code_begin+2355 in an Interpreter codelet
invoke return entry points  [0x00007f6350916380, 0x00007f6350916da0]  2592 bytes
R8 =0x0 is NULL
R9 =0x0000000705c0ede0 points into unknown readable memory: 01 00 00 00 00 00 00 00
R10=0x00007f6370f9cdc0: <offset 0x0000000001416dc0> in /usr/lib/jvm/java-11-openjdk-amd64/lib/server/libjvm.so at 0x00007f636fb86000
R11=0x00007f6371dfe1c8 is pointing into the stack for thread: 0x00007f6368015800
R12=0x0 is NULL
R13=0x00007f636ccd5295 is pointing into metadata
R14=0x0 is NULL
R15=0x00007f6368015800 is a thread


Registers:
RAX=0x00000008b819c008, RBX=0x0000000000000013, RCX=0x00007f636ccd5295, RDX=0x0000000090000002
RSP=0x00007f6371dfe680, RBP=0x00007f6371dfe6d0, RSI=0x00007f6371dfe618, RDI=0x00007f6350916cb3
R8 =0x0000000000000000, R9 =0x0000000705c0ede0, R10=0x00007f6370f9cdc0, R11=0x00007f6371dfe1c8
R12=0x0000000000000000, R13=0x00007f636ccd5295, R14=0x0000000000000000, R15=0x00007f6368015800
RIP=0x00007f635092a43b, EFLAGS=0x0000000000010246, CSGSFS=0x002b000000000033, ERR=0x0000000000000004
  TRAPNO=0x000000000000000e

Top of Stack: (sp=0x00007f6371dfe680)
0x00007f6371dfe680:   00007f6350916cb3 000000006ccd5286
0x00007f6371dfe690:   00007f636ccd5295 00007f6371dfe9f8
0x00007f6371dfe6a0:   00007f636ccd53a8 0000000000000000
0x00007f6371dfe6b0:   0000000705c93f78 00007f636ccd5350 

Instructions: (pc=0x00007f635092a43b)
0x00007f635092a33b:   81 78 08 01 00 00 00 74 17 4c 33 68 08 49 f7 c5
0x00007f635092a34b:   fc ff ff ff 74 0e 48 81 48 08 02 00 00 00 eb 04
0x00007f635092a35b:   4c 89 68 08 48 83 c0 10 4c 8b 68 d8 41 83 ed 04
0x00007f635092a36b:   41 c1 e5 03 49 03 c5 48 89 45 d8 4c 8d 6c 24 08
0x00007f635092a37b:   4c 89 6d f0 ff 63 48 8b 41 08 48 c1 e0 03 49 bc
0x00007f635092a38b:   00 00 00 00 08 00 00 00 49 03 c4 4d 33 e4 4c 8b
0x00007f635092a39b:   75 d8 4d 85 f6 0f 84 95 00 00 00 49 8b 56 18 48
0x00007f635092a3ab:   3b d0 0f 85 0f 00 00 00 49 83 46 20 01 49 83 5e
0x00007f635092a3bb:   20 00 e9 71 00 00 00 48 85 d2 0f 84 42 00 00 00
0x00007f635092a3cb:   49 8b 56 28 48 3b d0 0f 85 0f 00 00 00 49 83 46
0x00007f635092a3db:   30 01 49 83 5e 30 00 e9 4c 00 00 00 48 85 d2 74
0x00007f635092a3eb:   0f 49 83 46 08 01 49 83 5e 08 00 e9 38 00 00 00
0x00007f635092a3fb:   49 89 46 28 ba 01 00 00 00 49 89 56 30 e9 26 00
0x00007f635092a40b:   00 00 49 3b 46 28 0f 85 0f 00 00 00 49 83 46 30
0x00007f635092a41b:   01 49 83 5e 30 00 e9 0d 00 00 00 49 89 46 18 ba
0x00007f635092a42b:   01 00 00 00 49 89 56 20 49 83 c6 38 4c 89 75 d8
0x00007f635092a43b:   48 8b 9c d8 d0 01 00 00 48 8b 55 d8 48 85 d2 0f
0x00007f635092a44b:   84 4f 01 00 00 80 7a c8 0b 0f 85 45 01 00 00 48
0x00007f635092a45b:   83 c2 08 4c 8b 6a f8 41 83 ed 00 41 83 fd 02 0f
0x00007f635092a46b:   8c 24 01 00 00 4c 8b 6b 08 45 0f b7 6d 34 4c 2b
0x00007f635092a47b:   2a 41 83 ed 01 4e 8b 6c ec 08 4d 85 ed 75 0a 48
0x00007f635092a48b:   81 4a 08 01 00 00 00 eb 5d 45 8b 6d 08 49 c1 e5
0x00007f635092a49b:   03 49 bc 00 00 00 00 08 00 00 00 4d 03 ec 4d 33
0x00007f635092a4ab:   e4 4c 33 6a 08 49 f7 c5 fc ff ff ff 74 38 49 f7
0x00007f635092a4bb:   c5 02 00 00 00 75 2f 48 81 7a 08 00 00 00 00 74
0x00007f635092a4cb:   21 48 81 7a 08 01 00 00 00 74 17 4c 33 6a 08 49
0x00007f635092a4db:   f7 c5 fc ff ff ff 74 0e 48 81 4a 08 02 00 00 00
0x00007f635092a4eb:   eb 04 4c 89 6a 08 48 83 c2 10 4c 8b 6a e8 41 83
0x00007f635092a4fb:   ed 02 41 83 fd 02 0f 8c 8d 00 00 00 4c 8b 6b 08
0x00007f635092a50b:   45 0f b7 6d 34 4c 2b 2a 41 83 ed 01 4e 8b 6c ec
0x00007f635092a51b:   08 4d 85 ed 75 0a 48 81 4a 08 01 00 00 00 eb 5d
0x00007f635092a52b:   45 8b 6d 08 49 c1 e5 03 49 bc 00 00 00 00 08 00 


Stack slot to memory mapping:
stack at sp + 0 slots: 0x00007f6350916cb3 is at code_begin+2355 in an Interpreter codelet
invoke return entry points  [0x00007f6350916380, 0x00007f6350916da0]  2592 bytes
stack at sp + 1 slots: 0x000000006ccd5286 is an unknown value
stack at sp + 2 slots: 0x00007f636ccd5295 is pointing into metadata
stack at sp + 3 slots: 0x00007f6371dfe9f8 is pointing into the stack for thread: 0x00007f6368015800
stack at sp + 4 slots: 0x00007f636ccd53a8 is pointing into metadata
stack at sp + 5 slots: 0x0 is NULL
stack at sp + 6 slots: 0x0000000705c93f78 points into unknown readable memory: 01 a8 c3 51 54 00 00 00
stack at sp + 7 slots: {method} {0x00007f636ccd5350} 'main' '([Ljava/lang/String;)V' in 'Main'

invokevirtual  182 invokevirtual  [0x00007f635092a0a0, 0x00007f635092a5c0]  1312 bytes

---------------  P R O C E S S  ---------------

Threads class SMR info:
_java_thread_list=0x00007f63680a1a70, length=9, elements={
0x00007f6368015800, 0x00007f6368051000, 0x00007f6368053000, 0x00007f636805a000,
0x00007f636805c800, 0x00007f636805e800, 0x00007f6368060800, 0x00007f636809a800,
0x00007f63680a0000
}

Java Threads: ( => current thread )
=>0x00007f6368015800 JavaThread "main" [_thread_in_Java, id=2788, stack(0x00007f6371cff000,0x00007f6371e00000)]
  0x00007f6368051000 JavaThread "Reference Handler" daemon [_thread_blocked, id=2791, stack(0x00007f636c651000,0x00007f636c752000)]
  0x00007f6368053000 JavaThread "Finalizer" daemon [_thread_blocked, id=2793, stack(0x00007f636c550000,0x00007f636c651000)]
  0x00007f636805a000 JavaThread "Signal Dispatcher" daemon [_thread_blocked, id=2797, stack(0x00007f636c44f000,0x00007f636c550000)]
  0x00007f636805c800 JavaThread "C2 CompilerThread0" daemon [_thread_blocked, id=2798, stack(0x00007f636c34e000,0x00007f636c44f000)]
  0x00007f636805e800 JavaThread "C1 CompilerThread0" daemon [_thread_blocked, id=2799, stack(0x00007f636c24d000,0x00007f636c34e000)]
  0x00007f6368060800 JavaThread "Sweeper thread" daemon [_thread_blocked, id=2801, stack(0x00007f636c14c000,0x00007f636c24d000)]
  0x00007f636809a800 JavaThread "Service Thread" daemon [_thread_blocked, id=2804, stack(0x00007f636c04b000,0x00007f636c14c000)]
  0x00007f63680a0000 JavaThread "Common-Cleaner" daemon [_thread_new, id=2806, stack(0x00007f635070a000,0x00007f635080b000)]

Other Threads:
  0x00007f636804e000 VMThread "VM Thread" [stack: 0x00007f636c754000,0x00007f636c854000] [id=2789]
  0x00007f636809d000 WatcherThread [stack: 0x00007f635080d000,0x00007f635090d000] [id=2805]

Threads with active compile tasks:

VM state:not at safepoint (normal execution)

VM Mutex/Monitor currently owned by a thread: None

Heap address: 0x0000000705c00000, size: 4004 MB, Compressed Oops mode: Zero based, Oop shift amount: 3
Narrow klass base: 0x0000000800000000, Narrow klass shift: 3
Compressed class space size: 1073741824 Address: 0x0000000840000000

Heap:
 def new generation   total 77440K, used 2754K [0x0000000705c00000, 0x000000070b000000, 0x00000007592a0000)
  eden space 68864K,   4% used [0x0000000705c00000, 0x0000000705eb0a58, 0x0000000709f40000)
  from space 8576K,   0% used [0x0000000709f40000, 0x0000000709f40000, 0x000000070a7a0000)
  to   space 8576K,   0% used [0x000000070a7a0000, 0x000000070a7a0000, 0x000000070b000000)
 tenured generation   total 172032K, used 0K [0x00000007592a0000, 0x0000000763aa0000, 0x0000000800000000)
   the space 172032K,   0% used [0x00000007592a0000, 0x00000007592a0000, 0x00000007592a0200, 0x0000000763aa0000)
 Metaspace       used 179K, capacity 4486K, committed 4864K, reserved 1056768K
  class space    used 5K, capacity 386K, committed 512K, reserved 1048576K

Card table byte_map: [0x00007f636d60c000,0x00007f636dddf000] _byte_map_base: 0x00007f6369dde000

Polling page: 0x00007f6371e14000

Metaspace:

Usage:
  Non-class:      4.00 MB capacity,   173.74 KB (  4%) used,     3.83 MB ( 96%) free+waste,   128 bytes ( <1%) overhead. 
      Class:    386.00 KB capacity,     5.67 KB (  1%) used,   380.20 KB ( 98%) free+waste,   128 bytes ( <1%) overhead. 
       Both:      4.38 MB capacity,   179.41 KB (  4%) used,     4.21 MB ( 96%) free+waste,   256 bytes ( <1%) overhead. 

Virtual space:
  Non-class space:        8.00 MB reserved,       4.25 MB ( 53%) committed 
      Class space:        1.00 GB reserved,     512.00 KB ( <1%) committed 
             Both:        1.01 GB reserved,       4.75 MB ( <1%) committed 

Chunk freelists:
   Non-Class:  0 bytes
       Class:  0 bytes
        Both:  0 bytes

MaxMetaspaceSize: unlimited
CompressedClassSpaceSize: 1.00 GB

CodeHeap 'non-profiled nmethods': size=120036Kb used=17Kb max_used=17Kb free=120018Kb
 bounds [0x00007f63583d4000, 0x00007f6358644000, 0x00007f635f90d000]
CodeHeap 'profiled nmethods': size=120032Kb used=97Kb max_used=97Kb free=119934Kb
 bounds [0x00007f6350e9c000, 0x00007f635110c000, 0x00007f63583d4000]
CodeHeap 'non-nmethods': size=5692Kb used=987Kb max_used=995Kb free=4704Kb
 bounds [0x00007f635090d000, 0x00007f6350b7d000, 0x00007f6350e9c000]
 total_blobs=363 nmethods=72 adapters=155
 compilation: enabled
              stopped_count=0, restarted_count=0
 full_count=0

Compilation events (20 events):
Event: 0.038 Thread 0x00007f636805e800   60       3       java.util.AbstractCollection::<init> (5 bytes)
Event: 0.038 Thread 0x00007f636805e800 nmethod 60 0x00007f6350eb2490 code [0x00007f6350eb2640, 0x00007f6350eb2810]
Event: 0.038 Thread 0x00007f636805e800   63       3       java.util.HashSet::add (20 bytes)
Event: 0.038 Thread 0x00007f636805e800 nmethod 63 0x00007f6350eb2910 code [0x00007f6350eb2b00, 0x00007f6350eb2fd8]
Event: 0.038 Thread 0x00007f636805e800   64       3       java.util.AbstractCollection::isEmpty (13 bytes)
Event: 0.038 Thread 0x00007f636805e800 nmethod 64 0x00007f6350eb3190 code [0x00007f6350eb3360, 0x00007f6350eb3608]
Event: 0.038 Thread 0x00007f636805e800   67       1       java.lang.module.ModuleDescriptor::isOpen (5 bytes)
Event: 0.038 Thread 0x00007f636805e800 nmethod 67 0x00007f63583d7790 code [0x00007f63583d7940, 0x00007f63583d7a70]
Event: 0.038 Thread 0x00007f636805e800   61       3       java.lang.module.ResolvedModule::hashCode (16 bytes)
Event: 0.038 Thread 0x00007f636805e800 nmethod 61 0x00007f6350eb3690 code [0x00007f6350eb3860, 0x00007f6350eb3b98]
Event: 0.038 Thread 0x00007f636805e800   70       1       java.lang.Module::getDescriptor (5 bytes)
Event: 0.038 Thread 0x00007f636805e800 nmethod 70 0x00007f63583d7b10 code [0x00007f63583d7cc0, 0x00007f63583d7df0]
Event: 0.038 Thread 0x00007f636805e800   62       1       java.lang.module.ResolvedModule::configuration (5 bytes)
Event: 0.038 Thread 0x00007f636805e800 nmethod 62 0x00007f63583d7e90 code [0x00007f63583d8040, 0x00007f63583d8170]
Event: 0.038 Thread 0x00007f636805e800   65       1       java.lang.module.ModuleDescriptor$Exports::targets (5 bytes)
Event: 0.038 Thread 0x00007f636805e800 nmethod 65 0x00007f63583d8210 code [0x00007f63583d83c0, 0x00007f63583d84f0]
Event: 0.041 Thread 0x00007f636805e800   71       3       java.lang.StringLatin1::canEncode (13 bytes)
Event: 0.041 Thread 0x00007f636805e800 nmethod 71 0x00007f6350eb3c90 code [0x00007f6350eb3e40, 0x00007f6350eb3fd0]
Event: 0.042 Thread 0x00007f636805e800   72       3       java.lang.CharacterDataLatin1::getProperties (11 bytes)
Event: 0.042 Thread 0x00007f636805e800 nmethod 72 0x00007f6350eb4090 code [0x00007f6350eb4240, 0x00007f6350eb43f0]

GC Heap History (0 events):
No events

Deoptimization events (0 events):
No events

Classes redefined (0 events):
No events

Internal exceptions (0 events):
No events

Events (20 events):
Event: 0.006 Protecting memory [0x00007f636c44f000,0x00007f636c453000] with protection modes 0
Event: 0.006 Thread 0x00007f636805c800 Thread added: 0x00007f636805c800
Event: 0.006 Protecting memory [0x00007f636c34e000,0x00007f636c352000] with protection modes 0
Event: 0.010 Thread 0x00007f636805e800 Thread added: 0x00007f636805e800
Event: 0.010 Protecting memory [0x00007f636c24d000,0x00007f636c251000] with protection modes 0
Event: 0.011 Thread 0x00007f6368060800 Thread added: 0x00007f6368060800
Event: 0.016 Protecting memory [0x00007f636c14c000,0x00007f636c150000] with protection modes 0
Event: 0.038 Thread 0x00007f636809a800 Thread added: 0x00007f636809a800
Event: 0.038 Executing VM operation: EnableBiasedLocking
Event: 0.039 Protecting memory [0x00007f636c04b000,0x00007f636c04f000] with protection modes 0
Event: 0.040 Executing VM operation: EnableBiasedLocking done
Event: 0.040 loading class jdk/internal/vm/PostVMInitHook
Event: 0.040 loading class jdk/internal/vm/PostVMInitHook done
Event: 0.040 loading class Main
Event: 0.040 loading class Main done
Event: 0.041 loading class jdk/internal/loader/URLClassPath$FileLoader
Event: 0.041 loading class jdk/internal/loader/URLClassPath$FileLoader done
Event: 0.041 loading class jdk/internal/loader/URLClassPath$FileLoader$1
Event: 0.041 loading class jdk/internal/loader/URLClassPath$FileLoader$1 done
Event: 0.041 Thread 0x00007f63680a0000 Thread added: 0x00007f63680a0000


Dynamic libraries:
705c00000-70b000000 rw-p 00000000 00:00 0 
70b000000-7592a0000 ---p 00000000 00:00 0 
7592a0000-763aa0000 rw-p 00000000 00:00 0 
763aa0000-800000000 ---p 00000000 00:00 0 
800000000-800002000 rwxp 00001000 08:01 1314857                          /usr/lib/jvm/java-11-openjdk-amd64/lib/server/classes.jsa
800002000-8003b8000 rw-p 00003000 08:01 1314857                          /usr/lib/jvm/java-11-openjdk-amd64/lib/server/classes.jsa
8003b8000-800a7f000 r--p 003b9000 08:01 1314857                          /usr/lib/jvm/java-11-openjdk-amd64/lib/server/classes.jsa
800a7f000-800a80000 rw-p 00a80000 08:01 1314857                          /usr/lib/jvm/java-11-openjdk-amd64/lib/server/classes.jsa
800a80000-80108c000 r--p 00a81000 08:01 1314857                          /usr/lib/jvm/java-11-openjdk-amd64/lib/server/classes.jsa
840000000-840080000 rw-p 00000000 00:00 0 
840080000-880000000 ---p 00000000 00:00 0 
5613e0828000-5613e0829000 r-xp 00000000 08:01 1311829                    /usr/lib/jvm/java-11-openjdk-amd64/bin/java
5613e0a29000-5613e0a2a000 r--p 00001000 08:01 1311829                    /usr/lib/jvm/java-11-openjdk-amd64/bin/java
5613e0a2a000-5613e0a2b000 rw-p 00002000 08:01 1311829                    /usr/lib/jvm/java-11-openjdk-amd64/bin/java
5613e28ae000-5613e28cf000 rw-p 00000000 00:00 0                          [heap]
7f632c000000-7f632c021000 rw-p 00000000 00:00 0 
7f632c021000-7f6330000000 ---p 00000000 00:00 0 
7f6334000000-7f6334066000 rw-p 00000000 00:00 0 
7f6334066000-7f6338000000 ---p 00000000 00:00 0 
7f6338000000-7f633807e000 rw-p 00000000 00:00 0 
7f633807e000-7f633c000000 ---p 00000000 00:00 0 
7f633c000000-7f633c021000 rw-p 00000000 00:00 0 
7f633c021000-7f6340000000 ---p 00000000 00:00 0 
7f63435e9000-7f6344000000 r--p 00000000 08:01 1317468                    /usr/lib/locale/locale-archive
7f6344000000-7f6344021000 rw-p 00000000 00:00 0 
7f6344021000-7f6348000000 ---p 00000000 00:00 0 
7f6348000000-7f6348021000 rw-p 00000000 00:00 0 
7f6348021000-7f634c000000 ---p 00000000 00:00 0 
7f634c000000-7f634c021000 rw-p 00000000 00:00 0 
7f634c021000-7f6350000000 ---p 00000000 00:00 0 
7f635070a000-7f635080b000 rw-p 00000000 00:00 0 
7f635080b000-7f635080c000 ---p 00000000 00:00 0 
7f635080c000-7f635090d000 rw-p 00000000 00:00 0 
7f635090d000-7f6350b7d000 rwxp 00000000 00:00 0 
7f6350b7d000-7f6350e9c000 ---p 00000000 00:00 0 
7f6350e9c000-7f635110c000 rwxp 00000000 00:00 0 
7f635110c000-7f63583d4000 ---p 00000000 00:00 0 
7f63583d4000-7f6358644000 rwxp 00000000 00:00 0 
7f6358644000-7f635f90d000 ---p 00000000 00:00 0 
7f635f90d000-7f6368000000 r--s 00000000 08:01 1314702                    /usr/lib/jvm/java-11-openjdk-amd64/lib/modules
7f6368000000-7f63680b0000 rw-p 00000000 00:00 0 
7f63680b0000-7f636c000000 ---p 00000000 00:00 0 
7f636c04b000-7f636c04f000 ---p 00000000 00:00 0 
7f636c04f000-7f636c14c000 rw-p 00000000 00:00 0 
7f636c14c000-7f636c150000 ---p 00000000 00:00 0 
7f636c150000-7f636c24d000 rw-p 00000000 00:00 0 
7f636c24d000-7f636c251000 ---p 00000000 00:00 0 
7f636c251000-7f636c34e000 rw-p 00000000 00:00 0 
7f636c34e000-7f636c352000 ---p 00000000 00:00 0 
7f636c352000-7f636c44f000 rw-p 00000000 00:00 0 
7f636c44f000-7f636c453000 ---p 00000000 00:00 0 
7f636c453000-7f636c550000 rw-p 00000000 00:00 0 
7f636c550000-7f636c554000 ---p 00000000 00:00 0 
7f636c554000-7f636c651000 rw-p 00000000 00:00 0 
7f636c651000-7f636c655000 ---p 00000000 00:00 0 
7f636c655000-7f636c752000 rw-p 00000000 00:00 0 
7f636c752000-7f636c753000 ---p 00000000 00:00 0 
7f636c753000-7f636cd15000 rw-p 00000000 00:00 0 
7f636cd15000-7f636d0d5000 ---p 00000000 00:00 0 
7f636d0d5000-7f636d12a000 rw-p 00000000 00:00 0 
7f636d12a000-7f636d60c000 ---p 00000000 00:00 0 
7f636d60c000-7f636d636000 rw-p 00000000 00:00 0 
7f636d636000-7f636d8a7000 ---p 00000000 00:00 0 
7f636d8a7000-7f636d8fc000 rw-p 00000000 00:00 0 
7f636d8fc000-7f636ddde000 ---p 00000000 00:00 0 
7f636ddde000-7f636dde4000 rw-p 00000000 00:00 0 
7f636dde4000-7f636deca000 ---p 00000000 00:00 0 
7f636deca000-7f636decf000 rw-p 00000000 00:00 0 
7f636decf000-7f636dfb5000 ---p 00000000 00:00 0 
7f636dfb5000-7f636dfba000 r-xp 00000000 08:01 1314683                    /usr/lib/jvm/java-11-openjdk-amd64/lib/libjimage.so
7f636dfba000-7f636e1b9000 ---p 00005000 08:01 1314683                    /usr/lib/jvm/java-11-openjdk-amd64/lib/libjimage.so
7f636e1b9000-7f636e1ba000 r--p 00004000 08:01 1314683                    /usr/lib/jvm/java-11-openjdk-amd64/lib/libjimage.so
7f636e1ba000-7f636e1bb000 rw-p 00005000 08:01 1314683                    /usr/lib/jvm/java-11-openjdk-amd64/lib/libjimage.so
7f636e1bb000-7f636e1c2000 r-xp 00000000 08:01 1314701                    /usr/lib/jvm/java-11-openjdk-amd64/lib/libzip.so
7f636e1c2000-7f636e3c1000 ---p 00007000 08:01 1314701                    /usr/lib/jvm/java-11-openjdk-amd64/lib/libzip.so
7f636e3c1000-7f636e3c2000 r--p 00006000 08:01 1314701                    /usr/lib/jvm/java-11-openjdk-amd64/lib/libzip.so
7f636e3c2000-7f636e3c3000 rw-p 00007000 08:01 1314701                    /usr/lib/jvm/java-11-openjdk-amd64/lib/libzip.so
7f636e3c3000-7f636e3ce000 r-xp 00000000 08:01 268047                     /lib/x86_64-linux-gnu/libnss_files-2.27.so
7f636e3ce000-7f636e5cd000 ---p 0000b000 08:01 268047                     /lib/x86_64-linux-gnu/libnss_files-2.27.so
7f636e5cd000-7f636e5ce000 r--p 0000a000 08:01 268047                     /lib/x86_64-linux-gnu/libnss_files-2.27.so
7f636e5ce000-7f636e5cf000 rw-p 0000b000 08:01 268047                     /lib/x86_64-linux-gnu/libnss_files-2.27.so
7f636e5cf000-7f636e5d5000 rw-p 00000000 00:00 0 
7f636e5d5000-7f636e5ec000 r-xp 00000000 08:01 268041                     /lib/x86_64-linux-gnu/libnsl-2.27.so
7f636e5ec000-7f636e7eb000 ---p 00017000 08:01 268041                     /lib/x86_64-linux-gnu/libnsl-2.27.so
7f636e7eb000-7f636e7ec000 r--p 00016000 08:01 268041                     /lib/x86_64-linux-gnu/libnsl-2.27.so
7f636e7ec000-7f636e7ed000 rw-p 00017000 08:01 268041                     /lib/x86_64-linux-gnu/libnsl-2.27.so
7f636e7ed000-7f636e7ef000 rw-p 00000000 00:00 0 
7f636e7ef000-7f636e7fa000 r-xp 00000000 08:01 268058                     /lib/x86_64-linux-gnu/libnss_nis-2.27.so
7f636e7fa000-7f636e9f9000 ---p 0000b000 08:01 268058                     /lib/x86_64-linux-gnu/libnss_nis-2.27.so
7f636e9f9000-7f636e9fa000 r--p 0000a000 08:01 268058                     /lib/x86_64-linux-gnu/libnss_nis-2.27.so
7f636e9fa000-7f636e9fb000 rw-p 0000b000 08:01 268058                     /lib/x86_64-linux-gnu/libnss_nis-2.27.so
7f636e9fb000-7f636ea03000 r-xp 00000000 08:01 268043                     /lib/x86_64-linux-gnu/libnss_compat-2.27.so
7f636ea03000-7f636ec03000 ---p 00008000 08:01 268043                     /lib/x86_64-linux-gnu/libnss_compat-2.27.so
7f636ec03000-7f636ec04000 r--p 00008000 08:01 268043                     /lib/x86_64-linux-gnu/libnss_compat-2.27.so
7f636ec04000-7f636ec05000 rw-p 00009000 08:01 268043                     /lib/x86_64-linux-gnu/libnss_compat-2.27.so
7f636ec05000-7f636ec2e000 r-xp 00000000 08:01 1314678                    /usr/lib/jvm/java-11-openjdk-amd64/lib/libjava.so
7f636ec2e000-7f636ee2d000 ---p 00029000 08:01 1314678                    /usr/lib/jvm/java-11-openjdk-amd64/lib/libjava.so
7f636ee2d000-7f636ee2e000 r--p 00028000 08:01 1314678                    /usr/lib/jvm/java-11-openjdk-amd64/lib/libjava.so
7f636ee2e000-7f636ee30000 rw-p 00029000 08:01 1314678                    /usr/lib/jvm/java-11-openjdk-amd64/lib/libjava.so
7f636ee30000-7f636ee3d000 r-xp 00000000 08:01 1314699                    /usr/lib/jvm/java-11-openjdk-amd64/lib/libverify.so
7f636ee3d000-7f636f03c000 ---p 0000d000 08:01 1314699                    /usr/lib/jvm/java-11-openjdk-amd64/lib/libverify.so
7f636f03c000-7f636f03e000 r--p 0000c000 08:01 1314699                    /usr/lib/jvm/java-11-openjdk-amd64/lib/libverify.so
7f636f03e000-7f636f03f000 rw-p 0000e000 08:01 1314699                    /usr/lib/jvm/java-11-openjdk-amd64/lib/libverify.so
7f636f03f000-7f636f046000 r-xp 00000000 08:01 268098                     /lib/x86_64-linux-gnu/librt-2.27.so
7f636f046000-7f636f245000 ---p 00007000 08:01 268098                     /lib/x86_64-linux-gnu/librt-2.27.so
7f636f245000-7f636f246000 r--p 00006000 08:01 268098                     /lib/x86_64-linux-gnu/librt-2.27.so
7f636f246000-7f636f247000 rw-p 00007000 08:01 268098                     /lib/x86_64-linux-gnu/librt-2.27.so
7f636f247000-7f636f25e000 r-xp 00000000 08:01 262233                     /lib/x86_64-linux-gnu/libgcc_s.so.1
7f636f25e000-7f636f45d000 ---p 00017000 08:01 262233                     /lib/x86_64-linux-gnu/libgcc_s.so.1
7f636f45d000-7f636f45e000 r--p 00016000 08:01 262233                     /lib/x86_64-linux-gnu/libgcc_s.so.1
7f636f45e000-7f636f45f000 rw-p 00017000 08:01 262233                     /lib/x86_64-linux-gnu/libgcc_s.so.1
7f636f45f000-7f636f5fc000 r-xp 00000000 08:01 268020                     /lib/x86_64-linux-gnu/libm-2.27.so
7f636f5fc000-7f636f7fb000 ---p 0019d000 08:01 268020                     /lib/x86_64-linux-gnu/libm-2.27.so
7f636f7fb000-7f636f7fc000 r--p 0019c000 08:01 268020                     /lib/x86_64-linux-gnu/libm-2.27.so
7f636f7fc000-7f636f7fd000 rw-p 0019d000 08:01 268020                     /lib/x86_64-linux-gnu/libm-2.27.so
7f636f7fd000-7f636f976000 r-xp 00000000 08:01 1312803                    /usr/lib/x86_64-linux-gnu/libstdc++.so.6.0.25
7f636f976000-7f636fb76000 ---p 00179000 08:01 1312803                    /usr/lib/x86_64-linux-gnu/libstdc++.so.6.0.25
7f636fb76000-7f636fb80000 r--p 00179000 08:01 1312803                    /usr/lib/x86_64-linux-gnu/libstdc++.so.6.0.25
7f636fb80000-7f636fb82000 rw-p 00183000 08:01 1312803                    /usr/lib/x86_64-linux-gnu/libstdc++.so.6.0.25
7f636fb82000-7f636fb86000 rw-p 00000000 00:00 0 
7f636fb86000-7f6370c63000 r-xp 00000000 08:01 1314707                    /usr/lib/jvm/java-11-openjdk-amd64/lib/server/libjvm.so
7f6370c63000-7f6370e62000 ---p 010dd000 08:01 1314707                    /usr/lib/jvm/java-11-openjdk-amd64/lib/server/libjvm.so
7f6370e62000-7f6370f1f000 r--p 010dc000 08:01 1314707                    /usr/lib/jvm/java-11-openjdk-amd64/lib/server/libjvm.so
7f6370f1f000-7f6370f59000 rw-p 01199000 08:01 1314707                    /usr/lib/jvm/java-11-openjdk-amd64/lib/server/libjvm.so
7f6370f59000-7f6370faf000 rw-p 00000000 00:00 0 
7f6370faf000-7f6370fc9000 r-xp 00000000 08:01 268090                     /lib/x86_64-linux-gnu/libpthread-2.27.so
7f6370fc9000-7f63711c8000 ---p 0001a000 08:01 268090                     /lib/x86_64-linux-gnu/libpthread-2.27.so
7f63711c8000-7f63711c9000 r--p 00019000 08:01 268090                     /lib/x86_64-linux-gnu/libpthread-2.27.so
7f63711c9000-7f63711ca000 rw-p 0001a000 08:01 268090                     /lib/x86_64-linux-gnu/libpthread-2.27.so
7f63711ca000-7f63711ce000 rw-p 00000000 00:00 0 
7f63711ce000-7f63711d1000 r-xp 00000000 08:01 267980                     /lib/x86_64-linux-gnu/libdl-2.27.so
7f63711d1000-7f63713d0000 ---p 00003000 08:01 267980                     /lib/x86_64-linux-gnu/libdl-2.27.so
7f63713d0000-7f63713d1000 r--p 00002000 08:01 267980                     /lib/x86_64-linux-gnu/libdl-2.27.so
7f63713d1000-7f63713d2000 rw-p 00003000 08:01 267980                     /lib/x86_64-linux-gnu/libdl-2.27.so
7f63713d2000-7f63713ee000 r-xp 00000000 08:01 268129                     /lib/x86_64-linux-gnu/libz.so.1.2.11
7f63713ee000-7f63715ed000 ---p 0001c000 08:01 268129                     /lib/x86_64-linux-gnu/libz.so.1.2.11
7f63715ed000-7f63715ee000 r--p 0001b000 08:01 268129                     /lib/x86_64-linux-gnu/libz.so.1.2.11
7f63715ee000-7f63715ef000 rw-p 0001c000 08:01 268129                     /lib/x86_64-linux-gnu/libz.so.1.2.11
7f63715ef000-7f63717d6000 r-xp 00000000 08:01 267957                     /lib/x86_64-linux-gnu/libc-2.27.so
7f63717d6000-7f63719d6000 ---p 001e7000 08:01 267957                     /lib/x86_64-linux-gnu/libc-2.27.so
7f63719d6000-7f63719da000 r--p 001e7000 08:01 267957                     /lib/x86_64-linux-gnu/libc-2.27.so
7f63719da000-7f63719dc000 rw-p 001eb000 08:01 267957                     /lib/x86_64-linux-gnu/libc-2.27.so
7f63719dc000-7f63719e0000 rw-p 00000000 00:00 0 
7f63719e0000-7f63719f0000 r-xp 00000000 08:01 1314662                    /usr/lib/jvm/java-11-openjdk-amd64/lib/jli/libjli.so
7f63719f0000-7f6371bef000 ---p 00010000 08:01 1314662                    /usr/lib/jvm/java-11-openjdk-amd64/lib/jli/libjli.so
7f6371bef000-7f6371bf0000 r--p 0000f000 08:01 1314662                    /usr/lib/jvm/java-11-openjdk-amd64/lib/jli/libjli.so
7f6371bf0000-7f6371bf1000 rw-p 00010000 08:01 1314662                    /usr/lib/jvm/java-11-openjdk-amd64/lib/jli/libjli.so
7f6371bf1000-7f6371c18000 r-xp 00000000 08:01 267929                     /lib/x86_64-linux-gnu/ld-2.27.so
7f6371c2e000-7f6371cf8000 rw-p 00000000 00:00 0 
7f6371cf8000-7f6371cff000 ---p 00000000 00:00 0 
7f6371cff000-7f6371d03000 ---p 00000000 00:00 0 
7f6371d03000-7f6371e02000 rw-p 00000000 00:00 0 
7f6371e0a000-7f6371e0c000 r--s 00007000 08:01 1600461                    /usr/share/java/java-atk-wrapper.jar
7f6371e0c000-7f6371e14000 rw-s 00000000 08:01 1999836                    /tmp/hsperfdata_pd2/2787
7f6371e14000-7f6371e15000 ---p 00000000 00:00 0 
7f6371e15000-7f6371e16000 r--p 00000000 00:00 0 
7f6371e16000-7f6371e18000 rw-p 00000000 00:00 0 
7f6371e18000-7f6371e19000 r--p 00027000 08:01 267929                     /lib/x86_64-linux-gnu/ld-2.27.so
7f6371e19000-7f6371e1a000 rw-p 00028000 08:01 267929                     /lib/x86_64-linux-gnu/ld-2.27.so
7f6371e1a000-7f6371e1b000 rw-p 00000000 00:00 0 
7ffd8252f000-7ffd82550000 rw-p 00000000 00:00 0                          [stack]
7ffd8257e000-7ffd82581000 r--p 00000000 00:00 0                          [vvar]
7ffd82581000-7ffd82582000 r-xp 00000000 00:00 0                          [vdso]
ffffffffff600000-ffffffffff601000 --xp 00000000 00:00 0                  [vsyscall]


VM Arguments:
jvm_args: -Xverify:none 
java_command: Main
java_class_path (initial): .
Launcher Type: SUN_STANDARD

[Global flags]
     bool BytecodeVerificationLocal                = false                                     {product} {command line}
     bool BytecodeVerificationRemote               = false                                     {product} {command line}
     intx CICompilerCount                          = 2                                         {product} {ergonomic}
   size_t InitialHeapSize                          = 264241152                                 {product} {ergonomic}
   size_t MaxHeapSize                              = 4198498304                                {product} {ergonomic}
   size_t MaxNewSize                               = 1399455744                                {product} {ergonomic}
   size_t MinHeapDeltaBytes                        = 196608                                    {product} {ergonomic}
   size_t NewSize                                  = 88080384                                  {product} {ergonomic}
    uintx NonNMethodCodeHeapSize                   = 5825164                                {pd product} {ergonomic}
    uintx NonProfiledCodeHeapSize                  = 122916538                              {pd product} {ergonomic}
   size_t OldSize                                  = 176160768                                 {product} {ergonomic}
    uintx ProfiledCodeHeapSize                     = 122916538                              {pd product} {ergonomic}
    uintx ReservedCodeCacheSize                    = 251658240                              {pd product} {ergonomic}
     bool SegmentedCodeCache                       = true                                      {product} {ergonomic}
     bool UseCompressedClassPointers               = true                                 {lp64_product} {ergonomic}
     bool UseCompressedOops                        = true                                 {lp64_product} {ergonomic}
     bool UseSerialGC                              = true                                      {product} {ergonomic}

Logging:
Log output configuration:
 #0: stdout all=warning uptime,level,tags
 #1: stderr all=off uptime,level,tags

Environment Variables:
PATH=/usr/local/sbin:/usr/local/bin:/usr/sbin:/usr/bin:/sbin:/bin:/usr/games:/usr/local/games:/snap/bin
USERNAME=pd2
SHELL=/bin/bash
DISPLAY=:0

Signal Handlers:
SIGSEGV: [libjvm.so+0xdf8d00], sa_mask[0]=11111111011111111101111111111110, sa_flags=SA_RESTART|SA_SIGINFO
SIGBUS: [libjvm.so+0xdf8d00], sa_mask[0]=11111111011111111101111111111110, sa_flags=SA_RESTART|SA_SIGINFO
SIGFPE: [libjvm.so+0xdf8d00], sa_mask[0]=11111111011111111101111111111110, sa_flags=SA_RESTART|SA_SIGINFO
SIGPIPE: [libjvm.so+0xbcbc30], sa_mask[0]=11111111011111111101111111111110, sa_flags=SA_RESTART|SA_SIGINFO
SIGXFSZ: [libjvm.so+0xbcbc30], sa_mask[0]=11111111011111111101111111111110, sa_flags=SA_RESTART|SA_SIGINFO
SIGILL: [libjvm.so+0xdf8d00], sa_mask[0]=11111111011111111101111111111110, sa_flags=SA_RESTART|SA_SIGINFO
SIGUSR2: [libjvm.so+0xbcbad0], sa_mask[0]=00000000000000000000000000000000, sa_flags=SA_RESTART|SA_SIGINFO
SIGHUP: [libjvm.so+0xbcbe30], sa_mask[0]=11111111011111111101111111111110, sa_flags=SA_RESTART|SA_SIGINFO
SIGINT: [libjvm.so+0xbcbe30], sa_mask[0]=11111111011111111101111111111110, sa_flags=SA_RESTART|SA_SIGINFO
SIGTERM: [libjvm.so+0xbcbe30], sa_mask[0]=11111111011111111101111111111110, sa_flags=SA_RESTART|SA_SIGINFO
SIGQUIT: [libjvm.so+0xbcbe30], sa_mask[0]=11111111011111111101111111111110, sa_flags=SA_RESTART|SA_SIGINFO


---------------  S Y S T E M  ---------------

OS:DISTRIB_ID=Ubuntu
DISTRIB_RELEASE=18.04
DISTRIB_CODENAME=bionic
DISTRIB_DESCRIPTION="Ubuntu 18.04.4 LTS"
uname:Linux 5.3.0-53-generic #47~18.04.1-Ubuntu SMP Thu May 7 13:10:50 UTC 2020 x86_64
OS uptime: 0 days 19:27 hours
libc:glibc 2.27 NPTL 2.27 
rlimit: STACK 8192k, CORE 0k, NPROC 63867, NOFILE 4096, AS infinity, CPU infinity, DATA infinity, FSIZE infinity
load average:0.12 0.18 0.09

/proc/meminfo:
MemTotal:       16398728 kB
MemFree:        11624948 kB
MemAvailable:   14335520 kB
Buffers:           60000 kB
Cached:          2782316 kB
SwapCached:            0 kB
Active:          2996280 kB
Inactive:        1294804 kB
Active(anon):    1449824 kB
Inactive(anon):    90120 kB
Active(file):    1546456 kB
Inactive(file):  1204684 kB
Unevictable:         184 kB
Mlocked:             184 kB
SwapTotal:       1942896 kB
SwapFree:        1942896 kB
Dirty:               508 kB
Writeback:             0 kB
AnonPages:       1448936 kB
Mapped:           478612 kB
Shmem:             91180 kB
KReclaimable:     295484 kB
Slab:             340772 kB
SReclaimable:     295484 kB
SUnreclaim:        45288 kB
KernelStack:       10680 kB
PageTables:        54968 kB
NFS_Unstable:          0 kB
Bounce:                0 kB
WritebackTmp:          0 kB
CommitLimit:    10142260 kB
Committed_AS:    7203980 kB
VmallocTotal:   34359738367 kB
VmallocUsed:       45764 kB
VmallocChunk:          0 kB
Percpu:              336 kB
HardwareCorrupted:     0 kB
AnonHugePages:         0 kB
ShmemHugePages:        0 kB
ShmemPmdMapped:        0 kB
CmaTotal:              0 kB
CmaFree:               0 kB
HugePages_Total:       0
HugePages_Free:        0
HugePages_Rsvd:        0
HugePages_Surp:        0
Hugepagesize:       2048 kB
Hugetlb:               0 kB
DirectMap4k:      204736 kB
DirectMap2M:    16572416 kB


/proc/sys/kernel/threads-max (system-wide limit on the number of threads):
127734


/proc/sys/vm/max_map_count (maximum number of memory map areas a process may have):
65530


/proc/sys/kernel/pid_max (system-wide limit on number of process identifiers):
32768



container (cgroup) information:
container_type: cgroupv1
cpu_cpuset_cpus: 0
cpu_memory_nodes: 0
active_processor_count: 1
cpu_quota: -1
cpu_period: 100000
cpu_shares: -1
memory_limit_in_bytes: -1
memory_and_swap_limit_in_bytes: -2
memory_soft_limit_in_bytes: -1
memory_usage_in_bytes: 4394303488
memory_max_usage_in_bytes: 0

KVM virtualization detected
Steal ticks since vm start: 0
Steal ticks percentage since vm start:  0.000

CPU:total 1 (initial active 1) (1 cores per cpu, 1 threads per core) family 6 model 158 stepping 13, cmov, cx8, fxsr, mmx, sse, sse2, sse3, ssse3, sse4.1, sse4.2, popcnt, avx, avx2, aes, clmul, 3dnowpref, lzcnt, tsc, tscinvbit
CPU Model and flags from /proc/cpuinfo:
model name	: Intel(R) Core(TM) i7-9700F CPU @ 3.00GHz
flags		: fpu vme de pse tsc msr pae mce cx8 apic sep mtrr pge mca cmov pat pse36 clflush mmx fxsr sse sse2 ht syscall nx rdtscp lm constant_tsc rep_good nopl xtopology nonstop_tsc cpuid tsc_known_freq pni pclmulqdq monitor ssse3 cx16 pcid sse4_1 sse4_2 x2apic movbe popcnt aes xsave avx rdrand hypervisor lahf_lm abm 3dnowprefetch invpcid_single fsgsbase avx2 invpcid rdseed clflushopt md_clear flush_l1d arch_capabilities

Memory: 4k page, physical 16398728k(11624948k free), swap 1942896k(1942896k free)

vm_info: OpenJDK 64-Bit Server VM (11.0.7+10-post-Ubuntu-2ubuntu218.04) for linux-amd64 JRE (11.0.7+10-post-Ubuntu-2ubuntu218.04), built on Apr 15 2020 21:12:54 by "unknown" with gcc 7.5.0

END.
